[2025/08/06 06:48:54]--------------------------------------------------
post:Array
(
    [input_match_no] => 
    [mode] => update_match
    [end_match] => 0
    [player1_id] => 34049
    [player2_id] => 14337
    [faul1_1] => 0
    [faul1_2] => 0
    [waza1_1] => 1
    [waza1_2] => 0
    [waza1_3] => 0
    [faul2_1] => 0
    [faul2_2] => 0
    [waza2_2] => 0
    [waza2_3] => 0
    [match_time] => 
    [end01] => 対戦終了
)
get:Array
(
    [a] => 0
    [s] => 60
    [l] => 
    [t] => 2
    [m] => 1
)
session:Array
(
    [auth_input] => Array
        (
            [login] => 1
            [navi_id] => 10
            [place] => 1
            [admin] => 0
            [series] => 60
            [series_info_id] => 30
        )

    [auth] => Array
        (
            [year] => 2025
            [series_info_id] => 30
        )

)

server:Array
(
    [USER] => apache
    [HOME] => /usr/share/httpd
    [SCRIPT_NAME] => /input/kojin_result.php
    [REQUEST_URI] => /input/kojin_result.php?a=0&s=60&l=&t=2&m=1
    [QUERY_STRING] => a=0&s=60&l=&t=2&m=1
    [REQUEST_METHOD] => POST
    [SERVER_PROTOCOL] => HTTP/1.1
    [GATEWAY_INTERFACE] => CGI/1.1
    [REMOTE_PORT] => 55561
    [SCRIPT_FILENAME] => /var/www/html/input/kojin_result.php
    [SERVER_ADMIN] => root@localhost
    [CONTEXT_DOCUMENT_ROOT] => /var/www/html
    [CONTEXT_PREFIX] => 
    [REQUEST_SCHEME] => http
    [DOCUMENT_ROOT] => /var/www/html
    [REMOTE_ADDR] => 192.168.1.6
    [SERVER_PORT] => 80
    [SERVER_ADDR] => 192.168.1.50
    [SERVER_NAME] => 192.168.1.50
    [SERVER_SOFTWARE] => Apache/2.4.64 (Fedora Linux)
    [SERVER_SIGNATURE] => 
    [PATH] => /usr/local/bin:/usr/bin
    [HTTP_COOKIE] => PHPSESSID=7d020b6e1c8c1fb82c0fae6c20a66ffd
    [HTTP_ACCEPT_ENCODING] => gzip, deflate
    [HTTP_REFERER] => http://192.168.1.50/input/kojin_result.php?m=1
    [HTTP_ACCEPT_LANGUAGE] => ja;q=0.8
    [HTTP_SEC_GPC] => 1
    [HTTP_ACCEPT] => text/html,application/xhtml+xml,application/xml;q=0.9,image/avif,image/webp,image/apng,*/*;q=0.8
    [HTTP_USER_AGENT] => Mozilla/5.0 (Windows NT 10.0; Win64; x64) AppleWebKit/537.36 (KHTML, like Gecko) Chrome/138.0.0.0 Safari/537.36
    [HTTP_UPGRADE_INSECURE_REQUESTS] => 1
    [CONTENT_TYPE] => application/x-www-form-urlencoded
    [HTTP_ORIGIN] => http://192.168.1.50
    [HTTP_CACHE_CONTROL] => max-age=0
    [CONTENT_LENGTH] => 224
    [HTTP_CONNECTION] => keep-alive
    [HTTP_HOST] => 192.168.1.50
    [proxy-nokeepalive] => 1
    [UNIQUE_ID] => aJL61jb-NhmATp0ChjZotwAAAII
    [FCGI_ROLE] => RESPONDER
    [PHP_SELF] => /input/kojin_result.php
    [REQUEST_TIME_FLOAT] => 1754462934.2361
    [REQUEST_TIME] => 1754462934
)

