[2025/10/15 01:22:50] queue (1)
[2025/10/15 01:22:50]    queue (9:0:0)
[2025/10/15 01:24:10] queue (1)
[2025/10/15 01:24:10]    queue (9:0:0)
[2025/10/15 01:24:11]    queue (9:0:0)----------------
[2025/10/15 01:24:11] queue (0)
[2025/10/15 01:50:05] queue (1)
[2025/10/15 01:50:05]    queue (9:0:0)
[2025/10/15 01:50:06]    queue (9:0:0)----------------
[2025/10/15 01:50:06] queue (0)
[2025/10/15 01:54:55] queue (0)
[2025/10/15 01:55:12] queue (1)
[2025/10/15 01:55:12]    queue (9:0:0)
[2025/10/15 01:55:14]    queue (9:0:0)----------------
[2025/10/15 01:55:14] queue (0)
[2025/10/15 02:00:41] queue (1)
[2025/10/15 02:00:41]    queue (9:0:0)
[2025/10/15 02:00:42]    queue (9:0:0)----------------
[2025/10/15 02:00:42] queue (0)
[2025/10/15 02:03:32] queue (1)
[2025/10/15 02:03:32]    queue (9:0:0)
[2025/10/15 02:03:33]    queue (9:0:0)----------------
[2025/10/15 02:03:33] queue (0)
[2025/10/15 02:12:31] queue (1)
[2025/10/15 02:12:31]    queue (9:0:0)
[2025/10/15 02:12:33]    queue (9:0:0)----------------
[2025/10/15 02:12:33] queue (0)
[2025/10/15 02:16:38] queue (1)
[2025/10/15 02:16:38]    queue (9:0:0)
[2025/10/15 02:16:39]    queue (9:0:0)----------------
[2025/10/15 02:16:39] queue (0)
[2025/10/15 11:49:22] queue (1)
[2025/10/15 11:49:22]    queue (9:0:0)
[2025/10/15 11:49:23]    queue (9:0:0)----------------
[2025/10/15 11:49:23] queue (0)
[2025/10/15 12:00:11] queue (83)
[2025/10/15 12:00:11]    queue (9:1:1)
[2025/10/15 12:00:11]    queue (9:1:1)----------------
[2025/10/15 12:00:11]    queue (9:2:1)
[2025/10/15 12:00:11]    queue (9:2:1)----------------
[2025/10/15 12:00:11]    queue (9:3:1)
[2025/10/15 12:00:11]    queue (9:3:1)----------------
[2025/10/15 12:00:11]    queue (9:4:1)
[2025/10/15 12:00:11]    queue (9:4:1)----------------
[2025/10/15 12:00:11]    queue (9:1:2)
[2025/10/15 12:00:11]    queue (9:1:2)----------------
[2025/10/15 12:00:11]    queue (9:2:2)
[2025/10/15 12:00:11]    queue (9:2:2)----------------
[2025/10/15 12:00:11]    queue (9:3:2)
[2025/10/15 12:00:11]    queue (9:3:2)----------------
[2025/10/15 12:00:11]    queue (9:4:2)
[2025/10/15 12:00:11]    queue (9:4:2)----------------
[2025/10/15 12:00:11]    queue (9:1:3)
[2025/10/15 12:00:11]    queue (9:1:3)----------------
[2025/10/15 12:00:11]    queue (9:2:3)
[2025/10/15 12:00:11]    queue (9:2:3)----------------
[2025/10/15 12:00:11]    queue (9:3:3)
[2025/10/15 12:00:11]    queue (9:3:3)----------------
[2025/10/15 12:00:11]    queue (9:4:3)
[2025/10/15 12:00:11]    queue (9:4:3)----------------
[2025/10/15 12:00:11]    queue (9:1:4)
[2025/10/15 12:00:11]    queue (9:1:4)----------------
[2025/10/15 12:00:11]    queue (9:2:4)
[2025/10/15 12:00:11]    queue (9:2:4)----------------
[2025/10/15 12:00:11]    queue (9:3:4)
[2025/10/15 12:00:11]    queue (9:3:4)----------------
[2025/10/15 12:00:11]    queue (9:4:4)
[2025/10/15 12:00:11]    queue (9:4:4)----------------
[2025/10/15 12:00:11]    queue (9:1:5)
[2025/10/15 12:00:11]    queue (9:1:5)----------------
[2025/10/15 12:00:11]    queue (9:2:5)
[2025/10/15 12:00:12]    queue (9:2:5)----------------
[2025/10/15 12:00:12]    queue (9:3:5)
[2025/10/15 12:00:12]    queue (9:3:5)----------------
[2025/10/15 12:00:12]    queue (9:4:5)
[2025/10/15 12:00:12]    queue (9:4:5)----------------
[2025/10/15 12:00:12]    queue (9:1:6)
[2025/10/15 12:00:12]    queue (9:1:6)----------------
[2025/10/15 12:00:12]    queue (9:2:6)
[2025/10/15 12:00:12]    queue (9:2:6)----------------
[2025/10/15 12:00:12]    queue (9:3:6)
[2025/10/15 12:00:12]    queue (9:3:6)----------------
[2025/10/15 12:00:12]    queue (9:4:6)
[2025/10/15 12:00:12]    queue (9:4:6)----------------
[2025/10/15 12:00:12]    queue (9:1:7)
[2025/10/15 12:00:12]    queue (9:1:7)----------------
[2025/10/15 12:00:12]    queue (9:2:7)
[2025/10/15 12:00:12]    queue (9:2:7)----------------
[2025/10/15 12:00:12]    queue (9:3:7)
[2025/10/15 12:00:12]    queue (9:3:7)----------------
[2025/10/15 12:00:12]    queue (9:4:7)
[2025/10/15 12:00:12]    queue (9:4:7)----------------
[2025/10/15 12:00:12]    queue (9:1:8)
[2025/10/15 12:00:12]    queue (9:1:8)----------------
[2025/10/15 12:00:12]    queue (9:2:8)
[2025/10/15 12:00:12]    queue (9:2:8)----------------
[2025/10/15 12:00:12]    queue (9:3:8)
[2025/10/15 12:00:12]    queue (9:3:8)----------------
[2025/10/15 12:00:12]    queue (9:4:8)
[2025/10/15 12:00:12]    queue (9:4:8)----------------
[2025/10/15 12:00:12]    queue (9:1:9)
[2025/10/15 12:00:12]    queue (9:1:9)----------------
[2025/10/15 12:00:12]    queue (9:2:9)
[2025/10/15 12:00:12]    queue (9:2:9)----------------
[2025/10/15 12:00:12]    queue (9:3:9)
[2025/10/15 12:00:12]    queue (9:3:9)----------------
[2025/10/15 12:00:12]    queue (9:4:9)
[2025/10/15 12:00:12]    queue (9:4:9)----------------
[2025/10/15 12:00:12]    queue (9:1:10)
[2025/10/15 12:00:12]    queue (9:1:10)----------------
[2025/10/15 12:00:12]    queue (9:2:10)
[2025/10/15 12:00:12]    queue (9:2:10)----------------
[2025/10/15 12:00:12]    queue (9:3:10)
[2025/10/15 12:00:13]    queue (9:3:10)----------------
[2025/10/15 12:00:13]    queue (9:4:10)
[2025/10/15 12:00:13]    queue (9:4:10)----------------
[2025/10/15 12:00:13]    queue (9:1:11)
[2025/10/15 12:00:13]    queue (9:1:11)----------------
[2025/10/15 12:00:13]    queue (9:2:11)
[2025/10/15 12:00:13]    queue (9:2:11)----------------
[2025/10/15 12:00:13]    queue (9:3:11)
[2025/10/15 12:00:13]    queue (9:3:11)----------------
[2025/10/15 12:00:13]    queue (9:4:11)
[2025/10/15 12:00:13]    queue (9:4:11)----------------
[2025/10/15 12:00:13]    queue (9:1:12)
[2025/10/15 12:00:13]    queue (9:1:12)----------------
[2025/10/15 12:00:13]    queue (9:2:12)
[2025/10/15 12:00:13]    queue (9:2:12)----------------
[2025/10/15 12:00:13]    queue (9:3:12)
[2025/10/15 12:00:13]    queue (9:3:12)----------------
[2025/10/15 12:00:13]    queue (9:4:12)
[2025/10/15 12:00:13]    queue (9:4:12)----------------
[2025/10/15 12:00:13]    queue (9:1:13)
[2025/10/15 12:00:13]    queue (9:1:13)----------------
[2025/10/15 12:00:13]    queue (9:2:13)
[2025/10/15 12:00:13]    queue (9:2:13)----------------
[2025/10/15 12:00:13]    queue (9:3:13)
[2025/10/15 12:00:13]    queue (9:3:13)----------------
[2025/10/15 12:00:13]    queue (9:4:13)
[2025/10/15 12:00:13]    queue (9:4:13)----------------
[2025/10/15 12:00:13]    queue (9:1:14)
[2025/10/15 12:00:13]    queue (9:1:14)----------------
[2025/10/15 12:00:13]    queue (9:2:14)
[2025/10/15 12:00:13]    queue (9:2:14)----------------
[2025/10/15 12:00:13]    queue (9:3:14)
[2025/10/15 12:00:13]    queue (9:3:14)----------------
[2025/10/15 12:00:13]    queue (9:4:14)
[2025/10/15 12:00:13]    queue (9:4:14)----------------
[2025/10/15 12:00:13]    queue (9:1:15)
[2025/10/15 12:00:13]    queue (9:1:15)----------------
[2025/10/15 12:00:13]    queue (9:2:15)
[2025/10/15 12:00:13]    queue (9:2:15)----------------
[2025/10/15 12:00:13]    queue (9:3:15)
[2025/10/15 12:00:13]    queue (9:3:15)----------------
[2025/10/15 12:00:13]    queue (9:4:15)
[2025/10/15 12:00:13]    queue (9:4:15)----------------
[2025/10/15 12:00:13]    queue (9:1:16)
[2025/10/15 12:00:14]    queue (9:1:16)----------------
[2025/10/15 12:00:14]    queue (9:2:16)
[2025/10/15 12:00:14]    queue (9:2:16)----------------
[2025/10/15 12:00:14]    queue (9:3:16)
[2025/10/15 12:00:14]    queue (9:3:16)----------------
[2025/10/15 12:00:14]    queue (9:4:16)
[2025/10/15 12:00:14]    queue (9:4:16)----------------
[2025/10/15 12:00:14]    queue (9:1:17)
[2025/10/15 12:00:14]    queue (9:1:17)----------------
[2025/10/15 12:00:14]    queue (9:2:17)
[2025/10/15 12:00:14]    queue (9:2:17)----------------
[2025/10/15 12:00:14]    queue (9:3:17)
[2025/10/15 12:00:14]    queue (9:3:17)----------------
[2025/10/15 12:00:14]    queue (9:4:17)
[2025/10/15 12:00:14]    queue (9:4:17)----------------
[2025/10/15 12:00:14]    queue (9:1:30)
[2025/10/15 12:00:14]    queue (9:1:30)----------------
[2025/10/15 12:00:14]    queue (9:2:30)
[2025/10/15 12:00:14]    queue (9:2:30)----------------
[2025/10/15 12:00:14]    queue (9:3:30)
[2025/10/15 12:00:14]    queue (9:3:30)----------------
[2025/10/15 12:00:14]    queue (9:4:30)
[2025/10/15 12:00:14]    queue (9:4:30)----------------
[2025/10/15 12:00:14]    queue (9:1:31)
[2025/10/15 12:00:14]    queue (9:1:31)----------------
[2025/10/15 12:00:14]    queue (9:2:31)
[2025/10/15 12:00:14]    queue (9:2:31)----------------
[2025/10/15 12:00:14]    queue (9:3:31)
[2025/10/15 12:00:14]    queue (9:3:31)----------------
[2025/10/15 12:00:14]    queue (9:4:31)
[2025/10/15 12:00:14]    queue (9:4:31)----------------
[2025/10/15 12:00:14]    queue (9:1:32)
[2025/10/15 12:00:14]    queue (9:1:32)----------------
[2025/10/15 12:00:14]    queue (9:2:32)
[2025/10/15 12:00:14]    queue (9:2:32)----------------
[2025/10/15 12:00:14]    queue (9:3:32)
[2025/10/15 12:00:14]    queue (9:3:32)----------------
[2025/10/15 12:00:14]    queue (9:4:32)
[2025/10/15 12:00:14]    queue (9:4:32)----------------
[2025/10/15 12:00:14]    queue (9:1:33)
[2025/10/15 12:00:14]    queue (9:1:33)----------------
[2025/10/15 12:00:14]    queue (9:1:34)
[2025/10/15 12:00:14]    queue (9:1:34)----------------
[2025/10/15 12:00:14]    queue (9:2:34)
[2025/10/15 12:00:15]    queue (9:2:34)----------------
[2025/10/15 12:00:15] queue (0)
[2025/10/15 12:33:30] queue (83)
[2025/10/15 12:33:30]    queue (9:1:1)
[2025/10/15 12:33:30]    queue (9:1:1)----------------
[2025/10/15 12:33:30]    queue (9:2:1)
[2025/10/15 12:33:30]    queue (9:2:1)----------------
[2025/10/15 12:33:30]    queue (9:3:1)
[2025/10/15 12:33:30]    queue (9:3:1)----------------
[2025/10/15 12:33:30]    queue (9:4:1)
[2025/10/15 12:33:31]    queue (9:4:1)----------------
[2025/10/15 12:33:31]    queue (9:1:2)
[2025/10/15 12:33:31]    queue (9:1:2)----------------
[2025/10/15 12:33:31]    queue (9:2:2)
[2025/10/15 12:33:31]    queue (9:2:2)----------------
[2025/10/15 12:33:31]    queue (9:3:2)
[2025/10/15 12:33:31]    queue (9:3:2)----------------
[2025/10/15 12:33:31]    queue (9:4:2)
[2025/10/15 12:33:31]    queue (9:4:2)----------------
[2025/10/15 12:33:31]    queue (9:1:3)
[2025/10/15 12:33:31]    queue (9:1:3)----------------
[2025/10/15 12:33:31]    queue (9:2:3)
[2025/10/15 12:33:31]    queue (9:2:3)----------------
[2025/10/15 12:33:31]    queue (9:3:3)
[2025/10/15 12:33:31]    queue (9:3:3)----------------
[2025/10/15 12:33:31]    queue (9:4:3)
[2025/10/15 12:33:31]    queue (9:4:3)----------------
[2025/10/15 12:33:31]    queue (9:1:4)
[2025/10/15 12:33:31]    queue (9:1:4)----------------
[2025/10/15 12:33:31]    queue (9:2:4)
[2025/10/15 12:33:31]    queue (9:2:4)----------------
[2025/10/15 12:33:31]    queue (9:3:4)
[2025/10/15 12:33:31]    queue (9:3:4)----------------
[2025/10/15 12:33:31]    queue (9:4:4)
[2025/10/15 12:33:31]    queue (9:4:4)----------------
[2025/10/15 12:33:31]    queue (9:1:5)
[2025/10/15 12:33:31]    queue (9:1:5)----------------
[2025/10/15 12:33:31]    queue (9:2:5)
[2025/10/15 12:33:31]    queue (9:2:5)----------------
[2025/10/15 12:33:31]    queue (9:3:5)
[2025/10/15 12:33:31]    queue (9:3:5)----------------
[2025/10/15 12:33:31]    queue (9:4:5)
[2025/10/15 12:33:31]    queue (9:4:5)----------------
[2025/10/15 12:33:31]    queue (9:1:6)
[2025/10/15 12:33:31]    queue (9:1:6)----------------
[2025/10/15 12:33:31]    queue (9:2:6)
[2025/10/15 12:33:31]    queue (9:2:6)----------------
[2025/10/15 12:33:31]    queue (9:3:6)
[2025/10/15 12:33:31]    queue (9:3:6)----------------
[2025/10/15 12:33:31]    queue (9:4:6)
[2025/10/15 12:33:31]    queue (9:4:6)----------------
[2025/10/15 12:33:31]    queue (9:1:7)
[2025/10/15 12:33:31]    queue (9:1:7)----------------
[2025/10/15 12:33:31]    queue (9:2:7)
[2025/10/15 12:33:31]    queue (9:2:7)----------------
[2025/10/15 12:33:31]    queue (9:3:7)
[2025/10/15 12:33:32]    queue (9:3:7)----------------
[2025/10/15 12:33:32]    queue (9:4:7)
[2025/10/15 12:33:32]    queue (9:4:7)----------------
[2025/10/15 12:33:32]    queue (9:1:8)
[2025/10/15 12:33:32]    queue (9:1:8)----------------
[2025/10/15 12:33:32]    queue (9:2:8)
[2025/10/15 12:33:32]    queue (9:2:8)----------------
[2025/10/15 12:33:32]    queue (9:3:8)
[2025/10/15 12:33:32]    queue (9:3:8)----------------
[2025/10/15 12:33:32]    queue (9:4:8)
[2025/10/15 12:33:32]    queue (9:4:8)----------------
[2025/10/15 12:33:32]    queue (9:1:9)
[2025/10/15 12:33:32]    queue (9:1:9)----------------
[2025/10/15 12:33:32]    queue (9:2:9)
[2025/10/15 12:33:32]    queue (9:2:9)----------------
[2025/10/15 12:33:32]    queue (9:3:9)
[2025/10/15 12:33:32]    queue (9:3:9)----------------
[2025/10/15 12:33:32]    queue (9:4:9)
[2025/10/15 12:33:32]    queue (9:4:9)----------------
[2025/10/15 12:33:32]    queue (9:1:10)
[2025/10/15 12:33:32]    queue (9:1:10)----------------
[2025/10/15 12:33:32]    queue (9:2:10)
[2025/10/15 12:33:32]    queue (9:2:10)----------------
[2025/10/15 12:33:32]    queue (9:3:10)
[2025/10/15 12:33:32]    queue (9:3:10)----------------
[2025/10/15 12:33:32]    queue (9:4:10)
[2025/10/15 12:33:32]    queue (9:4:10)----------------
[2025/10/15 12:33:32]    queue (9:1:11)
[2025/10/15 12:33:32]    queue (9:1:11)----------------
[2025/10/15 12:33:32]    queue (9:2:11)
[2025/10/15 12:33:32]    queue (9:2:11)----------------
[2025/10/15 12:33:32]    queue (9:3:11)
[2025/10/15 12:33:32]    queue (9:3:11)----------------
[2025/10/15 12:33:32]    queue (9:4:11)
[2025/10/15 12:33:32]    queue (9:4:11)----------------
[2025/10/15 12:33:32]    queue (9:1:12)
[2025/10/15 12:33:32]    queue (9:1:12)----------------
[2025/10/15 12:33:32]    queue (9:2:12)
[2025/10/15 12:33:32]    queue (9:2:12)----------------
[2025/10/15 12:33:32]    queue (9:3:12)
[2025/10/15 12:33:32]    queue (9:3:12)----------------
[2025/10/15 12:33:32]    queue (9:4:12)
[2025/10/15 12:33:33]    queue (9:4:12)----------------
[2025/10/15 12:33:33]    queue (9:1:13)
[2025/10/15 12:33:33]    queue (9:1:13)----------------
[2025/10/15 12:33:33]    queue (9:2:13)
[2025/10/15 12:33:33]    queue (9:2:13)----------------
[2025/10/15 12:33:33]    queue (9:3:13)
[2025/10/15 12:33:33]    queue (9:3:13)----------------
[2025/10/15 12:33:33]    queue (9:4:13)
[2025/10/15 12:33:33]    queue (9:4:13)----------------
[2025/10/15 12:33:33]    queue (9:1:14)
[2025/10/15 12:33:33]    queue (9:1:14)----------------
[2025/10/15 12:33:33]    queue (9:2:14)
[2025/10/15 12:33:33]    queue (9:2:14)----------------
[2025/10/15 12:33:33]    queue (9:3:14)
[2025/10/15 12:33:33]    queue (9:3:14)----------------
[2025/10/15 12:33:33]    queue (9:4:14)
[2025/10/15 12:33:33]    queue (9:4:14)----------------
[2025/10/15 12:33:33]    queue (9:1:15)
[2025/10/15 12:33:33]    queue (9:1:15)----------------
[2025/10/15 12:33:33]    queue (9:2:15)
[2025/10/15 12:33:33]    queue (9:2:15)----------------
[2025/10/15 12:33:33]    queue (9:3:15)
[2025/10/15 12:33:33]    queue (9:3:15)----------------
[2025/10/15 12:33:33]    queue (9:4:15)
[2025/10/15 12:33:33]    queue (9:4:15)----------------
[2025/10/15 12:33:33]    queue (9:1:16)
[2025/10/15 12:33:33]    queue (9:1:16)----------------
[2025/10/15 12:33:33]    queue (9:2:16)
[2025/10/15 12:33:33]    queue (9:2:16)----------------
[2025/10/15 12:33:33]    queue (9:3:16)
[2025/10/15 12:33:33]    queue (9:3:16)----------------
[2025/10/15 12:33:33]    queue (9:4:16)
[2025/10/15 12:33:33]    queue (9:4:16)----------------
[2025/10/15 12:33:33]    queue (9:1:17)
[2025/10/15 12:33:33]    queue (9:1:17)----------------
[2025/10/15 12:33:33]    queue (9:2:17)
[2025/10/15 12:33:33]    queue (9:2:17)----------------
[2025/10/15 12:33:33]    queue (9:3:17)
[2025/10/15 12:33:33]    queue (9:3:17)----------------
[2025/10/15 12:33:33]    queue (9:4:17)
[2025/10/15 12:33:33]    queue (9:4:17)----------------
[2025/10/15 12:33:33]    queue (9:1:30)
[2025/10/15 12:33:33]    queue (9:1:30)----------------
[2025/10/15 12:33:33]    queue (9:2:30)
[2025/10/15 12:33:34]    queue (9:2:30)----------------
[2025/10/15 12:33:34]    queue (9:3:30)
[2025/10/15 12:33:34]    queue (9:3:30)----------------
[2025/10/15 12:33:34]    queue (9:4:30)
[2025/10/15 12:33:34]    queue (9:4:30)----------------
[2025/10/15 12:33:34]    queue (9:1:31)
[2025/10/15 12:33:34]    queue (9:1:31)----------------
[2025/10/15 12:33:34]    queue (9:2:31)
[2025/10/15 12:33:34]    queue (9:2:31)----------------
[2025/10/15 12:33:34]    queue (9:3:31)
[2025/10/15 12:33:34]    queue (9:3:31)----------------
[2025/10/15 12:33:34]    queue (9:4:31)
[2025/10/15 12:33:34]    queue (9:4:31)----------------
[2025/10/15 12:33:34]    queue (9:1:32)
[2025/10/15 12:33:34]    queue (9:1:32)----------------
[2025/10/15 12:33:34]    queue (9:2:32)
[2025/10/15 12:33:34]    queue (9:2:32)----------------
[2025/10/15 12:33:34]    queue (9:3:32)
[2025/10/15 12:33:34]    queue (9:3:32)----------------
[2025/10/15 12:33:34]    queue (9:4:32)
[2025/10/15 12:33:34]    queue (9:4:32)----------------
[2025/10/15 12:33:34]    queue (9:1:33)
[2025/10/15 12:33:34]    queue (9:1:33)----------------
[2025/10/15 12:33:34]    queue (9:1:34)
[2025/10/15 12:33:34]    queue (9:1:34)----------------
[2025/10/15 12:33:34]    queue (9:2:34)
[2025/10/15 12:33:34]    queue (9:2:34)----------------
[2025/10/15 12:33:34] queue (0)
[2025/10/15 12:53:01] queue (83)
[2025/10/15 12:53:01]    queue (9:1:1)
[2025/10/15 12:53:01]    queue (9:1:1)----------------
[2025/10/15 12:53:01]    queue (9:2:1)
[2025/10/15 12:53:01]    queue (9:2:1)----------------
[2025/10/15 12:53:01]    queue (9:3:1)
[2025/10/15 12:53:01]    queue (9:3:1)----------------
[2025/10/15 12:53:01]    queue (9:4:1)
[2025/10/15 12:53:01]    queue (9:4:1)----------------
[2025/10/15 12:53:01]    queue (9:1:2)
[2025/10/15 12:53:01]    queue (9:1:2)----------------
[2025/10/15 12:53:01]    queue (9:2:2)
[2025/10/15 12:53:01]    queue (9:2:2)----------------
[2025/10/15 12:53:01]    queue (9:3:2)
[2025/10/15 12:53:01]    queue (9:3:2)----------------
[2025/10/15 12:53:01]    queue (9:4:2)
[2025/10/15 12:53:01]    queue (9:4:2)----------------
[2025/10/15 12:53:01]    queue (9:1:3)
[2025/10/15 12:53:01]    queue (9:1:3)----------------
[2025/10/15 12:53:01]    queue (9:2:3)
[2025/10/15 12:53:01]    queue (9:2:3)----------------
[2025/10/15 12:53:01]    queue (9:3:3)
[2025/10/15 12:53:01]    queue (9:3:3)----------------
[2025/10/15 12:53:01]    queue (9:4:3)
[2025/10/15 12:53:01]    queue (9:4:3)----------------
[2025/10/15 12:53:01]    queue (9:1:4)
[2025/10/15 12:53:01]    queue (9:1:4)----------------
[2025/10/15 12:53:01]    queue (9:2:4)
[2025/10/15 12:53:01]    queue (9:2:4)----------------
[2025/10/15 12:53:01]    queue (9:3:4)
[2025/10/15 12:53:01]    queue (9:3:4)----------------
[2025/10/15 12:53:01]    queue (9:4:4)
[2025/10/15 12:53:01]    queue (9:4:4)----------------
[2025/10/15 12:53:01]    queue (9:1:5)
[2025/10/15 12:53:01]    queue (9:1:5)----------------
[2025/10/15 12:53:01]    queue (9:2:5)
[2025/10/15 12:53:01]    queue (9:2:5)----------------
[2025/10/15 12:53:01]    queue (9:3:5)
[2025/10/15 12:53:01]    queue (9:3:5)----------------
[2025/10/15 12:53:01]    queue (9:4:5)
[2025/10/15 12:53:02]    queue (9:4:5)----------------
[2025/10/15 12:53:02]    queue (9:1:6)
[2025/10/15 12:53:02]    queue (9:1:6)----------------
[2025/10/15 12:53:02]    queue (9:2:6)
[2025/10/15 12:53:02]    queue (9:2:6)----------------
[2025/10/15 12:53:02]    queue (9:3:6)
[2025/10/15 12:53:02]    queue (9:3:6)----------------
[2025/10/15 12:53:02]    queue (9:4:6)
[2025/10/15 12:53:02]    queue (9:4:6)----------------
[2025/10/15 12:53:02]    queue (9:1:7)
[2025/10/15 12:53:02]    queue (9:1:7)----------------
[2025/10/15 12:53:02]    queue (9:2:7)
[2025/10/15 12:53:02]    queue (9:2:7)----------------
[2025/10/15 12:53:02]    queue (9:3:7)
[2025/10/15 12:53:02]    queue (9:3:7)----------------
[2025/10/15 12:53:02]    queue (9:4:7)
[2025/10/15 12:53:02]    queue (9:4:7)----------------
[2025/10/15 12:53:02]    queue (9:1:8)
[2025/10/15 12:53:02]    queue (9:1:8)----------------
[2025/10/15 12:53:02]    queue (9:2:8)
[2025/10/15 12:53:02]    queue (9:2:8)----------------
[2025/10/15 12:53:02]    queue (9:3:8)
[2025/10/15 12:53:02]    queue (9:3:8)----------------
[2025/10/15 12:53:02]    queue (9:4:8)
[2025/10/15 12:53:02]    queue (9:4:8)----------------
[2025/10/15 12:53:02]    queue (9:1:9)
[2025/10/15 12:53:02]    queue (9:1:9)----------------
[2025/10/15 12:53:02]    queue (9:2:9)
[2025/10/15 12:53:02]    queue (9:2:9)----------------
[2025/10/15 12:53:02]    queue (9:3:9)
[2025/10/15 12:53:02]    queue (9:3:9)----------------
[2025/10/15 12:53:02]    queue (9:4:9)
[2025/10/15 12:53:02]    queue (9:4:9)----------------
[2025/10/15 12:53:02]    queue (9:1:10)
[2025/10/15 12:53:02]    queue (9:1:10)----------------
[2025/10/15 12:53:02]    queue (9:2:10)
[2025/10/15 12:53:02]    queue (9:2:10)----------------
[2025/10/15 12:53:02]    queue (9:3:10)
[2025/10/15 12:53:02]    queue (9:3:10)----------------
[2025/10/15 12:53:02]    queue (9:4:10)
[2025/10/15 12:53:02]    queue (9:4:10)----------------
[2025/10/15 12:53:02]    queue (9:1:11)
[2025/10/15 12:53:02]    queue (9:1:11)----------------
[2025/10/15 12:53:02]    queue (9:2:11)
[2025/10/15 12:53:03]    queue (9:2:11)----------------
[2025/10/15 12:53:03]    queue (9:3:11)
[2025/10/15 12:53:03]    queue (9:3:11)----------------
[2025/10/15 12:53:03]    queue (9:4:11)
[2025/10/15 12:53:03]    queue (9:4:11)----------------
[2025/10/15 12:53:03]    queue (9:1:12)
[2025/10/15 12:53:03]    queue (9:1:12)----------------
[2025/10/15 12:53:03]    queue (9:2:12)
[2025/10/15 12:53:03]    queue (9:2:12)----------------
[2025/10/15 12:53:03]    queue (9:3:12)
[2025/10/15 12:53:03]    queue (9:3:12)----------------
[2025/10/15 12:53:03]    queue (9:4:12)
[2025/10/15 12:53:03]    queue (9:4:12)----------------
[2025/10/15 12:53:03]    queue (9:1:13)
[2025/10/15 12:53:03]    queue (9:1:13)----------------
[2025/10/15 12:53:03]    queue (9:2:13)
[2025/10/15 12:53:03]    queue (9:2:13)----------------
[2025/10/15 12:53:03]    queue (9:3:13)
[2025/10/15 12:53:03]    queue (9:3:13)----------------
[2025/10/15 12:53:03]    queue (9:4:13)
[2025/10/15 12:53:03]    queue (9:4:13)----------------
[2025/10/15 12:53:03]    queue (9:1:14)
[2025/10/15 12:53:03]    queue (9:1:14)----------------
[2025/10/15 12:53:03]    queue (9:2:14)
[2025/10/15 12:53:03]    queue (9:2:14)----------------
[2025/10/15 12:53:03]    queue (9:3:14)
[2025/10/15 12:53:03]    queue (9:3:14)----------------
[2025/10/15 12:53:03]    queue (9:4:14)
[2025/10/15 12:53:03]    queue (9:4:14)----------------
[2025/10/15 12:53:03]    queue (9:1:15)
[2025/10/15 12:53:03]    queue (9:1:15)----------------
[2025/10/15 12:53:03]    queue (9:2:15)
[2025/10/15 12:53:03]    queue (9:2:15)----------------
[2025/10/15 12:53:03]    queue (9:3:15)
[2025/10/15 12:53:03]    queue (9:3:15)----------------
[2025/10/15 12:53:03]    queue (9:4:15)
[2025/10/15 12:53:03]    queue (9:4:15)----------------
[2025/10/15 12:53:03]    queue (9:1:16)
[2025/10/15 12:53:03]    queue (9:1:16)----------------
[2025/10/15 12:53:03]    queue (9:2:16)
[2025/10/15 12:53:03]    queue (9:2:16)----------------
[2025/10/15 12:53:03]    queue (9:3:16)
[2025/10/15 12:53:03]    queue (9:3:16)----------------
[2025/10/15 12:53:03]    queue (9:4:16)
[2025/10/15 12:53:04]    queue (9:4:16)----------------
[2025/10/15 12:53:04]    queue (9:1:17)
[2025/10/15 12:53:04]    queue (9:1:17)----------------
[2025/10/15 12:53:04]    queue (9:2:17)
[2025/10/15 12:53:04]    queue (9:2:17)----------------
[2025/10/15 12:53:04]    queue (9:3:17)
[2025/10/15 12:53:04]    queue (9:3:17)----------------
[2025/10/15 12:53:04]    queue (9:4:17)
[2025/10/15 12:53:04]    queue (9:4:17)----------------
[2025/10/15 12:53:04]    queue (9:1:30)
[2025/10/15 12:53:04]    queue (9:1:30)----------------
[2025/10/15 12:53:04]    queue (9:2:30)
[2025/10/15 12:53:04]    queue (9:2:30)----------------
[2025/10/15 12:53:04]    queue (9:3:30)
[2025/10/15 12:53:04]    queue (9:3:30)----------------
[2025/10/15 12:53:04]    queue (9:4:30)
[2025/10/15 12:53:04]    queue (9:4:30)----------------
[2025/10/15 12:53:04]    queue (9:1:31)
[2025/10/15 12:53:04]    queue (9:1:31)----------------
[2025/10/15 12:53:04]    queue (9:2:31)
[2025/10/15 12:53:04]    queue (9:2:31)----------------
[2025/10/15 12:53:04]    queue (9:3:31)
[2025/10/15 12:53:04]    queue (9:3:31)----------------
[2025/10/15 12:53:04]    queue (9:4:31)
[2025/10/15 12:53:04]    queue (9:4:31)----------------
[2025/10/15 12:53:04]    queue (9:1:32)
[2025/10/15 12:53:04]    queue (9:1:32)----------------
[2025/10/15 12:53:04]    queue (9:2:32)
[2025/10/15 12:53:04]    queue (9:2:32)----------------
[2025/10/15 12:53:04]    queue (9:3:32)
[2025/10/15 12:53:04]    queue (9:3:32)----------------
[2025/10/15 12:53:04]    queue (9:4:32)
[2025/10/15 12:53:04]    queue (9:4:32)----------------
[2025/10/15 12:53:04]    queue (9:1:33)
[2025/10/15 12:53:04]    queue (9:1:33)----------------
[2025/10/15 12:53:04]    queue (9:1:34)
[2025/10/15 12:53:04]    queue (9:1:34)----------------
[2025/10/15 12:53:04]    queue (9:2:34)
[2025/10/15 12:53:04]    queue (9:2:34)----------------
[2025/10/15 12:53:04] queue (0)
[2025/10/15 13:20:43] 1
[2025/10/15 13:20:43] SELECT * FROM `pdf_queue` WHERE `deleted_at` is null ORDER BY `id` ASC
[2025/10/15 13:20:43] queue (249)
[2025/10/15 13:20:43]    queue (9:1:1)
[2025/10/15 13:20:43]    queue (9:1:1)----------------
[2025/10/15 13:20:43]    queue (9:2:1)
[2025/10/15 13:20:43]    queue (9:2:1)----------------
[2025/10/15 13:20:43]    queue (9:3:1)
[2025/10/15 13:20:43]    queue (9:3:1)----------------
[2025/10/15 13:20:43]    queue (9:4:1)
[2025/10/15 13:20:43]    queue (9:4:1)----------------
[2025/10/15 13:20:43]    queue (9:1:2)
[2025/10/15 13:20:43]    queue (9:1:2)----------------
[2025/10/15 13:20:43]    queue (9:2:2)
[2025/10/15 13:20:44]    queue (9:2:2)----------------
[2025/10/15 13:20:44]    queue (9:3:2)
[2025/10/15 13:20:44]    queue (9:3:2)----------------
[2025/10/15 13:20:44]    queue (9:4:2)
[2025/10/15 13:20:44]    queue (9:4:2)----------------
[2025/10/15 13:20:44]    queue (9:1:3)
[2025/10/15 13:20:44]    queue (9:1:3)----------------
[2025/10/15 13:20:44]    queue (9:2:3)
[2025/10/15 13:20:44]    queue (9:2:3)----------------
[2025/10/15 13:20:44]    queue (9:3:3)
[2025/10/15 13:20:44]    queue (9:3:3)----------------
[2025/10/15 13:20:44]    queue (9:4:3)
[2025/10/15 13:20:44]    queue (9:4:3)----------------
[2025/10/15 13:20:44]    queue (9:1:4)
[2025/10/15 13:20:44]    queue (9:1:4)----------------
[2025/10/15 13:20:44]    queue (9:2:4)
[2025/10/15 13:20:44]    queue (9:2:4)----------------
[2025/10/15 13:20:44]    queue (9:3:4)
[2025/10/15 13:20:44]    queue (9:3:4)----------------
[2025/10/15 13:20:44]    queue (9:4:4)
[2025/10/15 13:20:44]    queue (9:4:4)----------------
[2025/10/15 13:20:44]    queue (9:1:5)
[2025/10/15 13:20:44]    queue (9:1:5)----------------
[2025/10/15 13:20:44]    queue (9:2:5)
[2025/10/15 13:20:44]    queue (9:2:5)----------------
[2025/10/15 13:20:44]    queue (9:3:5)
[2025/10/15 13:20:44]    queue (9:3:5)----------------
[2025/10/15 13:20:44]    queue (9:4:5)
[2025/10/15 13:20:44]    queue (9:4:5)----------------
[2025/10/15 13:20:44]    queue (9:1:6)
[2025/10/15 13:20:44]    queue (9:1:6)----------------
[2025/10/15 13:20:44]    queue (9:2:6)
[2025/10/15 13:20:44]    queue (9:2:6)----------------
[2025/10/15 13:20:44]    queue (9:3:6)
[2025/10/15 13:20:44]    queue (9:3:6)----------------
[2025/10/15 13:20:44]    queue (9:4:6)
[2025/10/15 13:20:44]    queue (9:4:6)----------------
[2025/10/15 13:20:44]    queue (9:1:7)
[2025/10/15 13:20:44]    queue (9:1:7)----------------
[2025/10/15 13:20:44]    queue (9:2:7)
[2025/10/15 13:20:44]    queue (9:2:7)----------------
[2025/10/15 13:20:44]    queue (9:3:7)
[2025/10/15 13:20:44]    queue (9:3:7)----------------
[2025/10/15 13:20:44]    queue (9:4:7)
[2025/10/15 13:20:45]    queue (9:4:7)----------------
[2025/10/15 13:20:45]    queue (9:1:8)
[2025/10/15 13:20:45]    queue (9:1:8)----------------
[2025/10/15 13:20:45]    queue (9:2:8)
[2025/10/15 13:20:45]    queue (9:2:8)----------------
[2025/10/15 13:20:45]    queue (9:3:8)
[2025/10/15 13:20:45]    queue (9:3:8)----------------
[2025/10/15 13:20:45]    queue (9:4:8)
[2025/10/15 13:20:45]    queue (9:4:8)----------------
[2025/10/15 13:20:45]    queue (9:1:9)
[2025/10/15 13:20:45]    queue (9:1:9)----------------
[2025/10/15 13:20:45]    queue (9:2:9)
[2025/10/15 13:20:45]    queue (9:2:9)----------------
[2025/10/15 13:20:45]    queue (9:3:9)
[2025/10/15 13:20:45]    queue (9:3:9)----------------
[2025/10/15 13:20:45]    queue (9:4:9)
[2025/10/15 13:20:45]    queue (9:4:9)----------------
[2025/10/15 13:20:45]    queue (9:1:10)
[2025/10/15 13:20:45]    queue (9:1:10)----------------
[2025/10/15 13:20:45]    queue (9:2:10)
[2025/10/15 13:20:45]    queue (9:2:10)----------------
[2025/10/15 13:20:45]    queue (9:3:10)
[2025/10/15 13:20:45]    queue (9:3:10)----------------
[2025/10/15 13:20:45]    queue (9:4:10)
[2025/10/15 13:20:45]    queue (9:4:10)----------------
[2025/10/15 13:20:45]    queue (9:1:11)
[2025/10/15 13:20:45]    queue (9:1:11)----------------
[2025/10/15 13:20:45]    queue (9:2:11)
[2025/10/15 13:20:45]    queue (9:2:11)----------------
[2025/10/15 13:20:45]    queue (9:3:11)
[2025/10/15 13:20:45]    queue (9:3:11)----------------
[2025/10/15 13:20:45]    queue (9:4:11)
[2025/10/15 13:20:45]    queue (9:4:11)----------------
[2025/10/15 13:20:45]    queue (9:1:12)
[2025/10/15 13:20:45]    queue (9:1:12)----------------
[2025/10/15 13:20:45]    queue (9:2:12)
[2025/10/15 13:20:45]    queue (9:2:12)----------------
[2025/10/15 13:20:45]    queue (9:3:12)
[2025/10/15 13:20:45]    queue (9:3:12)----------------
[2025/10/15 13:20:45]    queue (9:4:12)
[2025/10/15 13:20:45]    queue (9:4:12)----------------
[2025/10/15 13:20:45]    queue (9:1:13)
[2025/10/15 13:20:45]    queue (9:1:13)----------------
[2025/10/15 13:20:45]    queue (9:2:13)
[2025/10/15 13:20:46]    queue (9:2:13)----------------
[2025/10/15 13:20:46]    queue (9:3:13)
[2025/10/15 13:20:46]    queue (9:3:13)----------------
[2025/10/15 13:20:46]    queue (9:4:13)
[2025/10/15 13:20:46]    queue (9:4:13)----------------
[2025/10/15 13:20:46]    queue (9:1:14)
[2025/10/15 13:20:46]    queue (9:1:14)----------------
[2025/10/15 13:20:46]    queue (9:2:14)
[2025/10/15 13:20:46]    queue (9:2:14)----------------
[2025/10/15 13:20:46]    queue (9:3:14)
[2025/10/15 13:20:46]    queue (9:3:14)----------------
[2025/10/15 13:20:46]    queue (9:4:14)
[2025/10/15 13:20:46]    queue (9:4:14)----------------
[2025/10/15 13:20:46]    queue (9:1:15)
[2025/10/15 13:20:46]    queue (9:1:15)----------------
[2025/10/15 13:20:46]    queue (9:2:15)
[2025/10/15 13:20:46]    queue (9:2:15)----------------
[2025/10/15 13:20:46]    queue (9:3:15)
[2025/10/15 13:20:46]    queue (9:3:15)----------------
[2025/10/15 13:20:46]    queue (9:4:15)
[2025/10/15 13:20:46]    queue (9:4:15)----------------
[2025/10/15 13:20:46]    queue (9:1:16)
[2025/10/15 13:20:46]    queue (9:1:16)----------------
[2025/10/15 13:20:46]    queue (9:2:16)
[2025/10/15 13:20:46]    queue (9:2:16)----------------
[2025/10/15 13:20:46]    queue (9:3:16)
[2025/10/15 13:20:46]    queue (9:3:16)----------------
[2025/10/15 13:20:46]    queue (9:4:16)
[2025/10/15 13:20:46]    queue (9:4:16)----------------
[2025/10/15 13:20:46]    queue (9:1:17)
[2025/10/15 13:20:46]    queue (9:1:17)----------------
[2025/10/15 13:20:46]    queue (9:2:17)
[2025/10/15 13:20:46]    queue (9:2:17)----------------
[2025/10/15 13:20:46]    queue (9:3:17)
[2025/10/15 13:20:47]    queue (9:3:17)----------------
[2025/10/15 13:20:47]    queue (9:4:17)
[2025/10/15 13:20:47]    queue (9:4:17)----------------
[2025/10/15 13:20:47]    queue (9:1:30)
[2025/10/15 13:20:47]    queue (9:1:30)----------------
[2025/10/15 13:20:47]    queue (9:2:30)
[2025/10/15 13:20:47]    queue (9:2:30)----------------
[2025/10/15 13:20:47]    queue (9:3:30)
[2025/10/15 13:20:47]    queue (9:3:30)----------------
[2025/10/15 13:20:47]    queue (9:4:30)
[2025/10/15 13:20:47]    queue (9:4:30)----------------
[2025/10/15 13:20:47]    queue (9:1:31)
[2025/10/15 13:20:47]    queue (9:1:31)----------------
[2025/10/15 13:20:47]    queue (9:2:31)
[2025/10/15 13:20:47]    queue (9:2:31)----------------
[2025/10/15 13:20:47]    queue (9:3:31)
[2025/10/15 13:20:47]    queue (9:3:31)----------------
[2025/10/15 13:20:47]    queue (9:4:31)
[2025/10/15 13:20:47]    queue (9:4:31)----------------
[2025/10/15 13:20:47]    queue (9:1:32)
[2025/10/15 13:20:47]    queue (9:1:32)----------------
[2025/10/15 13:20:47]    queue (9:2:32)
[2025/10/15 13:20:47]    queue (9:2:32)----------------
[2025/10/15 13:20:47]    queue (9:3:32)
[2025/10/15 13:20:47]    queue (9:3:32)----------------
[2025/10/15 13:20:47]    queue (9:4:32)
[2025/10/15 13:20:47]    queue (9:4:32)----------------
[2025/10/15 13:20:47]    queue (9:1:33)
[2025/10/15 13:20:47]    queue (9:1:33)----------------
[2025/10/15 13:20:47]    queue (9:1:34)
[2025/10/15 13:20:47]    queue (9:1:34)----------------
[2025/10/15 13:20:47]    queue (9:2:34)
[2025/10/15 13:20:47]    queue (9:2:34)----------------
[2025/10/15 13:20:47]    queue (9:1:1)
[2025/10/15 13:20:47]    queue (9:1:1)----------------
[2025/10/15 13:20:47]    queue (9:2:1)
[2025/10/15 13:20:47]    queue (9:2:1)----------------
[2025/10/15 13:20:47]    queue (9:3:1)
[2025/10/15 13:20:47]    queue (9:3:1)----------------
[2025/10/15 13:20:47]    queue (9:4:1)
[2025/10/15 13:20:48]    queue (9:4:1)----------------
[2025/10/15 13:20:48]    queue (9:1:2)
[2025/10/15 13:20:48]    queue (9:1:2)----------------
[2025/10/15 13:20:48]    queue (9:2:2)
[2025/10/15 13:20:48]    queue (9:2:2)----------------
[2025/10/15 13:20:48]    queue (9:3:2)
[2025/10/15 13:20:48]    queue (9:3:2)----------------
[2025/10/15 13:20:48]    queue (9:4:2)
[2025/10/15 13:20:48]    queue (9:4:2)----------------
[2025/10/15 13:20:48]    queue (9:1:3)
[2025/10/15 13:20:48]    queue (9:1:3)----------------
[2025/10/15 13:20:48]    queue (9:2:3)
[2025/10/15 13:20:48]    queue (9:2:3)----------------
[2025/10/15 13:20:48]    queue (9:3:3)
[2025/10/15 13:20:48]    queue (9:3:3)----------------
[2025/10/15 13:20:48]    queue (9:4:3)
[2025/10/15 13:20:48]    queue (9:4:3)----------------
[2025/10/15 13:20:48]    queue (9:1:4)
[2025/10/15 13:20:48]    queue (9:1:4)----------------
[2025/10/15 13:20:48]    queue (9:2:4)
[2025/10/15 13:20:48]    queue (9:2:4)----------------
[2025/10/15 13:20:48]    queue (9:3:4)
[2025/10/15 13:20:48]    queue (9:3:4)----------------
[2025/10/15 13:20:48]    queue (9:4:4)
[2025/10/15 13:20:48]    queue (9:4:4)----------------
[2025/10/15 13:20:48]    queue (9:1:5)
[2025/10/15 13:20:48]    queue (9:1:5)----------------
[2025/10/15 13:20:48]    queue (9:2:5)
[2025/10/15 13:20:48]    queue (9:2:5)----------------
[2025/10/15 13:20:48]    queue (9:3:5)
[2025/10/15 13:20:48]    queue (9:3:5)----------------
[2025/10/15 13:20:48]    queue (9:4:5)
[2025/10/15 13:20:48]    queue (9:4:5)----------------
[2025/10/15 13:20:48]    queue (9:1:6)
[2025/10/15 13:20:48]    queue (9:1:6)----------------
[2025/10/15 13:20:48]    queue (9:2:6)
[2025/10/15 13:20:48]    queue (9:2:6)----------------
[2025/10/15 13:20:48]    queue (9:3:6)
[2025/10/15 13:20:48]    queue (9:3:6)----------------
[2025/10/15 13:20:48]    queue (9:4:6)
[2025/10/15 13:20:48]    queue (9:4:6)----------------
[2025/10/15 13:20:48]    queue (9:1:7)
[2025/10/15 13:20:48]    queue (9:1:7)----------------
[2025/10/15 13:20:48]    queue (9:2:7)
[2025/10/15 13:20:49]    queue (9:2:7)----------------
[2025/10/15 13:20:49]    queue (9:3:7)
[2025/10/15 13:20:49]    queue (9:3:7)----------------
[2025/10/15 13:20:49]    queue (9:4:7)
[2025/10/15 13:20:49]    queue (9:4:7)----------------
[2025/10/15 13:20:49]    queue (9:1:8)
[2025/10/15 13:20:49]    queue (9:1:8)----------------
[2025/10/15 13:20:49]    queue (9:2:8)
[2025/10/15 13:20:49]    queue (9:2:8)----------------
[2025/10/15 13:20:49]    queue (9:3:8)
[2025/10/15 13:20:49]    queue (9:3:8)----------------
[2025/10/15 13:20:49]    queue (9:4:8)
[2025/10/15 13:20:49]    queue (9:4:8)----------------
[2025/10/15 13:20:49]    queue (9:1:9)
[2025/10/15 13:20:49]    queue (9:1:9)----------------
[2025/10/15 13:20:49]    queue (9:2:9)
[2025/10/15 13:20:49]    queue (9:2:9)----------------
[2025/10/15 13:20:49]    queue (9:3:9)
[2025/10/15 13:20:49]    queue (9:3:9)----------------
[2025/10/15 13:20:49]    queue (9:4:9)
[2025/10/15 13:20:49]    queue (9:4:9)----------------
[2025/10/15 13:20:49]    queue (9:1:10)
[2025/10/15 13:20:49]    queue (9:1:10)----------------
[2025/10/15 13:20:49]    queue (9:2:10)
[2025/10/15 13:20:49]    queue (9:2:10)----------------
[2025/10/15 13:20:49]    queue (9:3:10)
[2025/10/15 13:20:49]    queue (9:3:10)----------------
[2025/10/15 13:20:49]    queue (9:4:10)
[2025/10/15 13:20:49]    queue (9:4:10)----------------
[2025/10/15 13:20:49]    queue (9:1:11)
[2025/10/15 13:20:49]    queue (9:1:11)----------------
[2025/10/15 13:20:49]    queue (9:2:11)
[2025/10/15 13:20:49]    queue (9:2:11)----------------
[2025/10/15 13:20:49]    queue (9:3:11)
[2025/10/15 13:20:49]    queue (9:3:11)----------------
[2025/10/15 13:20:49]    queue (9:4:11)
[2025/10/15 13:20:49]    queue (9:4:11)----------------
[2025/10/15 13:20:49]    queue (9:1:12)
[2025/10/15 13:20:50]    queue (9:1:12)----------------
[2025/10/15 13:20:50]    queue (9:2:12)
[2025/10/15 13:20:50]    queue (9:2:12)----------------
[2025/10/15 13:20:50]    queue (9:3:12)
[2025/10/15 13:20:50]    queue (9:3:12)----------------
[2025/10/15 13:20:50]    queue (9:4:12)
[2025/10/15 13:20:50]    queue (9:4:12)----------------
[2025/10/15 13:20:50]    queue (9:1:13)
[2025/10/15 13:20:50]    queue (9:1:13)----------------
[2025/10/15 13:20:50]    queue (9:2:13)
[2025/10/15 13:20:50]    queue (9:2:13)----------------
[2025/10/15 13:20:50]    queue (9:3:13)
[2025/10/15 13:20:50]    queue (9:3:13)----------------
[2025/10/15 13:20:50]    queue (9:4:13)
[2025/10/15 13:20:50]    queue (9:4:13)----------------
[2025/10/15 13:20:50]    queue (9:1:14)
[2025/10/15 13:20:50]    queue (9:1:14)----------------
[2025/10/15 13:20:50]    queue (9:2:14)
[2025/10/15 13:20:50]    queue (9:2:14)----------------
[2025/10/15 13:20:50]    queue (9:3:14)
[2025/10/15 13:20:50]    queue (9:3:14)----------------
[2025/10/15 13:20:50]    queue (9:4:14)
[2025/10/15 13:20:50]    queue (9:4:14)----------------
[2025/10/15 13:20:50]    queue (9:1:15)
[2025/10/15 13:20:50]    queue (9:1:15)----------------
[2025/10/15 13:20:50]    queue (9:2:15)
[2025/10/15 13:20:50]    queue (9:2:15)----------------
[2025/10/15 13:20:50]    queue (9:3:15)
[2025/10/15 13:20:50]    queue (9:3:15)----------------
[2025/10/15 13:20:50]    queue (9:4:15)
[2025/10/15 13:20:51]    queue (9:4:15)----------------
[2025/10/15 13:20:51]    queue (9:1:16)
[2025/10/15 13:20:51]    queue (9:1:16)----------------
[2025/10/15 13:20:51]    queue (9:2:16)
[2025/10/15 13:20:51]    queue (9:2:16)----------------
[2025/10/15 13:20:51]    queue (9:3:16)
[2025/10/15 13:20:51]    queue (9:3:16)----------------
[2025/10/15 13:20:51]    queue (9:4:16)
[2025/10/15 13:20:51]    queue (9:4:16)----------------
[2025/10/15 13:20:51]    queue (9:1:17)
[2025/10/15 13:20:51]    queue (9:1:17)----------------
[2025/10/15 13:20:51]    queue (9:2:17)
[2025/10/15 13:20:51]    queue (9:2:17)----------------
[2025/10/15 13:20:51]    queue (9:3:17)
[2025/10/15 13:20:51]    queue (9:3:17)----------------
[2025/10/15 13:20:51]    queue (9:4:17)
[2025/10/15 13:20:51]    queue (9:4:17)----------------
[2025/10/15 13:20:51]    queue (9:1:30)
[2025/10/15 13:20:51]    queue (9:1:30)----------------
[2025/10/15 13:20:51]    queue (9:2:30)
[2025/10/15 13:20:51]    queue (9:2:30)----------------
[2025/10/15 13:20:51]    queue (9:3:30)
[2025/10/15 13:20:51]    queue (9:3:30)----------------
[2025/10/15 13:20:51]    queue (9:4:30)
[2025/10/15 13:20:51]    queue (9:4:30)----------------
[2025/10/15 13:20:51]    queue (9:1:31)
[2025/10/15 13:20:51]    queue (9:1:31)----------------
[2025/10/15 13:20:51]    queue (9:2:31)
[2025/10/15 13:20:51]    queue (9:2:31)----------------
[2025/10/15 13:20:51]    queue (9:3:31)
[2025/10/15 13:20:51]    queue (9:3:31)----------------
[2025/10/15 13:20:51]    queue (9:4:31)
[2025/10/15 13:20:51]    queue (9:4:31)----------------
[2025/10/15 13:20:51]    queue (9:1:32)
[2025/10/15 13:20:51]    queue (9:1:32)----------------
[2025/10/15 13:20:51]    queue (9:2:32)
[2025/10/15 13:20:52]    queue (9:2:32)----------------
[2025/10/15 13:20:52]    queue (9:3:32)
[2025/10/15 13:20:52]    queue (9:3:32)----------------
[2025/10/15 13:20:52]    queue (9:4:32)
[2025/10/15 13:20:52]    queue (9:4:32)----------------
[2025/10/15 13:20:52]    queue (9:1:33)
[2025/10/15 13:20:52]    queue (9:1:33)----------------
[2025/10/15 13:20:52]    queue (9:1:34)
[2025/10/15 13:20:52]    queue (9:1:34)----------------
[2025/10/15 13:20:52]    queue (9:2:34)
[2025/10/15 13:20:52]    queue (9:2:34)----------------
[2025/10/15 13:20:52]    queue (9:1:1)
[2025/10/15 13:20:52]    queue (9:1:1)----------------
[2025/10/15 13:20:52]    queue (9:2:1)
[2025/10/15 13:20:52]    queue (9:2:1)----------------
[2025/10/15 13:20:52]    queue (9:3:1)
[2025/10/15 13:20:52]    queue (9:3:1)----------------
[2025/10/15 13:20:52]    queue (9:4:1)
[2025/10/15 13:20:52]    queue (9:4:1)----------------
[2025/10/15 13:20:52]    queue (9:1:2)
[2025/10/15 13:20:52]    queue (9:1:2)----------------
[2025/10/15 13:20:52]    queue (9:2:2)
[2025/10/15 13:20:52]    queue (9:2:2)----------------
[2025/10/15 13:20:52]    queue (9:3:2)
[2025/10/15 13:20:52]    queue (9:3:2)----------------
[2025/10/15 13:20:52]    queue (9:4:2)
[2025/10/15 13:20:52]    queue (9:4:2)----------------
[2025/10/15 13:20:52]    queue (9:1:3)
[2025/10/15 13:20:52]    queue (9:1:3)----------------
[2025/10/15 13:20:52]    queue (9:2:3)
[2025/10/15 13:20:52]    queue (9:2:3)----------------
[2025/10/15 13:20:52]    queue (9:3:3)
[2025/10/15 13:20:52]    queue (9:3:3)----------------
[2025/10/15 13:20:52]    queue (9:4:3)
[2025/10/15 13:20:52]    queue (9:4:3)----------------
[2025/10/15 13:20:52]    queue (9:1:4)
[2025/10/15 13:20:52]    queue (9:1:4)----------------
[2025/10/15 13:20:52]    queue (9:2:4)
[2025/10/15 13:20:52]    queue (9:2:4)----------------
[2025/10/15 13:20:52]    queue (9:3:4)
[2025/10/15 13:20:52]    queue (9:3:4)----------------
[2025/10/15 13:20:52]    queue (9:4:4)
[2025/10/15 13:20:53]    queue (9:4:4)----------------
[2025/10/15 13:20:53]    queue (9:1:5)
[2025/10/15 13:20:53]    queue (9:1:5)----------------
[2025/10/15 13:20:53]    queue (9:2:5)
[2025/10/15 13:20:53]    queue (9:2:5)----------------
[2025/10/15 13:20:53]    queue (9:3:5)
[2025/10/15 13:20:53]    queue (9:3:5)----------------
[2025/10/15 13:20:53]    queue (9:4:5)
[2025/10/15 13:20:53]    queue (9:4:5)----------------
[2025/10/15 13:20:53]    queue (9:1:6)
[2025/10/15 13:20:53]    queue (9:1:6)----------------
[2025/10/15 13:20:53]    queue (9:2:6)
[2025/10/15 13:20:53]    queue (9:2:6)----------------
[2025/10/15 13:20:53]    queue (9:3:6)
[2025/10/15 13:20:53]    queue (9:3:6)----------------
[2025/10/15 13:20:53]    queue (9:4:6)
[2025/10/15 13:20:53]    queue (9:4:6)----------------
[2025/10/15 13:20:53]    queue (9:1:7)
[2025/10/15 13:20:53]    queue (9:1:7)----------------
[2025/10/15 13:20:53]    queue (9:2:7)
[2025/10/15 13:20:53]    queue (9:2:7)----------------
[2025/10/15 13:20:53]    queue (9:3:7)
[2025/10/15 13:20:53]    queue (9:3:7)----------------
[2025/10/15 13:20:53]    queue (9:4:7)
[2025/10/15 13:20:53]    queue (9:4:7)----------------
[2025/10/15 13:20:53]    queue (9:1:8)
[2025/10/15 13:20:53]    queue (9:1:8)----------------
[2025/10/15 13:20:53]    queue (9:2:8)
[2025/10/15 13:20:53]    queue (9:2:8)----------------
[2025/10/15 13:20:53]    queue (9:3:8)
[2025/10/15 13:20:54]    queue (9:3:8)----------------
[2025/10/15 13:20:54]    queue (9:4:8)
[2025/10/15 13:20:54]    queue (9:4:8)----------------
[2025/10/15 13:20:54]    queue (9:1:9)
[2025/10/15 13:20:54]    queue (9:1:9)----------------
[2025/10/15 13:20:54]    queue (9:2:9)
[2025/10/15 13:20:54]    queue (9:2:9)----------------
[2025/10/15 13:20:54]    queue (9:3:9)
[2025/10/15 13:20:54]    queue (9:3:9)----------------
[2025/10/15 13:20:54]    queue (9:4:9)
[2025/10/15 13:20:54]    queue (9:4:9)----------------
[2025/10/15 13:20:54]    queue (9:1:10)
[2025/10/15 13:20:54]    queue (9:1:10)----------------
[2025/10/15 13:20:54]    queue (9:2:10)
[2025/10/15 13:20:54]    queue (9:2:10)----------------
[2025/10/15 13:20:54]    queue (9:3:10)
[2025/10/15 13:20:54]    queue (9:3:10)----------------
[2025/10/15 13:20:54]    queue (9:4:10)
[2025/10/15 13:20:54]    queue (9:4:10)----------------
[2025/10/15 13:20:54]    queue (9:1:11)
[2025/10/15 13:20:54]    queue (9:1:11)----------------
[2025/10/15 13:20:54]    queue (9:2:11)
[2025/10/15 13:20:54]    queue (9:2:11)----------------
[2025/10/15 13:20:54]    queue (9:3:11)
[2025/10/15 13:20:54]    queue (9:3:11)----------------
[2025/10/15 13:20:54]    queue (9:4:11)
[2025/10/15 13:20:54]    queue (9:4:11)----------------
[2025/10/15 13:20:54]    queue (9:1:12)
[2025/10/15 13:20:54]    queue (9:1:12)----------------
[2025/10/15 13:20:54]    queue (9:2:12)
[2025/10/15 13:20:54]    queue (9:2:12)----------------
[2025/10/15 13:20:54]    queue (9:3:12)
[2025/10/15 13:20:54]    queue (9:3:12)----------------
[2025/10/15 13:20:54]    queue (9:4:12)
[2025/10/15 13:20:55]    queue (9:4:12)----------------
[2025/10/15 13:20:55]    queue (9:1:13)
[2025/10/15 13:20:55]    queue (9:1:13)----------------
[2025/10/15 13:20:55]    queue (9:2:13)
[2025/10/15 13:20:55]    queue (9:2:13)----------------
[2025/10/15 13:20:55]    queue (9:3:13)
[2025/10/15 13:20:55]    queue (9:3:13)----------------
[2025/10/15 13:20:55]    queue (9:4:13)
[2025/10/15 13:20:55]    queue (9:4:13)----------------
[2025/10/15 13:20:55]    queue (9:1:14)
[2025/10/15 13:20:55]    queue (9:1:14)----------------
[2025/10/15 13:20:55]    queue (9:2:14)
[2025/10/15 13:20:55]    queue (9:2:14)----------------
[2025/10/15 13:20:55]    queue (9:3:14)
[2025/10/15 13:20:55]    queue (9:3:14)----------------
[2025/10/15 13:20:55]    queue (9:4:14)
[2025/10/15 13:20:55]    queue (9:4:14)----------------
[2025/10/15 13:20:55]    queue (9:1:15)
[2025/10/15 13:20:55]    queue (9:1:15)----------------
[2025/10/15 13:20:55]    queue (9:2:15)
[2025/10/15 13:20:55]    queue (9:2:15)----------------
[2025/10/15 13:20:55]    queue (9:3:15)
[2025/10/15 13:20:55]    queue (9:3:15)----------------
[2025/10/15 13:20:55]    queue (9:4:15)
[2025/10/15 13:20:55]    queue (9:4:15)----------------
[2025/10/15 13:20:55]    queue (9:1:16)
[2025/10/15 13:20:55]    queue (9:1:16)----------------
[2025/10/15 13:20:55]    queue (9:2:16)
[2025/10/15 13:20:55]    queue (9:2:16)----------------
[2025/10/15 13:20:55]    queue (9:3:16)
[2025/10/15 13:20:55]    queue (9:3:16)----------------
[2025/10/15 13:20:55]    queue (9:4:16)
[2025/10/15 13:20:56]    queue (9:4:16)----------------
[2025/10/15 13:20:56]    queue (9:1:17)
[2025/10/15 13:20:56]    queue (9:1:17)----------------
[2025/10/15 13:20:56]    queue (9:2:17)
[2025/10/15 13:20:56]    queue (9:2:17)----------------
[2025/10/15 13:20:56]    queue (9:3:17)
[2025/10/15 13:20:56]    queue (9:3:17)----------------
[2025/10/15 13:20:56]    queue (9:4:17)
[2025/10/15 13:20:56]    queue (9:4:17)----------------
[2025/10/15 13:20:56]    queue (9:1:30)
[2025/10/15 13:20:56]    queue (9:1:30)----------------
[2025/10/15 13:20:56]    queue (9:2:30)
[2025/10/15 13:20:56]    queue (9:2:30)----------------
[2025/10/15 13:20:56]    queue (9:3:30)
[2025/10/15 13:20:56]    queue (9:3:30)----------------
[2025/10/15 13:20:56]    queue (9:4:30)
[2025/10/15 13:20:56]    queue (9:4:30)----------------
[2025/10/15 13:20:56]    queue (9:1:31)
[2025/10/15 13:20:56]    queue (9:1:31)----------------
[2025/10/15 13:20:56]    queue (9:2:31)
[2025/10/15 13:20:56]    queue (9:2:31)----------------
[2025/10/15 13:20:56]    queue (9:3:31)
[2025/10/15 13:20:56]    queue (9:3:31)----------------
[2025/10/15 13:20:56]    queue (9:4:31)
[2025/10/15 13:20:56]    queue (9:4:31)----------------
[2025/10/15 13:20:56]    queue (9:1:32)
[2025/10/15 13:20:56]    queue (9:1:32)----------------
[2025/10/15 13:20:56]    queue (9:2:32)
[2025/10/15 13:20:56]    queue (9:2:32)----------------
[2025/10/15 13:20:56]    queue (9:3:32)
[2025/10/15 13:20:56]    queue (9:3:32)----------------
[2025/10/15 13:20:56]    queue (9:4:32)
[2025/10/15 13:20:56]    queue (9:4:32)----------------
[2025/10/15 13:20:56]    queue (9:1:33)
[2025/10/15 13:20:56]    queue (9:1:33)----------------
[2025/10/15 13:20:56]    queue (9:1:34)
[2025/10/15 13:20:56]    queue (9:1:34)----------------
[2025/10/15 13:20:56]    queue (9:2:34)
[2025/10/15 13:20:56]    queue (9:2:34)----------------
[2025/10/15 13:20:56] SELECT * FROM `pdf_queue` WHERE `deleted_at` is null ORDER BY `id` ASC
[2025/10/15 13:20:56] queue (0)
[2025/10/15 13:47:33] cli
[2025/10/15 13:47:33] Array
(
    [0] => kn         12048 71.4  0.2 491440 44272 pts/1    S    22:47   0:00 /usr/bin/php /var/www/html/result/pdf_queue.php
)

[2025/10/15 13:47:33] SELECT * FROM `pdf_queue` WHERE `deleted_at` is null ORDER BY `id` ASC
[2025/10/15 13:47:33] queue (166)
[2025/10/15 13:47:33]    queue (9:1:1)
[2025/10/15 13:47:33]    queue (9:1:1)----------------
[2025/10/15 13:47:33]    queue (9:2:1)
[2025/10/15 13:47:34]    queue (9:2:1)----------------
[2025/10/15 13:47:34]    queue (9:3:1)
[2025/10/15 13:47:34]    queue (9:3:1)----------------
[2025/10/15 13:47:34]    queue (9:4:1)
[2025/10/15 13:47:34]    queue (9:4:1)----------------
[2025/10/15 13:47:34]    queue (9:1:2)
[2025/10/15 13:47:34]    queue (9:1:2)----------------
[2025/10/15 13:47:34]    queue (9:2:2)
[2025/10/15 13:47:34]    queue (9:2:2)----------------
[2025/10/15 13:47:34]    queue (9:3:2)
[2025/10/15 13:47:34]    queue (9:3:2)----------------
[2025/10/15 13:47:34]    queue (9:4:2)
[2025/10/15 13:47:34]    queue (9:4:2)----------------
[2025/10/15 13:47:34]    queue (9:1:3)
[2025/10/15 13:47:34]    queue (9:1:3)----------------
[2025/10/15 13:47:34]    queue (9:2:3)
[2025/10/15 13:47:34]    queue (9:2:3)----------------
[2025/10/15 13:47:34]    queue (9:3:3)
[2025/10/15 13:47:34]    queue (9:3:3)----------------
[2025/10/15 13:47:34]    queue (9:4:3)
[2025/10/15 13:47:34]    queue (9:4:3)----------------
[2025/10/15 13:47:34]    queue (9:1:4)
[2025/10/15 13:47:34]    queue (9:1:4)----------------
[2025/10/15 13:47:34]    queue (9:2:4)
[2025/10/15 13:47:34]    queue (9:2:4)----------------
[2025/10/15 13:47:34]    queue (9:3:4)
[2025/10/15 13:47:34]    queue (9:3:4)----------------
[2025/10/15 13:47:34]    queue (9:4:4)
[2025/10/15 13:47:34]    queue (9:4:4)----------------
[2025/10/15 13:47:34]    queue (9:1:5)
[2025/10/15 13:47:34]    queue (9:1:5)----------------
[2025/10/15 13:47:34]    queue (9:2:5)
[2025/10/15 13:47:34]    queue (9:2:5)----------------
[2025/10/15 13:47:34]    queue (9:3:5)
[2025/10/15 13:47:34]    queue (9:3:5)----------------
[2025/10/15 13:47:34]    queue (9:4:5)
[2025/10/15 13:47:34]    queue (9:4:5)----------------
[2025/10/15 13:47:34]    queue (9:1:6)
[2025/10/15 13:47:34]    queue (9:1:6)----------------
[2025/10/15 13:47:34]    queue (9:2:6)
[2025/10/15 13:47:34]    queue (9:2:6)----------------
[2025/10/15 13:47:34]    queue (9:3:6)
[2025/10/15 13:47:34]    queue (9:3:6)----------------
[2025/10/15 13:47:34]    queue (9:4:6)
[2025/10/15 13:47:34]    queue (9:4:6)----------------
[2025/10/15 13:47:34]    queue (9:1:7)
[2025/10/15 13:47:34]    queue (9:1:7)----------------
[2025/10/15 13:47:34]    queue (9:2:7)
[2025/10/15 13:47:35]    queue (9:2:7)----------------
[2025/10/15 13:47:35]    queue (9:3:7)
[2025/10/15 13:47:35]    queue (9:3:7)----------------
[2025/10/15 13:47:35]    queue (9:4:7)
[2025/10/15 13:47:35]    queue (9:4:7)----------------
[2025/10/15 13:47:35]    queue (9:1:8)
[2025/10/15 13:47:35]    queue (9:1:8)----------------
[2025/10/15 13:47:35]    queue (9:2:8)
[2025/10/15 13:47:35]    queue (9:2:8)----------------
[2025/10/15 13:47:35]    queue (9:3:8)
[2025/10/15 13:47:35]    queue (9:3:8)----------------
[2025/10/15 13:47:35]    queue (9:4:8)
[2025/10/15 13:47:35]    queue (9:4:8)----------------
[2025/10/15 13:47:35]    queue (9:1:9)
[2025/10/15 13:47:35]    queue (9:1:9)----------------
[2025/10/15 13:47:35]    queue (9:2:9)
[2025/10/15 13:47:35]    queue (9:2:9)----------------
[2025/10/15 13:47:35]    queue (9:3:9)
[2025/10/15 13:47:35]    queue (9:3:9)----------------
[2025/10/15 13:47:35]    queue (9:4:9)
[2025/10/15 13:47:35]    queue (9:4:9)----------------
[2025/10/15 13:47:35]    queue (9:1:10)
[2025/10/15 13:47:35]    queue (9:1:10)----------------
[2025/10/15 13:47:35]    queue (9:2:10)
[2025/10/15 13:47:35]    queue (9:2:10)----------------
[2025/10/15 13:47:35]    queue (9:3:10)
[2025/10/15 13:47:35]    queue (9:3:10)----------------
[2025/10/15 13:47:35]    queue (9:4:10)
[2025/10/15 13:47:35]    queue (9:4:10)----------------
[2025/10/15 13:47:35]    queue (9:1:11)
[2025/10/15 13:47:35]    queue (9:1:11)----------------
[2025/10/15 13:47:35]    queue (9:2:11)
[2025/10/15 13:47:35]    queue (9:2:11)----------------
[2025/10/15 13:47:35]    queue (9:3:11)
[2025/10/15 13:47:35]    queue (9:3:11)----------------
[2025/10/15 13:47:35]    queue (9:4:11)
[2025/10/15 13:47:35]    queue (9:4:11)----------------
[2025/10/15 13:47:35]    queue (9:1:12)
[2025/10/15 13:47:35]    queue (9:1:12)----------------
[2025/10/15 13:47:35]    queue (9:2:12)
[2025/10/15 13:47:36]    queue (9:2:12)----------------
[2025/10/15 13:47:36]    queue (9:3:12)
[2025/10/15 13:47:36]    queue (9:3:12)----------------
[2025/10/15 13:47:36]    queue (9:4:12)
[2025/10/15 13:47:36]    queue (9:4:12)----------------
[2025/10/15 13:47:36]    queue (9:1:13)
[2025/10/15 13:47:36]    queue (9:1:13)----------------
[2025/10/15 13:47:36]    queue (9:2:13)
[2025/10/15 13:47:36]    queue (9:2:13)----------------
[2025/10/15 13:47:36]    queue (9:3:13)
[2025/10/15 13:47:36]    queue (9:3:13)----------------
[2025/10/15 13:47:36]    queue (9:4:13)
[2025/10/15 13:47:36]    queue (9:4:13)----------------
[2025/10/15 13:47:36]    queue (9:1:14)
[2025/10/15 13:47:36]    queue (9:1:14)----------------
[2025/10/15 13:47:36]    queue (9:2:14)
[2025/10/15 13:47:36]    queue (9:2:14)----------------
[2025/10/15 13:47:36]    queue (9:3:14)
[2025/10/15 13:47:36]    queue (9:3:14)----------------
[2025/10/15 13:47:36]    queue (9:4:14)
[2025/10/15 13:47:36]    queue (9:4:14)----------------
[2025/10/15 13:47:36]    queue (9:1:15)
[2025/10/15 13:47:36]    queue (9:1:15)----------------
[2025/10/15 13:47:36]    queue (9:2:15)
[2025/10/15 13:47:36]    queue (9:2:15)----------------
[2025/10/15 13:47:36]    queue (9:3:15)
[2025/10/15 13:47:36]    queue (9:3:15)----------------
[2025/10/15 13:47:36]    queue (9:4:15)
[2025/10/15 13:47:36]    queue (9:4:15)----------------
[2025/10/15 13:47:36]    queue (9:1:16)
[2025/10/15 13:47:36]    queue (9:1:16)----------------
[2025/10/15 13:47:36]    queue (9:2:16)
[2025/10/15 13:47:37]    queue (9:2:16)----------------
[2025/10/15 13:47:37]    queue (9:3:16)
[2025/10/15 13:47:37]    queue (9:3:16)----------------
[2025/10/15 13:47:37]    queue (9:4:16)
[2025/10/15 13:47:37]    queue (9:4:16)----------------
[2025/10/15 13:47:37]    queue (9:1:17)
[2025/10/15 13:47:37]    queue (9:1:17)----------------
[2025/10/15 13:47:37]    queue (9:2:17)
[2025/10/15 13:47:37]    queue (9:2:17)----------------
[2025/10/15 13:47:37]    queue (9:3:17)
[2025/10/15 13:47:37]    queue (9:3:17)----------------
[2025/10/15 13:47:37]    queue (9:4:17)
[2025/10/15 13:47:37]    queue (9:4:17)----------------
[2025/10/15 13:47:37]    queue (9:1:30)
[2025/10/15 13:47:37]    queue (9:1:30)----------------
[2025/10/15 13:47:37]    queue (9:2:30)
[2025/10/15 13:47:37]    queue (9:2:30)----------------
[2025/10/15 13:47:37]    queue (9:3:30)
[2025/10/15 13:47:37]    queue (9:3:30)----------------
[2025/10/15 13:47:37]    queue (9:4:30)
[2025/10/15 13:47:37]    queue (9:4:30)----------------
[2025/10/15 13:47:37]    queue (9:1:31)
[2025/10/15 13:47:37]    queue (9:1:31)----------------
[2025/10/15 13:47:37]    queue (9:2:31)
[2025/10/15 13:47:37]    queue (9:2:31)----------------
[2025/10/15 13:47:37]    queue (9:3:31)
[2025/10/15 13:47:37]    queue (9:3:31)----------------
[2025/10/15 13:47:37]    queue (9:4:31)
[2025/10/15 13:47:37]    queue (9:4:31)----------------
[2025/10/15 13:47:37]    queue (9:1:32)
[2025/10/15 13:47:37]    queue (9:1:32)----------------
[2025/10/15 13:47:37]    queue (9:2:32)
[2025/10/15 13:47:37]    queue (9:2:32)----------------
[2025/10/15 13:47:37]    queue (9:3:32)
[2025/10/15 13:47:37]    queue (9:3:32)----------------
[2025/10/15 13:47:37]    queue (9:4:32)
[2025/10/15 13:47:38]    queue (9:4:32)----------------
[2025/10/15 13:47:38]    queue (9:1:33)
[2025/10/15 13:47:38]    queue (9:1:33)----------------
[2025/10/15 13:47:38]    queue (9:1:34)
[2025/10/15 13:47:38]    queue (9:1:34)----------------
[2025/10/15 13:47:38]    queue (9:2:34)
[2025/10/15 13:47:38]    queue (9:2:34)----------------
[2025/10/15 13:47:38]    queue (9:1:1)
[2025/10/15 13:47:38]    queue (9:1:1)----------------
[2025/10/15 13:47:38]    queue (9:2:1)
[2025/10/15 13:47:38]    queue (9:2:1)----------------
[2025/10/15 13:47:38]    queue (9:3:1)
[2025/10/15 13:47:38]    queue (9:3:1)----------------
[2025/10/15 13:47:38]    queue (9:4:1)
[2025/10/15 13:47:38]    queue (9:4:1)----------------
[2025/10/15 13:47:38]    queue (9:1:2)
[2025/10/15 13:47:38]    queue (9:1:2)----------------
[2025/10/15 13:47:38]    queue (9:2:2)
[2025/10/15 13:47:38]    queue (9:2:2)----------------
[2025/10/15 13:47:38]    queue (9:3:2)
[2025/10/15 13:47:38]    queue (9:3:2)----------------
[2025/10/15 13:47:38]    queue (9:4:2)
[2025/10/15 13:47:38]    queue (9:4:2)----------------
[2025/10/15 13:47:38]    queue (9:1:3)
[2025/10/15 13:47:38]    queue (9:1:3)----------------
[2025/10/15 13:47:38]    queue (9:2:3)
[2025/10/15 13:47:38]    queue (9:2:3)----------------
[2025/10/15 13:47:38]    queue (9:3:3)
[2025/10/15 13:47:38]    queue (9:3:3)----------------
[2025/10/15 13:47:38]    queue (9:4:3)
[2025/10/15 13:47:38]    queue (9:4:3)----------------
[2025/10/15 13:47:38]    queue (9:1:4)
[2025/10/15 13:47:38]    queue (9:1:4)----------------
[2025/10/15 13:47:38]    queue (9:2:4)
[2025/10/15 13:47:39]    queue (9:2:4)----------------
[2025/10/15 13:47:39]    queue (9:3:4)
[2025/10/15 13:47:39]    queue (9:3:4)----------------
[2025/10/15 13:47:39]    queue (9:4:4)
[2025/10/15 13:47:39]    queue (9:4:4)----------------
[2025/10/15 13:47:39]    queue (9:1:5)
[2025/10/15 13:47:39]    queue (9:1:5)----------------
[2025/10/15 13:47:39]    queue (9:2:5)
[2025/10/15 13:47:39]    queue (9:2:5)----------------
[2025/10/15 13:47:39]    queue (9:3:5)
[2025/10/15 13:47:39]    queue (9:3:5)----------------
[2025/10/15 13:47:39]    queue (9:4:5)
[2025/10/15 13:47:39]    queue (9:4:5)----------------
[2025/10/15 13:47:39]    queue (9:1:6)
[2025/10/15 13:47:39]    queue (9:1:6)----------------
[2025/10/15 13:47:39]    queue (9:2:6)
[2025/10/15 13:47:39]    queue (9:2:6)----------------
[2025/10/15 13:47:39]    queue (9:3:6)
[2025/10/15 13:47:39]    queue (9:3:6)----------------
[2025/10/15 13:47:39]    queue (9:4:6)
[2025/10/15 13:47:39]    queue (9:4:6)----------------
[2025/10/15 13:47:39]    queue (9:1:7)
[2025/10/15 13:47:39]    queue (9:1:7)----------------
[2025/10/15 13:47:39]    queue (9:2:7)
[2025/10/15 13:47:39]    queue (9:2:7)----------------
[2025/10/15 13:47:39]    queue (9:3:7)
[2025/10/15 13:47:39]    queue (9:3:7)----------------
[2025/10/15 13:47:39]    queue (9:4:7)
[2025/10/15 13:47:39]    queue (9:4:7)----------------
[2025/10/15 13:47:39]    queue (9:1:8)
[2025/10/15 13:47:40]    queue (9:1:8)----------------
[2025/10/15 13:47:40]    queue (9:2:8)
[2025/10/15 13:47:40]    queue (9:2:8)----------------
[2025/10/15 13:47:40]    queue (9:3:8)
[2025/10/15 13:47:40]    queue (9:3:8)----------------
[2025/10/15 13:47:40]    queue (9:4:8)
[2025/10/15 13:47:40]    queue (9:4:8)----------------
[2025/10/15 13:47:40]    queue (9:1:9)
[2025/10/15 13:47:40]    queue (9:1:9)----------------
[2025/10/15 13:47:40]    queue (9:2:9)
[2025/10/15 13:47:40]    queue (9:2:9)----------------
[2025/10/15 13:47:40]    queue (9:3:9)
[2025/10/15 13:47:40]    queue (9:3:9)----------------
[2025/10/15 13:47:40]    queue (9:4:9)
[2025/10/15 13:47:40]    queue (9:4:9)----------------
[2025/10/15 13:47:40]    queue (9:1:10)
[2025/10/15 13:47:40]    queue (9:1:10)----------------
[2025/10/15 13:47:40]    queue (9:2:10)
[2025/10/15 13:47:40]    queue (9:2:10)----------------
[2025/10/15 13:47:40]    queue (9:3:10)
[2025/10/15 13:47:40]    queue (9:3:10)----------------
[2025/10/15 13:47:40]    queue (9:4:10)
[2025/10/15 13:47:40]    queue (9:4:10)----------------
[2025/10/15 13:47:40]    queue (9:1:11)
[2025/10/15 13:47:40]    queue (9:1:11)----------------
[2025/10/15 13:47:40]    queue (9:2:11)
[2025/10/15 13:47:40]    queue (9:2:11)----------------
[2025/10/15 13:47:40]    queue (9:3:11)
[2025/10/15 13:47:40]    queue (9:3:11)----------------
[2025/10/15 13:47:40]    queue (9:4:11)
[2025/10/15 13:47:41]    queue (9:4:11)----------------
[2025/10/15 13:47:41]    queue (9:1:12)
[2025/10/15 13:47:41]    queue (9:1:12)----------------
[2025/10/15 13:47:41]    queue (9:2:12)
[2025/10/15 13:47:41]    queue (9:2:12)----------------
[2025/10/15 13:47:41]    queue (9:3:12)
[2025/10/15 13:47:41]    queue (9:3:12)----------------
[2025/10/15 13:47:41]    queue (9:4:12)
[2025/10/15 13:47:41]    queue (9:4:12)----------------
[2025/10/15 13:47:41]    queue (9:1:13)
[2025/10/15 13:47:41]    queue (9:1:13)----------------
[2025/10/15 13:47:41]    queue (9:2:13)
[2025/10/15 13:47:41]    queue (9:2:13)----------------
[2025/10/15 13:47:41]    queue (9:3:13)
[2025/10/15 13:47:41]    queue (9:3:13)----------------
[2025/10/15 13:47:41]    queue (9:4:13)
[2025/10/15 13:47:41]    queue (9:4:13)----------------
[2025/10/15 13:47:41]    queue (9:1:14)
[2025/10/15 13:47:41]    queue (9:1:14)----------------
[2025/10/15 13:47:41]    queue (9:2:14)
[2025/10/15 13:47:41]    queue (9:2:14)----------------
[2025/10/15 13:47:41]    queue (9:3:14)
[2025/10/15 13:47:41]    queue (9:3:14)----------------
[2025/10/15 13:47:41]    queue (9:4:14)
[2025/10/15 13:47:41]    queue (9:4:14)----------------
[2025/10/15 13:47:41]    queue (9:1:15)
[2025/10/15 13:47:41]    queue (9:1:15)----------------
[2025/10/15 13:47:41]    queue (9:2:15)
[2025/10/15 13:47:41]    queue (9:2:15)----------------
[2025/10/15 13:47:41]    queue (9:3:15)
[2025/10/15 13:47:41]    queue (9:3:15)----------------
[2025/10/15 13:47:41]    queue (9:4:15)
[2025/10/15 13:47:42]    queue (9:4:15)----------------
[2025/10/15 13:47:42]    queue (9:1:16)
[2025/10/15 13:47:42]    queue (9:1:16)----------------
[2025/10/15 13:47:42]    queue (9:2:16)
[2025/10/15 13:47:42]    queue (9:2:16)----------------
[2025/10/15 13:47:42]    queue (9:3:16)
[2025/10/15 13:47:42]    queue (9:3:16)----------------
[2025/10/15 13:47:42]    queue (9:4:16)
[2025/10/15 13:47:42]    queue (9:4:16)----------------
[2025/10/15 13:47:42]    queue (9:1:17)
[2025/10/15 13:47:42]    queue (9:1:17)----------------
[2025/10/15 13:47:42]    queue (9:2:17)
[2025/10/15 13:47:42]    queue (9:2:17)----------------
[2025/10/15 13:47:42]    queue (9:3:17)
[2025/10/15 13:47:42]    queue (9:3:17)----------------
[2025/10/15 13:47:42]    queue (9:4:17)
[2025/10/15 13:47:42]    queue (9:4:17)----------------
[2025/10/15 13:47:42]    queue (9:1:30)
[2025/10/15 13:47:42]    queue (9:1:30)----------------
[2025/10/15 13:47:42]    queue (9:2:30)
[2025/10/15 13:47:42]    queue (9:2:30)----------------
[2025/10/15 13:47:42]    queue (9:3:30)
[2025/10/15 13:47:42]    queue (9:3:30)----------------
[2025/10/15 13:47:42]    queue (9:4:30)
[2025/10/15 13:47:42]    queue (9:4:30)----------------
[2025/10/15 13:47:42]    queue (9:1:31)
[2025/10/15 13:47:42]    queue (9:1:31)----------------
[2025/10/15 13:47:42]    queue (9:2:31)
[2025/10/15 13:47:42]    queue (9:2:31)----------------
[2025/10/15 13:47:42]    queue (9:3:31)
[2025/10/15 13:47:42]    queue (9:3:31)----------------
[2025/10/15 13:47:42]    queue (9:4:31)
[2025/10/15 13:47:42]    queue (9:4:31)----------------
[2025/10/15 13:47:42]    queue (9:1:32)
[2025/10/15 13:47:43]    queue (9:1:32)----------------
[2025/10/15 13:47:43]    queue (9:2:32)
[2025/10/15 13:47:43]    queue (9:2:32)----------------
[2025/10/15 13:47:43]    queue (9:3:32)
[2025/10/15 13:47:43]    queue (9:3:32)----------------
[2025/10/15 13:47:43]    queue (9:4:32)
[2025/10/15 13:47:43]    queue (9:4:32)----------------
[2025/10/15 13:47:43]    queue (9:1:33)
[2025/10/15 13:47:43]    queue (9:1:33)----------------
[2025/10/15 13:47:43]    queue (9:1:34)
[2025/10/15 13:47:43]    queue (9:1:34)----------------
[2025/10/15 13:47:43]    queue (9:2:34)
[2025/10/15 13:47:43]    queue (9:2:34)----------------
[2025/10/15 13:47:43] SELECT * FROM `pdf_queue` WHERE `deleted_at` is null ORDER BY `id` ASC
[2025/10/15 13:47:43] queue (0)
