[2025/10/17 12:49:56] cli
[2025/10/17 12:49:56] SELECT * FROM `pdf_queue` WHERE `deleted_at` is null ORDER BY `id` ASC
[2025/10/17 12:49:56] queue (1)
[2025/10/17 12:49:56]    queue (9:0:0)
[2025/10/17 12:50:53] cli
[2025/10/17 12:50:53] Array
(
    [0] => kn         10647 71.4  0.2 493008 45616 pts/1    S+   21:50   0:00 /usr/bin/php /var/www/html/result/pdf_queue.php
)

[2025/10/17 12:50:53] SELECT * FROM `pdf_queue` WHERE `deleted_at` is null ORDER BY `id` ASC
[2025/10/17 12:50:53] queue (1)
[2025/10/17 12:50:53]    queue (9:0:0)
[2025/10/17 12:50:55]    queue (9:0:0)----------------
[2025/10/17 12:50:55] SELECT * FROM `pdf_queue` WHERE `deleted_at` is null ORDER BY `id` ASC
[2025/10/17 12:50:55] queue (0)
[2025/10/17 13:00:04] cli
[2025/10/17 13:00:04] SELECT * FROM `pdf_queue` WHERE `deleted_at` is null ORDER BY `id` ASC
[2025/10/17 13:00:04] queue (1)
[2025/10/17 13:00:04]    queue (9:0:0)
[2025/10/17 13:00:06]    queue (9:0:0)----------------
[2025/10/17 13:00:06] SELECT * FROM `pdf_queue` WHERE `deleted_at` is null ORDER BY `id` ASC
[2025/10/17 13:00:06] queue (0)
[2025/10/17 13:21:33] cli
[2025/10/17 13:21:33] SELECT * FROM `pdf_queue` WHERE `deleted_at` is null ORDER BY `id` ASC
[2025/10/17 13:21:33] queue (1)
[2025/10/17 13:21:33]    queue (9:0:0)
[2025/10/17 13:21:34]    queue (9:0:0)----------------
[2025/10/17 13:21:34] SELECT * FROM `pdf_queue` WHERE `deleted_at` is null ORDER BY `id` ASC
[2025/10/17 13:21:34] queue (0)
[2025/10/17 16:10:55] cli
[2025/10/17 16:10:55] SELECT * FROM `pdf_queue` WHERE `deleted_at` is null ORDER BY `id` ASC
[2025/10/17 16:10:55] queue (1)
[2025/10/17 16:10:55]    queue (9:0:0)
[2025/10/17 16:10:56]    queue (9:0:0)----------------
[2025/10/17 16:10:56] SELECT * FROM `pdf_queue` WHERE `deleted_at` is null ORDER BY `id` ASC
[2025/10/17 16:10:56] queue (0)
[2025/10/17 18:59:03] cli
[2025/10/17 18:59:03] SELECT * FROM `pdf_queue` WHERE `deleted_at` is null ORDER BY `id` ASC
[2025/10/17 18:59:03] queue (3)
[2025/10/17 18:59:03]    queue (9:1:1)
[2025/10/17 18:59:04]    queue (9:1:1)----------------
[2025/10/17 18:59:04]    queue (9:1:1)
[2025/10/17 18:59:04]    queue (9:1:1)----------------
[2025/10/17 18:59:04]    queue (9:1:1)
[2025/10/17 18:59:04]    queue (9:1:1)----------------
[2025/10/17 18:59:04] SELECT * FROM `pdf_queue` WHERE `deleted_at` is null ORDER BY `id` ASC
[2025/10/17 18:59:04] queue (0)
[2025/10/17 19:05:55] cli
[2025/10/17 19:05:55] SELECT * FROM `pdf_queue` WHERE `deleted_at` is null ORDER BY `id` ASC
[2025/10/17 19:05:55] queue (1)
[2025/10/17 19:05:55]    queue (9:1:1)
[2025/10/17 19:05:55]    queue (9:1:1)----------------
[2025/10/17 19:05:55] SELECT * FROM `pdf_queue` WHERE `deleted_at` is null ORDER BY `id` ASC
[2025/10/17 19:05:55] queue (0)
[2025/10/17 19:08:26] cli
[2025/10/17 19:08:26] SELECT * FROM `pdf_queue` WHERE `deleted_at` is null ORDER BY `id` ASC
[2025/10/17 19:08:26] queue (1)
[2025/10/17 19:08:26]    queue (9:1:1)
[2025/10/17 19:08:26]    queue (9:1:1)----------------
[2025/10/17 19:08:26] SELECT * FROM `pdf_queue` WHERE `deleted_at` is null ORDER BY `id` ASC
[2025/10/17 19:08:26] queue (0)
[2025/10/17 19:17:07] cli
[2025/10/17 19:17:07] SELECT * FROM `pdf_queue` WHERE `deleted_at` is null ORDER BY `id` ASC
[2025/10/17 19:17:07] queue (0)
[2025/10/17 19:18:20] cli
[2025/10/17 19:18:20] SELECT * FROM `pdf_queue` WHERE `deleted_at` is null ORDER BY `id` ASC
[2025/10/17 19:18:20] queue (1)
[2025/10/17 19:18:20]    queue (9:1:2)
[2025/10/17 19:18:20]    queue (9:1:2)----------------
[2025/10/17 19:18:20] SELECT * FROM `pdf_queue` WHERE `deleted_at` is null ORDER BY `id` ASC
[2025/10/17 19:18:20] queue (0)
[2025/10/17 19:23:25] cli
[2025/10/17 19:23:25] SELECT * FROM `pdf_queue` WHERE `deleted_at` is null ORDER BY `id` ASC
[2025/10/17 19:23:25] queue (2)
[2025/10/17 19:23:25]    queue (9:1:2)
[2025/10/17 19:23:25]    queue (9:1:2)----------------
[2025/10/17 19:23:25]    queue (9:1:1)
[2025/10/17 19:23:25]    queue (9:1:1)----------------
[2025/10/17 19:23:25] SELECT * FROM `pdf_queue` WHERE `deleted_at` is null ORDER BY `id` ASC
[2025/10/17 19:23:25] queue (0)
[2025/10/17 19:25:08] cli
[2025/10/17 19:25:08] SELECT * FROM `pdf_queue` WHERE `deleted_at` is null ORDER BY `id` ASC
[2025/10/17 19:25:08] queue (2)
[2025/10/17 19:25:08]    queue (9:1:2)
[2025/10/17 19:25:08]    queue (9:1:2)----------------
[2025/10/17 19:25:08]    queue (9:1:1)
[2025/10/17 19:25:08]    queue (9:1:1)----------------
[2025/10/17 19:25:08] SELECT * FROM `pdf_queue` WHERE `deleted_at` is null ORDER BY `id` ASC
[2025/10/17 19:25:08] queue (0)
[2025/10/17 19:27:04] cli
[2025/10/17 19:27:04] SELECT * FROM `pdf_queue` WHERE `deleted_at` is null ORDER BY `id` ASC
[2025/10/17 19:27:04] queue (1)
[2025/10/17 19:27:04]    queue (9:0:0)
[2025/10/17 19:27:05]    queue (9:0:0)----------------
[2025/10/17 19:27:05] SELECT * FROM `pdf_queue` WHERE `deleted_at` is null ORDER BY `id` ASC
[2025/10/17 19:27:05] queue (0)
[2025/10/17 19:27:46] cli
[2025/10/17 19:27:46] SELECT * FROM `pdf_queue` WHERE `deleted_at` is null ORDER BY `id` ASC
[2025/10/17 19:27:46] queue (83)
[2025/10/17 19:27:46]    queue (9:1:1)
[2025/10/17 19:27:46]    queue (9:1:1)----------------
[2025/10/17 19:27:46]    queue (9:2:1)
[2025/10/17 19:27:47]    queue (9:2:1)----------------
[2025/10/17 19:27:47]    queue (9:3:1)
[2025/10/17 19:27:47]    queue (9:3:1)----------------
[2025/10/17 19:27:47]    queue (9:4:1)
[2025/10/17 19:27:47]    queue (9:4:1)----------------
[2025/10/17 19:27:47]    queue (9:1:2)
[2025/10/17 19:27:47]    queue (9:1:2)----------------
[2025/10/17 19:27:47]    queue (9:2:2)
[2025/10/17 19:27:47]    queue (9:2:2)----------------
[2025/10/17 19:27:47]    queue (9:3:2)
[2025/10/17 19:27:48]    queue (9:3:2)----------------
[2025/10/17 19:27:48]    queue (9:4:2)
[2025/10/17 19:27:48]    queue (9:4:2)----------------
[2025/10/17 19:27:48]    queue (9:1:3)
[2025/10/17 19:27:48]    queue (9:1:3)----------------
[2025/10/17 19:27:48]    queue (9:2:3)
[2025/10/17 19:27:48]    queue (9:2:3)----------------
[2025/10/17 19:27:48]    queue (9:3:3)
[2025/10/17 19:27:48]    queue (9:3:3)----------------
[2025/10/17 19:27:48]    queue (9:4:3)
[2025/10/17 19:27:48]    queue (9:4:3)----------------
[2025/10/17 19:27:48]    queue (9:1:4)
[2025/10/17 19:27:49]    queue (9:1:4)----------------
[2025/10/17 19:27:49]    queue (9:2:4)
[2025/10/17 19:27:49]    queue (9:2:4)----------------
[2025/10/17 19:27:49]    queue (9:3:4)
[2025/10/17 19:27:49]    queue (9:3:4)----------------
[2025/10/17 19:27:49]    queue (9:4:4)
[2025/10/17 19:27:49]    queue (9:4:4)----------------
[2025/10/17 19:27:49]    queue (9:1:5)
[2025/10/17 19:27:49]    queue (9:1:5)----------------
[2025/10/17 19:27:49]    queue (9:2:5)
[2025/10/17 19:27:50]    queue (9:2:5)----------------
[2025/10/17 19:27:50]    queue (9:3:5)
[2025/10/17 19:27:50]    queue (9:3:5)----------------
[2025/10/17 19:27:50]    queue (9:4:5)
[2025/10/17 19:27:50]    queue (9:4:5)----------------
[2025/10/17 19:27:50]    queue (9:1:6)
[2025/10/17 19:27:50]    queue (9:1:6)----------------
[2025/10/17 19:27:50]    queue (9:2:6)
[2025/10/17 19:27:50]    queue (9:2:6)----------------
[2025/10/17 19:27:50]    queue (9:3:6)
[2025/10/17 19:27:51]    queue (9:3:6)----------------
[2025/10/17 19:27:51]    queue (9:4:6)
[2025/10/17 19:27:51]    queue (9:4:6)----------------
[2025/10/17 19:27:51]    queue (9:1:7)
[2025/10/17 19:27:51]    queue (9:1:7)----------------
[2025/10/17 19:27:51]    queue (9:2:7)
[2025/10/17 19:27:51]    queue (9:2:7)----------------
[2025/10/17 19:27:51]    queue (9:3:7)
[2025/10/17 19:27:51]    queue (9:3:7)----------------
[2025/10/17 19:27:51]    queue (9:4:7)
[2025/10/17 19:27:51]    queue (9:4:7)----------------
[2025/10/17 19:27:51]    queue (9:1:8)
[2025/10/17 19:27:52]    queue (9:1:8)----------------
[2025/10/17 19:27:52]    queue (9:2:8)
[2025/10/17 19:27:52]    queue (9:2:8)----------------
[2025/10/17 19:27:52]    queue (9:3:8)
[2025/10/17 19:27:52]    queue (9:3:8)----------------
[2025/10/17 19:27:52]    queue (9:4:8)
[2025/10/17 19:27:52]    queue (9:4:8)----------------
[2025/10/17 19:27:52]    queue (9:1:9)
[2025/10/17 19:27:52]    queue (9:1:9)----------------
[2025/10/17 19:27:52]    queue (9:2:9)
[2025/10/17 19:27:53]    queue (9:2:9)----------------
[2025/10/17 19:27:53]    queue (9:3:9)
[2025/10/17 19:27:53]    queue (9:3:9)----------------
[2025/10/17 19:27:53]    queue (9:4:9)
[2025/10/17 19:27:53]    queue (9:4:9)----------------
[2025/10/17 19:27:53]    queue (9:1:10)
[2025/10/17 19:27:53]    queue (9:1:10)----------------
[2025/10/17 19:27:53]    queue (9:2:10)
[2025/10/17 19:27:53]    queue (9:2:10)----------------
[2025/10/17 19:27:53]    queue (9:3:10)
[2025/10/17 19:27:54]    queue (9:3:10)----------------
[2025/10/17 19:27:54]    queue (9:4:10)
[2025/10/17 19:27:54]    queue (9:4:10)----------------
[2025/10/17 19:27:54]    queue (9:1:11)
[2025/10/17 19:27:54]    queue (9:1:11)----------------
[2025/10/17 19:27:54]    queue (9:2:11)
[2025/10/17 19:27:54]    queue (9:2:11)----------------
[2025/10/17 19:27:54]    queue (9:3:11)
[2025/10/17 19:27:54]    queue (9:3:11)----------------
[2025/10/17 19:27:54]    queue (9:4:11)
[2025/10/17 19:27:55]    queue (9:4:11)----------------
[2025/10/17 19:27:55]    queue (9:1:12)
[2025/10/17 19:27:55]    queue (9:1:12)----------------
[2025/10/17 19:27:55]    queue (9:2:12)
[2025/10/17 19:27:55]    queue (9:2:12)----------------
[2025/10/17 19:27:55]    queue (9:3:12)
[2025/10/17 19:27:55]    queue (9:3:12)----------------
[2025/10/17 19:27:55]    queue (9:4:12)
[2025/10/17 19:27:55]    queue (9:4:12)----------------
[2025/10/17 19:27:55]    queue (9:1:13)
[2025/10/17 19:27:55]    queue (9:1:13)----------------
[2025/10/17 19:27:55]    queue (9:2:13)
[2025/10/17 19:27:56]    queue (9:2:13)----------------
[2025/10/17 19:27:56]    queue (9:3:13)
[2025/10/17 19:27:56]    queue (9:3:13)----------------
[2025/10/17 19:27:56]    queue (9:4:13)
[2025/10/17 19:27:56]    queue (9:4:13)----------------
[2025/10/17 19:27:56]    queue (9:1:14)
[2025/10/17 19:27:56]    queue (9:1:14)----------------
[2025/10/17 19:27:56]    queue (9:2:14)
[2025/10/17 19:27:56]    queue (9:2:14)----------------
[2025/10/17 19:27:56]    queue (9:3:14)
[2025/10/17 19:27:57]    queue (9:3:14)----------------
[2025/10/17 19:27:57]    queue (9:4:14)
[2025/10/17 19:27:57]    queue (9:4:14)----------------
[2025/10/17 19:27:57]    queue (9:1:15)
[2025/10/17 19:27:57]    queue (9:1:15)----------------
[2025/10/17 19:27:57]    queue (9:2:15)
[2025/10/17 19:27:57]    queue (9:2:15)----------------
[2025/10/17 19:27:57]    queue (9:3:15)
[2025/10/17 19:27:57]    queue (9:3:15)----------------
[2025/10/17 19:27:57]    queue (9:4:15)
[2025/10/17 19:27:57]    queue (9:4:15)----------------
[2025/10/17 19:27:57]    queue (9:1:16)
[2025/10/17 19:27:58]    queue (9:1:16)----------------
[2025/10/17 19:27:58]    queue (9:2:16)
[2025/10/17 19:27:58]    queue (9:2:16)----------------
[2025/10/17 19:27:58]    queue (9:3:16)
[2025/10/17 19:27:58]    queue (9:3:16)----------------
[2025/10/17 19:27:58]    queue (9:4:16)
[2025/10/17 19:27:58]    queue (9:4:16)----------------
[2025/10/17 19:27:58]    queue (9:1:17)
[2025/10/17 19:27:58]    queue (9:1:17)----------------
[2025/10/17 19:27:58]    queue (9:2:17)
[2025/10/17 19:27:59]    queue (9:2:17)----------------
[2025/10/17 19:27:59]    queue (9:3:17)
[2025/10/17 19:27:59]    queue (9:3:17)----------------
[2025/10/17 19:27:59]    queue (9:4:17)
[2025/10/17 19:27:59]    queue (9:4:17)----------------
[2025/10/17 19:27:59]    queue (9:1:30)
[2025/10/17 19:27:59]    queue (9:1:30)----------------
[2025/10/17 19:27:59]    queue (9:2:30)
[2025/10/17 19:27:59]    queue (9:2:30)----------------
[2025/10/17 19:27:59]    queue (9:3:30)
[2025/10/17 19:28:00]    queue (9:3:30)----------------
[2025/10/17 19:28:00]    queue (9:4:30)
[2025/10/17 19:28:00]    queue (9:4:30)----------------
[2025/10/17 19:28:00]    queue (9:1:31)
[2025/10/17 19:28:00]    queue (9:1:31)----------------
[2025/10/17 19:28:00]    queue (9:2:31)
[2025/10/17 19:28:00]    queue (9:2:31)----------------
[2025/10/17 19:28:00]    queue (9:3:31)
[2025/10/17 19:28:00]    queue (9:3:31)----------------
[2025/10/17 19:28:00]    queue (9:4:31)
[2025/10/17 19:28:01]    queue (9:4:31)----------------
[2025/10/17 19:28:01]    queue (9:1:32)
[2025/10/17 19:28:01]    queue (9:1:32)----------------
[2025/10/17 19:28:01]    queue (9:2:32)
[2025/10/17 19:28:01]    queue (9:2:32)----------------
[2025/10/17 19:28:01]    queue (9:3:32)
[2025/10/17 19:28:01]    queue (9:3:32)----------------
[2025/10/17 19:28:01]    queue (9:4:32)
[2025/10/17 19:28:01]    queue (9:4:32)----------------
[2025/10/17 19:28:01]    queue (9:1:33)
[2025/10/17 19:28:02]    queue (9:1:33)----------------
[2025/10/17 19:28:02]    queue (9:1:34)
[2025/10/17 19:28:02]    queue (9:1:34)----------------
[2025/10/17 19:28:02]    queue (9:2:34)
[2025/10/17 19:28:02]    queue (9:2:34)----------------
[2025/10/17 19:28:02] SELECT * FROM `pdf_queue` WHERE `deleted_at` is null ORDER BY `id` ASC
[2025/10/17 19:28:02] queue (0)
