[2025/10/25 15:37:08]--------------------------------------------------
post:Array
(
)
get:Array
(
    [n] => 1
    [p] => 3
    [v] => 12
)
files:Array
(
)

[2025/10/25 15:37:40]--------------------------------------------------
post:Array
(
)
get:Array
(
    [n] => 1
    [p] => 3
    [v] => 12
)
files:Array
(
)

[2025/10/25 15:37:42]--------------------------------------------------
post:Array
(
)
get:Array
(
    [n] => 1
    [p] => 3
    [v] => 12
)
files:Array
(
)

[2025/10/25 15:37:45]--------------------------------------------------
post:Array
(
)
get:Array
(
    [n] => 1
    [p] => 3
    [v] => 12
)
files:Array
(
)

[2025/10/25 15:37:48]--------------------------------------------------
post:Array
(
)
get:Array
(
    [n] => 1
    [p] => 3
    [v] => 12
)
files:Array
(
)

[2025/10/25 15:37:52]--------------------------------------------------
post:Array
(
)
get:Array
(
    [n] => 1
    [p] => 3
    [v] => 12
)
files:Array
(
)

[2025/10/25 15:37:55]--------------------------------------------------
post:Array
(
)
get:Array
(
    [n] => 1
    [p] => 3
    [v] => 12
)
files:Array
(
)

[2025/10/25 15:38:17]--------------------------------------------------
post:Array
(
)
get:Array
(
    [n] => 1
    [p] => 3
    [v] => 12
)
files:Array
(
)

[2025/10/25 15:44:04]--------------------------------------------------
post:Array
(
)
get:Array
(
    [n] => 1
    [p] => 1
    [v] => 12
)
files:Array
(
)

[2025/10/25 16:01:06]--------------------------------------------------
post:Array
(
)
get:Array
(
    [n] => 1
    [p] => 3
    [v] => 12
)
files:Array
(
)

[2025/10/25 16:01:11]--------------------------------------------------
post:Array
(
)
get:Array
(
    [n] => 1
    [p] => 3
    [v] => 12
)
files:Array
(
)

[2025/10/25 16:22:23]--------------------------------------------------
post:Array
(
)
get:Array
(
    [n] => 1
    [p] => 3
    [v] => 12
)
files:Array
(
)

[2025/10/25 16:22:27]--------------------------------------------------
post:Array
(
)
get:Array
(
    [n] => 1
    [p] => 3
    [v] => 12
)
files:Array
(
)

[2025/10/25 18:24:20]--------------------------------------------------
post:Array
(
)
get:Array
(
    [n] => 1
    [p] => 1
    [v] => 12
)
files:Array
(
)

[2025/10/25 18:24:29]--------------------------------------------------
post:Array
(
)
get:Array
(
    [n] => 1
    [p] => 1
    [v] => 12
)
files:Array
(
)

[2025/10/25 18:32:50]--------------------------------------------------
post:Array
(
)
get:Array
(
    [n] => 1
    [p] => 1
    [v] => 12
)
files:Array
(
)

[2025/10/25 18:32:52]--------------------------------------------------
post:Array
(
)
get:Array
(
    [n] => 1
    [p] => 1
    [v] => 12
)
files:Array
(
)

[2025/10/25 18:40:55]--------------------------------------------------
post:Array
(
)
get:Array
(
    [n] => 1
    [p] => 1
    [v] => 12
)
files:Array
(
)

[2025/10/25 18:40:58]--------------------------------------------------
post:Array
(
)
get:Array
(
    [n] => 1
    [p] => 1
    [v] => 12
)
files:Array
(
)

[2025/10/25 18:42:25]--------------------------------------------------
post:Array
(
)
get:Array
(
    [n] => 1
    [p] => 1
    [v] => 12
)
files:Array
(
)

