[2025/10/13 20:25:28]--------------------------------------------------
post:Array
(
)
get:Array
(
    [n] => 1
    [p] => 4
    [v] => 9
)
files:Array
(
)

[2025/10/13 20:25:50]--------------------------------------------------
post:Array
(
)
get:Array
(
    [n] => 1
    [p] => 4
    [v] => 9
)
files:Array
(
)

[2025/10/13 20:26:44]--------------------------------------------------
post:Array
(
)
get:Array
(
    [n] => 1
    [p] => 4
    [v] => 9
)
files:Array
(
)

[2025/10/13 21:04:57]--------------------------------------------------
post:Array
(
)
get:Array
(
    [n] => 1
    [p] => 4
    [v] => 9
)
files:Array
(
)

[2025/10/13 23:47:54]--------------------------------------------------
post:Array
(
)
get:Array
(
    [n] => 1
    [p] => 1
    [v] => 9
)
files:Array
(
)

[2025/10/13 23:48:04]--------------------------------------------------
post:Array
(
)
get:Array
(
    [n] => 1
    [p] => 1
    [v] => 9
)
files:Array
(
)

[2025/10/13 23:48:56]--------------------------------------------------
post:Array
(
)
get:Array
(
    [n] => 1
    [p] => 1
    [v] => 9
)
files:Array
(
)

[2025/10/13 23:48:56]--------------------------------------------------
post:Array
(
)
get:Array
(
    [n] => 1
    [p] => 1
    [v] => 9
)
files:Array
(
)

[2025/10/13 23:53:34]--------------------------------------------------
post:Array
(
)
get:Array
(
    [n] => 1
    [p] => 1
    [v] => 9
)
files:Array
(
)

[2025/10/13 23:53:53]--------------------------------------------------
post:Array
(
)
get:Array
(
    [n] => 1
    [p] => 1
    [v] => 9
)
files:Array
(
)

