[2025/08/07 08:28:25]--------------------------------------------------
post:Array
(
)
get:Array
(
    [n] => 1
    [p] => 1
    [v] => 10
)
files:Array
(
)

[2025/08/07 08:56:14]--------------------------------------------------
post:Array
(
)
get:Array
(
    [n] => 1
    [p] => 1
    [v] => 10
)
files:Array
(
)

[2025/08/07 08:58:02]--------------------------------------------------
post:Array
(
)
get:Array
(
    [n] => 1
    [p] => 1
    [v] => 10
)
files:Array
(
)

[2025/08/07 09:07:24]--------------------------------------------------
post:Array
(
)
get:Array
(
    [n] => 1
    [p] => 2
    [v] => 10
)
files:Array
(
)

[2025/08/07 09:11:28]--------------------------------------------------
post:Array
(
)
get:Array
(
    [n] => 1
    [p] => 3
    [v] => 10
)
files:Array
(
)

[2025/08/07 09:12:07]--------------------------------------------------
post:Array
(
)
get:Array
(
    [n] => 1
    [p] => 4
    [v] => 10
)
files:Array
(
)

[2025/08/07 09:22:55]--------------------------------------------------
post:Array
(
)
get:Array
(
    [n] => 1
    [p] => 6
    [v] => 10
)
files:Array
(
)

[2025/08/07 09:23:51]--------------------------------------------------
post:Array
(
)
get:Array
(
    [n] => 1
    [p] => 7
    [v] => 10
)
files:Array
(
)

[2025/08/07 09:25:37]--------------------------------------------------
post:Array
(
)
get:Array
(
    [n] => 1
    [p] => 8
    [v] => 10
)
files:Array
(
)

[2025/08/07 09:31:18]--------------------------------------------------
post:Array
(
)
get:Array
(
    [n] => 1
    [p] => 5
    [v] => 10
)
files:Array
(
)

[2025/08/07 09:32:47]--------------------------------------------------
post:Array
(
)
get:Array
(
    [n] => 1
    [p] => 1
    [v] => 10
)
files:Array
(
)

[2025/08/07 10:00:27]--------------------------------------------------
post:Array
(
)
get:Array
(
    [n] => 1
    [p] => 1
    [v] => 10
)
files:Array
(
)

[2025/08/07 10:00:37]--------------------------------------------------
post:Array
(
)
get:Array
(
    [n] => 3
    [m] => 47
    [fd] => faul1_1
    [va] => 2
    [p] => 1
    [v] => 10
)
files:Array
(
)

[2025/08/07 10:00:46]--------------------------------------------------
post:Array
(
)
get:Array
(
    [n] => 3
    [m] => 47
    [fd] => faul1_1
    [va] => 0
    [p] => 1
    [v] => 10
)
files:Array
(
)

[2025/08/07 10:00:50]--------------------------------------------------
post:Array
(
)
get:Array
(
    [n] => 3
    [m] => 47
    [fd] => faul1_2
    [va] => 1
    [p] => 1
    [v] => 10
)
files:Array
(
)

[2025/08/07 10:01:07]--------------------------------------------------
post:Array
(
)
get:Array
(
    [n] => 3
    [m] => 47
    [fd] => waza2_2
    [va] => 4
    [p] => 1
    [v] => 10
)
files:Array
(
)

[2025/08/07 10:01:10]--------------------------------------------------
post:Array
(
)
get:Array
(
    [n] => 3
    [m] => 47
    [fd] => faul1_2
    [va] => 0
    [p] => 1
    [v] => 10
)
files:Array
(
)

[2025/08/07 10:01:34]--------------------------------------------------
post:Array
(
)
get:Array
(
    [n] => 3
    [m] => 47
    [fd] => waza2_3
    [va] => 3
    [p] => 1
    [v] => 10
)
files:Array
(
)

[2025/08/07 10:01:42]--------------------------------------------------
post:Array
(
)
get:Array
(
    [n] => 3
    [m] => 47
    [fd] => waza2_3
    [va] => 2
    [p] => 1
    [v] => 10
)
files:Array
(
)

[2025/08/07 10:01:48]--------------------------------------------------
post:Array
(
)
get:Array
(
    [n] => 3
    [m] => 47
    [fd] => waza2_3
    [va] => 0
    [p] => 1
    [v] => 10
)
files:Array
(
)

[2025/08/07 10:01:51]--------------------------------------------------
post:Array
(
)
get:Array
(
    [n] => 3
    [m] => 47
    [fd] => waza2_2
    [va] => 0
    [p] => 1
    [v] => 10
)
files:Array
(
)

[2025/08/07 10:01:53]--------------------------------------------------
post:Array
(
)
get:Array
(
    [n] => 3
    [m] => 47
    [fd] => waza1_1
    [va] => 0
    [p] => 1
    [v] => 10
)
files:Array
(
)

[2025/08/07 10:01:58]--------------------------------------------------
post:Array
(
)
get:Array
(
    [n] => 3
    [m] => 47
    [fd] => waza1_1
    [va] => 5
    [p] => 1
    [v] => 10
)
files:Array
(
)

[2025/08/07 10:02:02]--------------------------------------------------
post:Array
(
)
get:Array
(
    [n] => 3
    [m] => 47
    [fd] => waza1_2
    [va] => 5
    [p] => 1
    [v] => 10
)
files:Array
(
)

[2025/08/07 10:02:09]--------------------------------------------------
post:Array
(
)
get:Array
(
    [n] => 3
    [m] => 47
    [fd] => waza1_2
    [va] => 0
    [p] => 1
    [v] => 10
)
files:Array
(
)

[2025/08/07 10:02:11]--------------------------------------------------
post:Array
(
)
get:Array
(
    [n] => 3
    [m] => 47
    [fd] => waza1_1
    [va] => 0
    [p] => 1
    [v] => 10
)
files:Array
(
)

[2025/08/07 10:02:20]--------------------------------------------------
post:Array
(
)
get:Array
(
    [n] => 3
    [m] => 47
    [fd] => extra
    [va] => 1
    [p] => 1
    [v] => 10
)
files:Array
(
)

[2025/08/07 10:02:23]--------------------------------------------------
post:Array
(
)
get:Array
(
    [n] => 3
    [m] => 47
    [fd] => extra
    [va] => 0
    [p] => 1
    [v] => 10
)
files:Array
(
)

[2025/08/07 10:03:25]--------------------------------------------------
post:Array
(
)
get:Array
(
    [n] => 3
    [m] => 47
    [fd] => extra
    [va] => 1
    [p] => 1
    [v] => 10
)
files:Array
(
)

[2025/08/07 10:03:33]--------------------------------------------------
post:Array
(
)
get:Array
(
    [n] => 3
    [m] => 47
    [fd] => extra
    [va] => 0
    [p] => 1
    [v] => 10
)
files:Array
(
)

[2025/08/07 10:03:55]--------------------------------------------------
post:Array
(
)
get:Array
(
    [n] => 3
    [m] => 47
    [fd] => waza1_1
    [va] => 1
    [p] => 1
    [v] => 10
)
files:Array
(
)

[2025/08/07 10:04:08]--------------------------------------------------
post:Array
(
)
get:Array
(
    [n] => 1
    [p] => 1
    [v] => 10
)
files:Array
(
)

[2025/08/07 10:04:47]--------------------------------------------------
post:Array
(
)
get:Array
(
    [n] => 1
    [p] => 1
    [v] => 10
)
files:Array
(
)

[2025/08/07 10:04:52]--------------------------------------------------
post:Array
(
)
get:Array
(
    [n] => 3
    [m] => 47
    [fd] => waza1_1
    [va] => 0
    [p] => 1
    [v] => 10
)
files:Array
(
)

[2025/08/07 10:04:55]--------------------------------------------------
post:Array
(
)
get:Array
(
    [n] => 3
    [m] => 47
    [fd] => waza2_1
    [va] => 1
    [p] => 1
    [v] => 10
)
files:Array
(
)

[2025/08/07 10:06:36]--------------------------------------------------
post:Array
(
)
get:Array
(
    [n] => 1
    [p] => 1
    [v] => 10
)
files:Array
(
)

[2025/08/07 10:06:57]--------------------------------------------------
post:Array
(
)
get:Array
(
    [n] => 1
    [p] => 1
    [v] => 10
)
files:Array
(
)

[2025/08/07 10:07:10]--------------------------------------------------
post:Array
(
)
get:Array
(
    [n] => 2
    [v] => 10
    [p] => 1
    [m] => 1
    [mn] => 1
    [fd] => extra
    [va] => 1
)
files:Array
(
)

[2025/08/07 10:07:19]--------------------------------------------------
post:Array
(
)
get:Array
(
    [n] => 1
    [p] => 1
    [v] => 10
)
files:Array
(
)

[2025/08/07 10:07:47]--------------------------------------------------
post:Array
(
)
get:Array
(
    [n] => 1
    [p] => 1
    [v] => 10
)
files:Array
(
)

[2025/08/07 10:07:57]--------------------------------------------------
post:Array
(
)
get:Array
(
    [n] => 1
    [p] => 1
    [v] => 10
)
files:Array
(
)

[2025/08/07 10:08:01]--------------------------------------------------
post:Array
(
)
get:Array
(
    [n] => 1
    [p] => 1
    [v] => 10
)
files:Array
(
)

[2025/08/07 10:08:17]--------------------------------------------------
post:Array
(
)
get:Array
(
    [n] => 1
    [p] => 1
    [v] => 10
)
files:Array
(
)

[2025/08/07 10:08:27]--------------------------------------------------
post:Array
(
)
get:Array
(
    [n] => 1
    [p] => 1
    [v] => 10
)
files:Array
(
)

[2025/08/07 10:08:37]--------------------------------------------------
post:Array
(
)
get:Array
(
    [n] => 2
    [v] => 10
    [p] => 1
    [m] => 1
    [mn] => 5
    [fd] => waza2_1
    [va] => 1
)
files:Array
(
)

[2025/08/07 10:09:00]--------------------------------------------------
post:Array
(
)
get:Array
(
    [n] => 1
    [p] => 1
    [v] => 10
)
files:Array
(
)

[2025/08/07 10:09:04]--------------------------------------------------
post:Array
(
)
get:Array
(
    [n] => 1
    [p] => 1
    [v] => 10
)
files:Array
(
)

[2025/08/07 10:09:17]--------------------------------------------------
post:Array
(
)
get:Array
(
    [n] => 1
    [p] => 1
    [v] => 10
)
files:Array
(
)

[2025/08/07 10:09:29]--------------------------------------------------
post:Array
(
)
get:Array
(
    [n] => 1
    [p] => 1
    [v] => 10
)
files:Array
(
)

[2025/08/07 10:09:45]--------------------------------------------------
post:Array
(
)
get:Array
(
    [n] => 1
    [p] => 1
    [v] => 10
)
files:Array
(
)

[2025/08/07 10:10:24]--------------------------------------------------
post:Array
(
)
get:Array
(
    [n] => 1
    [p] => 1
    [v] => 10
)
files:Array
(
)

[2025/08/07 10:10:35]--------------------------------------------------
post:Array
(
)
get:Array
(
    [n] => 1
    [p] => 1
    [v] => 10
)
files:Array
(
)

[2025/08/07 10:10:43]--------------------------------------------------
post:Array
(
)
get:Array
(
    [n] => 1
    [p] => 1
    [v] => 10
)
files:Array
(
)

[2025/08/07 10:12:40]--------------------------------------------------
post:Array
(
)
get:Array
(
    [n] => 1
    [p] => 1
    [v] => 10
)
files:Array
(
)

[2025/08/07 10:13:31]--------------------------------------------------
post:Array
(
)
get:Array
(
    [n] => 1
    [p] => 1
    [v] => 10
)
files:Array
(
)

[2025/08/07 10:13:33]--------------------------------------------------
post:Array
(
)
get:Array
(
    [n] => 1
    [p] => 1
    [v] => 10
)
files:Array
(
)

[2025/08/07 10:14:03]--------------------------------------------------
post:Array
(
)
get:Array
(
    [n] => 1
    [p] => 1
    [v] => 10
)
files:Array
(
)

[2025/08/07 10:14:07]--------------------------------------------------
post:Array
(
)
get:Array
(
    [n] => 1
    [p] => 1
    [v] => 10
)
files:Array
(
)

[2025/08/07 10:15:01]--------------------------------------------------
post:Array
(
)
get:Array
(
    [n] => 1
    [p] => 1
    [v] => 10
)
files:Array
(
)

[2025/08/07 22:26:14]--------------------------------------------------
post:Array
(
)
get:Array
(
    [n] => 1
    [p] => 1
    [v] => 10
)
files:Array
(
)

[2025/08/07 22:26:18]--------------------------------------------------
post:Array
(
)
get:Array
(
    [n] => 1
    [p] => 1
    [v] => 10
)
files:Array
(
)

[2025/08/07 23:18:58]--------------------------------------------------
post:Array
(
)
get:Array
(
    [n] => 1
    [p] => 1
    [v] => 10
)
files:Array
(
)

[2025/08/07 23:19:09]--------------------------------------------------
post:Array
(
)
get:Array
(
    [n] => 3
    [m] => 47
    [fd] => faul1_2
    [va] => 1
    [p] => 1
    [v] => 10
)
files:Array
(
)

[2025/08/07 23:19:33]--------------------------------------------------
post:Array
(
)
get:Array
(
    [n] => 3
    [m] => 47
    [fd] => faul1_2
    [va] => 0
    [p] => 1
    [v] => 10
)
files:Array
(
)

[2025/08/07 23:20:56]--------------------------------------------------
post:Array
(
)
get:Array
(
    [n] => 3
    [m] => 47
    [fd] => faul1_2
    [va] => 1
    [p] => 1
    [v] => 10
)
files:Array
(
)

[2025/08/07 23:20:59]--------------------------------------------------
post:Array
(
)
get:Array
(
    [n] => 3
    [m] => 47
    [fd] => faul2_2
    [va] => 1
    [p] => 1
    [v] => 10
)
files:Array
(
)

[2025/08/07 23:22:36]--------------------------------------------------
post:Array
(
)
get:Array
(
    [n] => 3
    [m] => 47
    [fd] => faul1_2
    [va] => 0
    [p] => 1
    [v] => 10
)
files:Array
(
)

[2025/08/07 23:22:38]--------------------------------------------------
post:Array
(
)
get:Array
(
    [n] => 3
    [m] => 47
    [fd] => faul2_2
    [va] => 0
    [p] => 1
    [v] => 10
)
files:Array
(
)

[2025/08/07 23:23:20]--------------------------------------------------
post:Array
(
)
get:Array
(
    [n] => 1
    [p] => 3
    [v] => 10
)
files:Array
(
)

[2025/08/07 23:23:34]--------------------------------------------------
post:Array
(
)
get:Array
(
    [n] => 1
    [p] => 3
    [v] => 10
)
files:Array
(
)

[2025/08/07 23:37:26]--------------------------------------------------
post:Array
(
)
get:Array
(
    [n] => 1
    [p] => 2
    [v] => 10
)
files:Array
(
)

[2025/08/07 23:37:36]--------------------------------------------------
post:Array
(
)
get:Array
(
    [n] => 1
    [p] => 2
    [v] => 10
)
files:Array
(
)

[2025/08/07 23:37:49]--------------------------------------------------
post:Array
(
)
get:Array
(
    [n] => 3
    [m] => 51
    [fd] => faul1_1
    [va] => 2
    [p] => 2
    [v] => 10
)
files:Array
(
)

[2025/08/07 23:37:57]--------------------------------------------------
post:Array
(
)
get:Array
(
    [n] => 3
    [m] => 51
    [fd] => faul1_2
    [va] => 1
    [p] => 2
    [v] => 10
)
files:Array
(
)

[2025/08/07 23:38:01]--------------------------------------------------
post:Array
(
)
get:Array
(
    [n] => 3
    [m] => 51
    [fd] => faul1_1
    [va] => 0
    [p] => 2
    [v] => 10
)
files:Array
(
)

[2025/08/07 23:38:14]--------------------------------------------------
post:Array
(
)
get:Array
(
    [n] => 3
    [m] => 51
    [fd] => waza2_1
    [va] => 4
    [p] => 2
    [v] => 10
)
files:Array
(
)

[2025/08/07 23:38:18]--------------------------------------------------
post:Array
(
)
get:Array
(
    [n] => 3
    [m] => 51
    [fd] => faul1_2
    [va] => 0
    [p] => 2
    [v] => 10
)
files:Array
(
)

[2025/08/07 23:38:30]--------------------------------------------------
post:Array
(
)
get:Array
(
    [n] => 3
    [m] => 51
    [fd] => waza1_2
    [va] => 3
    [p] => 2
    [v] => 10
)
files:Array
(
)

[2025/08/07 23:38:47]--------------------------------------------------
post:Array
(
)
get:Array
(
    [n] => 3
    [m] => 51
    [fd] => waza1_2
    [va] => 2
    [p] => 2
    [v] => 10
)
files:Array
(
)

[2025/08/07 23:38:52]--------------------------------------------------
post:Array
(
)
get:Array
(
    [n] => 3
    [m] => 51
    [fd] => extra
    [va] => 1
    [p] => 2
    [v] => 10
)
files:Array
(
)

[2025/08/07 23:39:09]--------------------------------------------------
post:Array
(
)
get:Array
(
    [n] => 1
    [p] => 5
    [v] => 10
)
files:Array
(
)

[2025/08/07 23:39:11]--------------------------------------------------
post:Array
(
)
get:Array
(
    [n] => 1
    [p] => 5
    [v] => 10
)
files:Array
(
)

[2025/08/07 23:39:13]--------------------------------------------------
post:Array
(
)
get:Array
(
    [n] => 3
    [m] => 51
    [fd] => extra
    [va] => 0
    [p] => 2
    [v] => 10
)
files:Array
(
)

[2025/08/07 23:40:33]--------------------------------------------------
post:Array
(
)
get:Array
(
    [n] => 3
    [m] => 51
    [fd] => extra
    [va] => 1
    [p] => 2
    [v] => 10
)
files:Array
(
)

[2025/08/07 23:41:14]--------------------------------------------------
post:Array
(
)
get:Array
(
    [n] => 1
    [p] => 2
    [v] => 10
)
files:Array
(
)

[2025/08/07 23:41:36]--------------------------------------------------
post:Array
(
)
get:Array
(
    [n] => 1
    [p] => 2
    [v] => 10
)
files:Array
(
)

[2025/08/07 23:41:41]--------------------------------------------------
post:Array
(
)
get:Array
(
    [n] => 1
    [p] => 2
    [v] => 10
)
files:Array
(
)

[2025/08/07 23:41:43]--------------------------------------------------
post:Array
(
)
get:Array
(
    [n] => 1
    [p] => 2
    [v] => 10
)
files:Array
(
)

[2025/08/07 23:41:45]--------------------------------------------------
post:Array
(
)
get:Array
(
    [n] => 1
    [p] => 2
    [v] => 10
)
files:Array
(
)

[2025/08/07 23:41:49]--------------------------------------------------
post:Array
(
)
get:Array
(
    [n] => 3
    [m] => 53
    [fd] => waza1_1
    [va] => 5
    [p] => 2
    [v] => 10
)
files:Array
(
)

[2025/08/07 23:41:56]--------------------------------------------------
post:Array
(
)
get:Array
(
    [n] => 3
    [m] => 53
    [fd] => waza1_2
    [va] => 5
    [p] => 2
    [v] => 10
)
files:Array
(
)

[2025/08/07 23:41:59]--------------------------------------------------
post:Array
(
)
get:Array
(
    [n] => 3
    [m] => 53
    [fd] => waza1_3
    [va] => 5
    [p] => 2
    [v] => 10
)
files:Array
(
)

[2025/08/07 23:42:02]--------------------------------------------------
post:Array
(
)
get:Array
(
    [n] => 3
    [m] => 53
    [fd] => waza1_3
    [va] => 0
    [p] => 2
    [v] => 10
)
files:Array
(
)

[2025/08/07 23:42:11]--------------------------------------------------
post:Array
(
)
get:Array
(
    [n] => 1
    [p] => 2
    [v] => 10
)
files:Array
(
)

[2025/08/07 23:42:19]--------------------------------------------------
post:Array
(
)
get:Array
(
    [n] => 1
    [p] => 2
    [v] => 10
)
files:Array
(
)

[2025/08/07 23:42:21]--------------------------------------------------
post:Array
(
)
get:Array
(
    [n] => 1
    [p] => 2
    [v] => 10
)
files:Array
(
)

[2025/08/07 23:42:44]--------------------------------------------------
post:Array
(
)
get:Array
(
    [n] => 3
    [m] => 51
    [fd] => waza2_1
    [va] => 2
    [p] => 2
    [v] => 10
)
files:Array
(
)

[2025/08/07 23:42:50]--------------------------------------------------
post:Array
(
)
get:Array
(
    [n] => 3
    [m] => 51
    [fd] => extra
    [va] => 0
    [p] => 2
    [v] => 10
)
files:Array
(
)

[2025/08/07 23:42:58]--------------------------------------------------
post:Array
(
)
get:Array
(
    [n] => 3
    [m] => 51
    [fd] => waza2_3
    [va] => 1
    [p] => 2
    [v] => 10
)
files:Array
(
)

[2025/08/07 23:43:02]--------------------------------------------------
post:Array
(
)
get:Array
(
    [n] => 3
    [m] => 55
    [fd] => faul1_2
    [va] => 1
    [p] => 3
    [v] => 10
)
files:Array
(
)

[2025/08/07 23:43:06]--------------------------------------------------
post:Array
(
)
get:Array
(
    [n] => 3
    [m] => 55
    [fd] => faul1_2
    [va] => 0
    [p] => 3
    [v] => 10
)
files:Array
(
)

[2025/08/07 23:43:08]--------------------------------------------------
post:Array
(
)
get:Array
(
    [n] => 3
    [m] => 51
    [fd] => faul2_2
    [va] => 1
    [p] => 2
    [v] => 10
)
files:Array
(
)

[2025/08/07 23:43:13]--------------------------------------------------
post:Array
(
)
get:Array
(
    [n] => 3
    [m] => 51
    [fd] => waza2_1
    [va] => 4
    [p] => 2
    [v] => 10
)
files:Array
(
)

[2025/08/07 23:43:21]--------------------------------------------------
post:Array
(
)
get:Array
(
    [n] => 3
    [m] => 51
    [fd] => faul1_2
    [va] => 1
    [p] => 2
    [v] => 10
)
files:Array
(
)

[2025/08/07 23:43:23]--------------------------------------------------
post:Array
(
)
get:Array
(
    [n] => 3
    [m] => 51
    [fd] => faul1_1
    [va] => 2
    [p] => 2
    [v] => 10
)
files:Array
(
)

[2025/08/07 23:43:28]--------------------------------------------------
post:Array
(
)
get:Array
(
    [n] => 3
    [m] => 55
    [fd] => faul1_1
    [va] => 2
    [p] => 3
    [v] => 10
)
files:Array
(
)

[2025/08/07 23:43:29]--------------------------------------------------
post:Array
(
)
get:Array
(
    [n] => 3
    [m] => 51
    [fd] => faul1_2
    [va] => 0
    [p] => 2
    [v] => 10
)
files:Array
(
)

[2025/08/07 23:43:30]--------------------------------------------------
post:Array
(
)
get:Array
(
    [n] => 3
    [m] => 51
    [fd] => faul2_2
    [va] => 0
    [p] => 2
    [v] => 10
)
files:Array
(
)

[2025/08/07 23:43:31]--------------------------------------------------
post:Array
(
)
get:Array
(
    [n] => 3
    [m] => 51
    [fd] => faul1_1
    [va] => 0
    [p] => 2
    [v] => 10
)
files:Array
(
)

[2025/08/07 23:43:33]--------------------------------------------------
post:Array
(
)
get:Array
(
    [n] => 3
    [m] => 51
    [fd] => waza2_1
    [va] => 0
    [p] => 2
    [v] => 10
)
files:Array
(
)

[2025/08/07 23:43:35]--------------------------------------------------
post:Array
(
)
get:Array
(
    [n] => 3
    [m] => 55
    [fd] => waza1_1
    [va] => 4
    [p] => 3
    [v] => 10
)
files:Array
(
)

[2025/08/07 23:43:35]--------------------------------------------------
post:Array
(
)
get:Array
(
    [n] => 3
    [m] => 51
    [fd] => waza1_1
    [va] => 4
    [p] => 2
    [v] => 10
)
files:Array
(
)

[2025/08/07 23:43:39]--------------------------------------------------
post:Array
(
)
get:Array
(
    [n] => 3
    [m] => 55
    [fd] => faul1_1
    [va] => 0
    [p] => 3
    [v] => 10
)
files:Array
(
)

[2025/08/07 23:43:40]--------------------------------------------------
post:Array
(
)
get:Array
(
    [n] => 3
    [m] => 51
    [fd] => waza1_2
    [va] => 7
    [p] => 2
    [v] => 10
)
files:Array
(
)

[2025/08/07 23:43:49]--------------------------------------------------
post:Array
(
)
get:Array
(
    [n] => 3
    [m] => 51
    [fd] => waza1_2
    [va] => 1
    [p] => 2
    [v] => 10
)
files:Array
(
)

[2025/08/07 23:43:50]--------------------------------------------------
post:Array
(
)
get:Array
(
    [n] => 3
    [m] => 16
    [fd] => waza1_1
    [va] => 1
    [p] => 5
    [v] => 10
)
files:Array
(
)

[2025/08/07 23:43:51]--------------------------------------------------
post:Array
(
)
get:Array
(
    [n] => 3
    [m] => 51
    [fd] => waza1_2
    [va] => 0
    [p] => 2
    [v] => 10
)
files:Array
(
)

[2025/08/07 23:43:52]--------------------------------------------------
post:Array
(
)
get:Array
(
    [n] => 3
    [m] => 51
    [fd] => waza2_3
    [va] => 0
    [p] => 2
    [v] => 10
)
files:Array
(
)

[2025/08/07 23:43:54]--------------------------------------------------
post:Array
(
)
get:Array
(
    [n] => 3
    [m] => 16
    [fd] => waza1_1
    [va] => 0
    [p] => 5
    [v] => 10
)
files:Array
(
)

[2025/08/07 23:43:59]--------------------------------------------------
post:Array
(
)
get:Array
(
    [n] => 1
    [p] => 2
    [v] => 10
)
files:Array
(
)

[2025/08/07 23:44:05]--------------------------------------------------
post:Array
(
)
get:Array
(
    [n] => 3
    [m] => 16
    [fd] => waza1_3
    [va] => 1
    [p] => 5
    [v] => 10
)
files:Array
(
)

[2025/08/07 23:44:08]--------------------------------------------------
post:Array
(
)
get:Array
(
    [n] => 3
    [m] => 55
    [fd] => waza2_2
    [va] => 1
    [p] => 3
    [v] => 10
)
files:Array
(
)

[2025/08/07 23:44:13]--------------------------------------------------
post:Array
(
)
get:Array
(
    [n] => 1
    [p] => 2
    [v] => 10
)
files:Array
(
)

[2025/08/07 23:44:15]--------------------------------------------------
post:Array
(
)
get:Array
(
    [n] => 3
    [m] => 16
    [fd] => waza1_3
    [va] => 0
    [p] => 5
    [v] => 10
)
files:Array
(
)

[2025/08/07 23:44:21]--------------------------------------------------
post:Array
(
)
get:Array
(
    [n] => 3
    [m] => 16
    [fd] => extra
    [va] => 1
    [p] => 5
    [v] => 10
)
files:Array
(
)

[2025/08/07 23:44:28]--------------------------------------------------
post:Array
(
)
get:Array
(
    [n] => 3
    [m] => 55
    [fd] => waza2_2
    [va] => 0
    [p] => 3
    [v] => 10
)
files:Array
(
)

[2025/08/07 23:44:32]--------------------------------------------------
post:Array
(
)
get:Array
(
    [n] => 3
    [m] => 55
    [fd] => waza1_1
    [va] => 0
    [p] => 3
    [v] => 10
)
files:Array
(
)

[2025/08/07 23:44:37]--------------------------------------------------
post:Array
(
)
get:Array
(
    [n] => 3
    [m] => 16
    [fd] => waza1_1
    [va] => 1
    [p] => 5
    [v] => 10
)
files:Array
(
)

[2025/08/07 23:44:39]--------------------------------------------------
post:Array
(
)
get:Array
(
    [n] => 3
    [m] => 52
    [fd] => waza2_1
    [va] => 2
    [p] => 2
    [v] => 10
)
files:Array
(
)

[2025/08/07 23:44:45]--------------------------------------------------
post:Array
(
)
get:Array
(
    [n] => 3
    [m] => 16
    [fd] => extra
    [va] => 0
    [p] => 5
    [v] => 10
)
files:Array
(
)

[2025/08/07 23:44:50]--------------------------------------------------
post:Array
(
)
get:Array
(
    [n] => 3
    [m] => 47
    [fd] => waza1_1
    [va] => 1
    [p] => 1
    [v] => 10
)
files:Array
(
)

[2025/08/07 23:44:51]--------------------------------------------------
post:Array
(
)
get:Array
(
    [n] => 1
    [p] => 5
    [v] => 10
)
files:Array
(
)

[2025/08/07 23:44:52]--------------------------------------------------
post:Array
(
)
get:Array
(
    [n] => 1
    [p] => 3
    [v] => 10
)
files:Array
(
)

[2025/08/07 23:44:56]--------------------------------------------------
post:Array
(
)
get:Array
(
    [n] => 3
    [m] => 47
    [fd] => waza2_2
    [va] => 3
    [p] => 1
    [v] => 10
)
files:Array
(
)

[2025/08/07 23:45:00]--------------------------------------------------
post:Array
(
)
get:Array
(
    [n] => 3
    [m] => 52
    [fd] => faul2_2
    [va] => 1
    [p] => 2
    [v] => 10
)
files:Array
(
)

[2025/08/07 23:45:00]--------------------------------------------------
post:Array
(
)
get:Array
(
    [n] => 1
    [p] => 3
    [v] => 10
)
files:Array
(
)

[2025/08/07 23:45:03]--------------------------------------------------
post:Array
(
)
get:Array
(
    [n] => 3
    [m] => 16
    [fd] => waza1_1
    [va] => 0
    [p] => 5
    [v] => 10
)
files:Array
(
)

[2025/08/07 23:45:03]--------------------------------------------------
post:Array
(
)
get:Array
(
    [n] => 3
    [m] => 47
    [fd] => faul1_2
    [va] => 1
    [p] => 1
    [v] => 10
)
files:Array
(
)

[2025/08/07 23:45:09]--------------------------------------------------
post:Array
(
)
get:Array
(
    [n] => 3
    [m] => 52
    [fd] => waza1_2
    [va] => 1
    [p] => 2
    [v] => 10
)
files:Array
(
)

[2025/08/07 23:45:19]--------------------------------------------------
post:Array
(
)
get:Array
(
    [n] => 3
    [m] => 47
    [fd] => waza1_3
    [va] => 4
    [p] => 1
    [v] => 10
)
files:Array
(
)

[2025/08/07 23:45:21]--------------------------------------------------
post:Array
(
)
get:Array
(
    [n] => 3
    [m] => 52
    [fd] => extra
    [va] => 1
    [p] => 2
    [v] => 10
)
files:Array
(
)

[2025/08/07 23:45:22]--------------------------------------------------
post:Array
(
)
get:Array
(
    [n] => 3
    [m] => 47
    [fd] => faul1_2
    [va] => 0
    [p] => 1
    [v] => 10
)
files:Array
(
)

[2025/08/07 23:45:27]--------------------------------------------------
post:Array
(
)
get:Array
(
    [n] => 1
    [p] => 1
    [v] => 10
)
files:Array
(
)

[2025/08/07 23:45:35]--------------------------------------------------
post:Array
(
)
get:Array
(
    [n] => 3
    [m] => 52
    [fd] => faul2_2
    [va] => 0
    [p] => 2
    [v] => 10
)
files:Array
(
)

[2025/08/07 23:45:36]--------------------------------------------------
post:Array
(
)
get:Array
(
    [n] => 1
    [p] => 5
    [v] => 10
)
files:Array
(
)

[2025/08/07 23:45:39]--------------------------------------------------
post:Array
(
)
get:Array
(
    [n] => 3
    [m] => 52
    [fd] => waza1_3
    [va] => 4
    [p] => 2
    [v] => 10
)
files:Array
(
)

[2025/08/07 23:45:42]--------------------------------------------------
post:Array
(
)
get:Array
(
    [n] => 1
    [p] => 1
    [v] => 10
)
files:Array
(
)

[2025/08/07 23:45:49]--------------------------------------------------
post:Array
(
)
get:Array
(
    [n] => 1
    [p] => 1
    [v] => 10
)
files:Array
(
)

[2025/08/07 23:45:49]--------------------------------------------------
post:Array
(
)
get:Array
(
    [n] => 3
    [m] => 20
    [fd] => waza1_1
    [va] => 1
    [p] => 6
    [v] => 10
)
files:Array
(
)

[2025/08/07 23:45:53]--------------------------------------------------
post:Array
(
)
get:Array
(
    [n] => 3
    [m] => 20
    [fd] => waza1_1
    [va] => 0
    [p] => 6
    [v] => 10
)
files:Array
(
)

[2025/08/07 23:45:56]--------------------------------------------------
post:Array
(
)
get:Array
(
    [n] => 3
    [m] => 20
    [fd] => faul1_2
    [va] => 1
    [p] => 6
    [v] => 10
)
files:Array
(
)

[2025/08/07 23:45:58]--------------------------------------------------
post:Array
(
)
get:Array
(
    [n] => 1
    [p] => 3
    [v] => 10
)
files:Array
(
)

[2025/08/07 23:45:59]--------------------------------------------------
post:Array
(
)
get:Array
(
    [n] => 3
    [m] => 20
    [fd] => faul1_2
    [va] => 0
    [p] => 6
    [v] => 10
)
files:Array
(
)

[2025/08/07 23:46:00]--------------------------------------------------
post:Array
(
)
get:Array
(
    [n] => 1
    [p] => 2
    [v] => 10
)
files:Array
(
)

[2025/08/07 23:46:05]--------------------------------------------------
post:Array
(
)
get:Array
(
    [n] => 1
    [p] => 3
    [v] => 10
)
files:Array
(
)

[2025/08/07 23:46:09]--------------------------------------------------
post:Array
(
)
get:Array
(
    [n] => 1
    [p] => 5
    [v] => 10
)
files:Array
(
)

[2025/08/07 23:46:10]--------------------------------------------------
post:Array
(
)
get:Array
(
    [n] => 1
    [p] => 1
    [v] => 10
)
files:Array
(
)

[2025/08/07 23:46:15]--------------------------------------------------
post:Array
(
)
get:Array
(
    [n] => 3
    [m] => 55
    [fd] => faul1_1
    [va] => 2
    [p] => 3
    [v] => 10
)
files:Array
(
)

[2025/08/07 23:46:17]--------------------------------------------------
post:Array
(
)
get:Array
(
    [n] => 1
    [p] => 1
    [v] => 10
)
files:Array
(
)

[2025/08/07 23:46:19]--------------------------------------------------
post:Array
(
)
get:Array
(
    [n] => 3
    [m] => 59
    [fd] => waza1_1
    [va] => 1
    [p] => 4
    [v] => 10
)
files:Array
(
)

[2025/08/07 23:46:20]--------------------------------------------------
post:Array
(
)
get:Array
(
    [n] => 3
    [m] => 55
    [fd] => faul1_2
    [va] => 1
    [p] => 3
    [v] => 10
)
files:Array
(
)

[2025/08/07 23:46:22]--------------------------------------------------
post:Array
(
)
get:Array
(
    [n] => 3
    [m] => 55
    [fd] => faul1_1
    [va] => 0
    [p] => 3
    [v] => 10
)
files:Array
(
)

[2025/08/07 23:46:22]--------------------------------------------------
post:Array
(
)
get:Array
(
    [n] => 3
    [m] => 28
    [fd] => waza1_1
    [va] => 1
    [p] => 8
    [v] => 10
)
files:Array
(
)

[2025/08/07 23:46:25]--------------------------------------------------
post:Array
(
)
get:Array
(
    [n] => 3
    [m] => 48
    [fd] => waza2_1
    [va] => 2
    [p] => 1
    [v] => 10
)
files:Array
(
)

[2025/08/07 23:46:28]--------------------------------------------------
post:Array
(
)
get:Array
(
    [n] => 3
    [m] => 52
    [fd] => waza2_1
    [va] => 0
    [p] => 2
    [v] => 10
)
files:Array
(
)

[2025/08/07 23:46:31]--------------------------------------------------
post:Array
(
)
get:Array
(
    [n] => 3
    [m] => 52
    [fd] => waza1_2
    [va] => 0
    [p] => 2
    [v] => 10
)
files:Array
(
)

[2025/08/07 23:46:32]--------------------------------------------------
post:Array
(
)
get:Array
(
    [n] => 3
    [m] => 59
    [fd] => waza2_2
    [va] => 2
    [p] => 4
    [v] => 10
)
files:Array
(
)

[2025/08/07 23:46:33]--------------------------------------------------
post:Array
(
)
get:Array
(
    [n] => 3
    [m] => 52
    [fd] => waza1_3
    [va] => 0
    [p] => 2
    [v] => 10
)
files:Array
(
)

[2025/08/07 23:46:36]--------------------------------------------------
post:Array
(
)
get:Array
(
    [n] => 3
    [m] => 48
    [fd] => extra
    [va] => 1
    [p] => 1
    [v] => 10
)
files:Array
(
)

[2025/08/07 23:46:40]--------------------------------------------------
post:Array
(
)
get:Array
(
    [n] => 3
    [m] => 28
    [fd] => waza2_2
    [va] => 3
    [p] => 8
    [v] => 10
)
files:Array
(
)

[2025/08/07 23:46:40]--------------------------------------------------
post:Array
(
)
get:Array
(
    [n] => 3
    [m] => 55
    [fd] => waza2_1
    [va] => 4
    [p] => 3
    [v] => 10
)
files:Array
(
)

[2025/08/07 23:46:40]--------------------------------------------------
post:Array
(
)
get:Array
(
    [n] => 1
    [p] => 2
    [v] => 10
)
files:Array
(
)

[2025/08/07 23:46:41]--------------------------------------------------
post:Array
(
)
get:Array
(
    [n] => 3
    [m] => 59
    [fd] => waza1_3
    [va] => 3
    [p] => 4
    [v] => 10
)
files:Array
(
)

[2025/08/07 23:46:44]--------------------------------------------------
post:Array
(
)
get:Array
(
    [n] => 3
    [m] => 48
    [fd] => extra
    [va] => 0
    [p] => 1
    [v] => 10
)
files:Array
(
)

[2025/08/07 23:46:45]--------------------------------------------------
post:Array
(
)
get:Array
(
    [n] => 3
    [m] => 55
    [fd] => waza2_1
    [va] => 0
    [p] => 3
    [v] => 10
)
files:Array
(
)

[2025/08/07 23:46:49]--------------------------------------------------
post:Array
(
)
get:Array
(
    [n] => 3
    [m] => 55
    [fd] => waza2_1
    [va] => 5
    [p] => 3
    [v] => 10
)
files:Array
(
)

[2025/08/07 23:46:50]--------------------------------------------------
post:Array
(
)
get:Array
(
    [n] => 3
    [m] => 48
    [fd] => waza2_1
    [va] => 0
    [p] => 1
    [v] => 10
)
files:Array
(
)

[2025/08/07 23:46:51]--------------------------------------------------
post:Array
(
)
get:Array
(
    [n] => 1
    [p] => 2
    [v] => 10
)
files:Array
(
)

[2025/08/07 23:46:54]--------------------------------------------------
post:Array
(
)
get:Array
(
    [n] => 3
    [m] => 20
    [fd] => faul1_2
    [va] => 1
    [p] => 6
    [v] => 10
)
files:Array
(
)

[2025/08/07 23:46:54]--------------------------------------------------
post:Array
(
)
get:Array
(
    [n] => 3
    [m] => 28
    [fd] => faul1_2
    [va] => 1
    [p] => 8
    [v] => 10
)
files:Array
(
)

[2025/08/07 23:46:55]--------------------------------------------------
post:Array
(
)
get:Array
(
    [n] => 3
    [m] => 48
    [fd] => faul1_2
    [va] => 1
    [p] => 1
    [v] => 10
)
files:Array
(
)

[2025/08/07 23:46:55]--------------------------------------------------
post:Array
(
)
get:Array
(
    [n] => 3
    [m] => 16
    [fd] => faul1_1
    [va] => 2
    [p] => 5
    [v] => 10
)
files:Array
(
)

[2025/08/07 23:46:55]--------------------------------------------------
post:Array
(
)
get:Array
(
    [n] => 3
    [m] => 59
    [fd] => faul2_1
    [va] => 2
    [p] => 4
    [v] => 10
)
files:Array
(
)

[2025/08/07 23:46:56]--------------------------------------------------
post:Array
(
)
get:Array
(
    [n] => 3
    [m] => 55
    [fd] => waza2_1
    [va] => 0
    [p] => 3
    [v] => 10
)
files:Array
(
)

[2025/08/07 23:46:58]--------------------------------------------------
post:Array
(
)
get:Array
(
    [n] => 3
    [m] => 16
    [fd] => faul1_1
    [va] => 0
    [p] => 5
    [v] => 10
)
files:Array
(
)

[2025/08/07 23:46:58]--------------------------------------------------
post:Array
(
)
get:Array
(
    [n] => 3
    [m] => 55
    [fd] => faul1_2
    [va] => 0
    [p] => 3
    [v] => 10
)
files:Array
(
)

[2025/08/07 23:46:59]--------------------------------------------------
post:Array
(
)
get:Array
(
    [n] => 3
    [m] => 54
    [fd] => waza1_1
    [va] => 1
    [p] => 2
    [v] => 10
)
files:Array
(
)

[2025/08/07 23:46:59]--------------------------------------------------
post:Array
(
)
get:Array
(
    [n] => 3
    [m] => 48
    [fd] => extra
    [va] => 1
    [p] => 1
    [v] => 10
)
files:Array
(
)

[2025/08/07 23:47:02]--------------------------------------------------
post:Array
(
)
get:Array
(
    [n] => 3
    [m] => 20
    [fd] => faul1_2
    [va] => 0
    [p] => 6
    [v] => 10
)
files:Array
(
)

[2025/08/07 23:47:03]--------------------------------------------------
post:Array
(
)
get:Array
(
    [n] => 3
    [m] => 28
    [fd] => waza1_3
    [va] => 2
    [p] => 8
    [v] => 10
)
files:Array
(
)

[2025/08/07 23:47:04]--------------------------------------------------
post:Array
(
)
get:Array
(
    [n] => 3
    [m] => 48
    [fd] => waza1_1
    [va] => 1
    [p] => 1
    [v] => 10
)
files:Array
(
)

[2025/08/07 23:47:11]--------------------------------------------------
post:Array
(
)
get:Array
(
    [n] => 3
    [m] => 55
    [fd] => extra
    [va] => 1
    [p] => 3
    [v] => 10
)
files:Array
(
)

[2025/08/07 23:47:12]--------------------------------------------------
post:Array
(
)
get:Array
(
    [n] => 3
    [m] => 55
    [fd] => extra
    [va] => 0
    [p] => 3
    [v] => 10
)
files:Array
(
)

[2025/08/07 23:47:13]--------------------------------------------------
post:Array
(
)
get:Array
(
    [n] => 3
    [m] => 54
    [fd] => faul2_1
    [va] => 2
    [p] => 2
    [v] => 10
)
files:Array
(
)

[2025/08/07 23:47:14]--------------------------------------------------
post:Array
(
)
get:Array
(
    [n] => 3
    [m] => 16
    [fd] => waza1_1
    [va] => 2
    [p] => 5
    [v] => 10
)
files:Array
(
)

[2025/08/07 23:47:16]--------------------------------------------------
post:Array
(
)
get:Array
(
    [n] => 3
    [m] => 16
    [fd] => waza2_2
    [va] => 1
    [p] => 5
    [v] => 10
)
files:Array
(
)

[2025/08/07 23:47:17]--------------------------------------------------
post:Array
(
)
get:Array
(
    [n] => 1
    [p] => 8
    [v] => 10
)
files:Array
(
)

[2025/08/07 23:47:19]--------------------------------------------------
post:Array
(
)
get:Array
(
    [n] => 3
    [m] => 20
    [fd] => waza1_1
    [va] => 1
    [p] => 6
    [v] => 10
)
files:Array
(
)

[2025/08/07 23:47:19]--------------------------------------------------
post:Array
(
)
get:Array
(
    [n] => 3
    [m] => 59
    [fd] => faul2_2
    [va] => 1
    [p] => 4
    [v] => 10
)
files:Array
(
)

[2025/08/07 23:47:20]--------------------------------------------------
post:Array
(
)
get:Array
(
    [n] => 3
    [m] => 16
    [fd] => waza1_3
    [va] => 1
    [p] => 5
    [v] => 10
)
files:Array
(
)

[2025/08/07 23:47:21]--------------------------------------------------
post:Array
(
)
get:Array
(
    [n] => 3
    [m] => 54
    [fd] => faul2_1
    [va] => 0
    [p] => 2
    [v] => 10
)
files:Array
(
)

[2025/08/07 23:47:23]--------------------------------------------------
post:Array
(
)
get:Array
(
    [n] => 3
    [m] => 16
    [fd] => waza1_3
    [va] => 0
    [p] => 5
    [v] => 10
)
files:Array
(
)

[2025/08/07 23:47:24]--------------------------------------------------
post:Array
(
)
get:Array
(
    [n] => 3
    [m] => 54
    [fd] => faul2_2
    [va] => 1
    [p] => 2
    [v] => 10
)
files:Array
(
)

[2025/08/07 23:47:26]--------------------------------------------------
post:Array
(
)
get:Array
(
    [n] => 3
    [m] => 16
    [fd] => waza2_2
    [va] => 0
    [p] => 5
    [v] => 10
)
files:Array
(
)

[2025/08/07 23:47:26]--------------------------------------------------
post:Array
(
)
get:Array
(
    [n] => 3
    [m] => 20
    [fd] => waza1_1
    [va] => 3
    [p] => 6
    [v] => 10
)
files:Array
(
)

[2025/08/07 23:47:27]--------------------------------------------------
post:Array
(
)
get:Array
(
    [n] => 3
    [m] => 16
    [fd] => waza1_1
    [va] => 0
    [p] => 5
    [v] => 10
)
files:Array
(
)

[2025/08/07 23:47:28]--------------------------------------------------
post:Array
(
)
get:Array
(
    [n] => 1
    [p] => 8
    [v] => 10
)
files:Array
(
)

[2025/08/07 23:47:30]--------------------------------------------------
post:Array
(
)
get:Array
(
    [n] => 3
    [m] => 54
    [fd] => waza2_2
    [va] => 3
    [p] => 2
    [v] => 10
)
files:Array
(
)

[2025/08/07 23:47:31]--------------------------------------------------
post:Array
(
)
get:Array
(
    [n] => 1
    [p] => 1
    [v] => 10
)
files:Array
(
)

[2025/08/07 23:47:32]--------------------------------------------------
post:Array
(
)
get:Array
(
    [n] => 3
    [m] => 24
    [fd] => waza1_1
    [va] => 1
    [p] => 7
    [v] => 10
)
files:Array
(
)

[2025/08/07 23:47:35]--------------------------------------------------
post:Array
(
)
get:Array
(
    [n] => 3
    [m] => 20
    [fd] => waza1_1
    [va] => 0
    [p] => 6
    [v] => 10
)
files:Array
(
)

[2025/08/07 23:47:41]--------------------------------------------------
post:Array
(
)
get:Array
(
    [n] => 1
    [p] => 1
    [v] => 10
)
files:Array
(
)

[2025/08/07 23:47:41]--------------------------------------------------
post:Array
(
)
get:Array
(
    [n] => 3
    [m] => 24
    [fd] => waza2_2
    [va] => 2
    [p] => 7
    [v] => 10
)
files:Array
(
)

[2025/08/07 23:47:42]--------------------------------------------------
post:Array
(
)
get:Array
(
    [n] => 3
    [m] => 54
    [fd] => waza1_3
    [va] => 3
    [p] => 2
    [v] => 10
)
files:Array
(
)

[2025/08/07 23:47:45]--------------------------------------------------
post:Array
(
)
get:Array
(
    [n] => 3
    [m] => 55
    [fd] => waza1_1
    [va] => 1
    [p] => 3
    [v] => 10
)
files:Array
(
)

[2025/08/07 23:47:47]--------------------------------------------------
post:Array
(
)
get:Array
(
    [n] => 3
    [m] => 24
    [fd] => waza2_2
    [va] => 0
    [p] => 7
    [v] => 10
)
files:Array
(
)

[2025/08/07 23:47:48]--------------------------------------------------
post:Array
(
)
get:Array
(
    [n] => 1
    [p] => 1
    [v] => 10
)
files:Array
(
)

[2025/08/07 23:47:48]--------------------------------------------------
post:Array
(
)
get:Array
(
    [n] => 3
    [m] => 55
    [fd] => waza1_1
    [va] => 0
    [p] => 3
    [v] => 10
)
files:Array
(
)

[2025/08/07 23:47:49]--------------------------------------------------
post:Array
(
)
get:Array
(
    [n] => 3
    [m] => 24
    [fd] => waza2_2
    [va] => 2
    [p] => 7
    [v] => 10
)
files:Array
(
)

[2025/08/07 23:47:49]--------------------------------------------------
post:Array
(
)
get:Array
(
    [n] => 3
    [m] => 20
    [fd] => waza1_1
    [va] => 1
    [p] => 6
    [v] => 10
)
files:Array
(
)

[2025/08/07 23:47:51]--------------------------------------------------
post:Array
(
)
get:Array
(
    [n] => 1
    [p] => 2
    [v] => 10
)
files:Array
(
)

[2025/08/07 23:47:53]--------------------------------------------------
post:Array
(
)
get:Array
(
    [n] => 3
    [m] => 24
    [fd] => waza1_3
    [va] => 3
    [p] => 7
    [v] => 10
)
files:Array
(
)

[2025/08/07 23:48:05]--------------------------------------------------
post:Array
(
)
get:Array
(
    [n] => 3
    [m] => 20
    [fd] => waza2_2
    [va] => 1
    [p] => 6
    [v] => 10
)
files:Array
(
)

[2025/08/07 23:48:10]--------------------------------------------------
post:Array
(
)
get:Array
(
    [n] => 3
    [m] => 20
    [fd] => waza2_2
    [va] => 0
    [p] => 6
    [v] => 10
)
files:Array
(
)

[2025/08/07 23:48:13]--------------------------------------------------
post:Array
(
)
get:Array
(
    [n] => 1
    [p] => 2
    [v] => 10
)
files:Array
(
)

[2025/08/07 23:48:14]--------------------------------------------------
post:Array
(
)
get:Array
(
    [n] => 3
    [m] => 20
    [fd] => waza1_1
    [va] => 0
    [p] => 6
    [v] => 10
)
files:Array
(
)

[2025/08/07 23:48:16]--------------------------------------------------
post:Array
(
)
get:Array
(
    [n] => 1
    [p] => 7
    [v] => 10
)
files:Array
(
)

[2025/08/07 23:48:21]--------------------------------------------------
post:Array
(
)
get:Array
(
    [n] => 1
    [p] => 4
    [v] => 10
)
files:Array
(
)

[2025/08/07 23:48:26]--------------------------------------------------
post:Array
(
)
get:Array
(
    [n] => 3
    [m] => 41
    [fd] => waza1_1
    [va] => 3
    [p] => 2
    [v] => 10
)
files:Array
(
)

[2025/08/07 23:48:27]--------------------------------------------------
post:Array
(
)
get:Array
(
    [n] => 3
    [m] => 55
    [fd] => waza1_1
    [va] => 1
    [p] => 3
    [v] => 10
)
files:Array
(
)

[2025/08/07 23:48:27]--------------------------------------------------
post:Array
(
)
get:Array
(
    [n] => 1
    [p] => 7
    [v] => 10
)
files:Array
(
)

[2025/08/07 23:48:32]--------------------------------------------------
post:Array
(
)
get:Array
(
    [n] => 3
    [m] => 41
    [fd] => faul1_1
    [va] => 2
    [p] => 2
    [v] => 10
)
files:Array
(
)

[2025/08/07 23:48:35]--------------------------------------------------
post:Array
(
)
get:Array
(
    [n] => 3
    [m] => 55
    [fd] => waza1_1
    [va] => 0
    [p] => 3
    [v] => 10
)
files:Array
(
)

[2025/08/07 23:48:38]--------------------------------------------------
post:Array
(
)
get:Array
(
    [n] => 1
    [p] => 1
    [v] => 10
)
files:Array
(
)

[2025/08/07 23:48:38]--------------------------------------------------
post:Array
(
)
get:Array
(
    [n] => 3
    [m] => 20
    [fd] => waza1_1
    [va] => 5
    [p] => 6
    [v] => 10
)
files:Array
(
)

[2025/08/07 23:48:41]--------------------------------------------------
post:Array
(
)
get:Array
(
    [n] => 3
    [m] => 20
    [fd] => waza1_1
    [va] => 7
    [p] => 6
    [v] => 10
)
files:Array
(
)

[2025/08/07 23:48:41]--------------------------------------------------
post:Array
(
)
get:Array
(
    [n] => 1
    [p] => 1
    [v] => 10
)
files:Array
(
)

[2025/08/07 23:48:42]--------------------------------------------------
post:Array
(
)
get:Array
(
    [n] => 3
    [m] => 41
    [fd] => faul1_2
    [va] => 1
    [p] => 2
    [v] => 10
)
files:Array
(
)

[2025/08/07 23:48:43]--------------------------------------------------
post:Array
(
)
get:Array
(
    [n] => 1
    [p] => 4
    [v] => 10
)
files:Array
(
)

[2025/08/07 23:48:45]--------------------------------------------------
post:Array
(
)
get:Array
(
    [n] => 3
    [m] => 55
    [fd] => waza1_1
    [va] => 1
    [p] => 3
    [v] => 10
)
files:Array
(
)

[2025/08/07 23:48:46]--------------------------------------------------
post:Array
(
)
get:Array
(
    [n] => 1
    [p] => 7
    [v] => 10
)
files:Array
(
)

[2025/08/07 23:48:47]--------------------------------------------------
post:Array
(
)
get:Array
(
    [n] => 1
    [p] => 3
    [v] => 10
)
files:Array
(
)

[2025/08/07 23:48:49]--------------------------------------------------
post:Array
(
)
get:Array
(
    [n] => 3
    [m] => 20
    [fd] => waza1_2
    [va] => 4
    [p] => 6
    [v] => 10
)
files:Array
(
)

[2025/08/07 23:48:50]--------------------------------------------------
post:Array
(
)
get:Array
(
    [n] => 3
    [m] => 24
    [fd] => waza1_1
    [va] => 0
    [p] => 7
    [v] => 10
)
files:Array
(
)

[2025/08/07 23:48:52]--------------------------------------------------
post:Array
(
)
get:Array
(
    [n] => 3
    [m] => 60
    [fd] => faul2_1
    [va] => 2
    [p] => 4
    [v] => 10
)
files:Array
(
)

[2025/08/07 23:48:52]--------------------------------------------------
post:Array
(
)
get:Array
(
    [n] => 3
    [m] => 24
    [fd] => waza2_2
    [va] => 0
    [p] => 7
    [v] => 10
)
files:Array
(
)

[2025/08/07 23:48:54]--------------------------------------------------
post:Array
(
)
get:Array
(
    [n] => 3
    [m] => 24
    [fd] => waza1_3
    [va] => 0
    [p] => 7
    [v] => 10
)
files:Array
(
)

[2025/08/07 23:48:55]--------------------------------------------------
post:Array
(
)
get:Array
(
    [n] => 3
    [m] => 55
    [fd] => waza1_1
    [va] => 0
    [p] => 3
    [v] => 10
)
files:Array
(
)

[2025/08/07 23:48:56]--------------------------------------------------
post:Array
(
)
get:Array
(
    [n] => 3
    [m] => 20
    [fd] => waza1_2
    [va] => 0
    [p] => 6
    [v] => 10
)
files:Array
(
)

[2025/08/07 23:48:59]--------------------------------------------------
post:Array
(
)
get:Array
(
    [n] => 3
    [m] => 24
    [fd] => faul1_2
    [va] => 1
    [p] => 7
    [v] => 10
)
files:Array
(
)

[2025/08/07 23:48:59]--------------------------------------------------
post:Array
(
)
get:Array
(
    [n] => 3
    [m] => 20
    [fd] => waza2_2
    [va] => 3
    [p] => 6
    [v] => 10
)
files:Array
(
)

[2025/08/07 23:49:03]--------------------------------------------------
post:Array
(
)
get:Array
(
    [n] => 3
    [m] => 20
    [fd] => waza2_2
    [va] => 0
    [p] => 6
    [v] => 10
)
files:Array
(
)

[2025/08/07 23:49:04]--------------------------------------------------
post:Array
(
)
get:Array
(
    [n] => 3
    [m] => 24
    [fd] => faul1_2
    [va] => 0
    [p] => 7
    [v] => 10
)
files:Array
(
)

[2025/08/07 23:49:06]--------------------------------------------------
post:Array
(
)
get:Array
(
    [n] => 3
    [m] => 20
    [fd] => waza1_1
    [va] => 0
    [p] => 6
    [v] => 10
)
files:Array
(
)

[2025/08/07 23:49:07]--------------------------------------------------
post:Array
(
)
get:Array
(
    [n] => 3
    [m] => 60
    [fd] => faul2_2
    [va] => 1
    [p] => 4
    [v] => 10
)
files:Array
(
)

[2025/08/07 23:49:15]--------------------------------------------------
post:Array
(
)
get:Array
(
    [n] => 3
    [m] => 41
    [fd] => waza2_2
    [va] => 1
    [p] => 2
    [v] => 10
)
files:Array
(
)

[2025/08/07 23:49:21]--------------------------------------------------
post:Array
(
)
get:Array
(
    [n] => 3
    [m] => 24
    [fd] => waza1_1
    [va] => 1
    [p] => 7
    [v] => 10
)
files:Array
(
)

[2025/08/07 23:49:24]--------------------------------------------------
post:Array
(
)
get:Array
(
    [n] => 3
    [m] => 24
    [fd] => waza1_1
    [va] => 0
    [p] => 7
    [v] => 10
)
files:Array
(
)

[2025/08/07 23:49:29]--------------------------------------------------
post:Array
(
)
get:Array
(
    [n] => 3
    [m] => 24
    [fd] => waza2_1
    [va] => 1
    [p] => 7
    [v] => 10
)
files:Array
(
)

[2025/08/07 23:49:29]--------------------------------------------------
post:Array
(
)
get:Array
(
    [n] => 3
    [m] => 16
    [fd] => waza1_3
    [va] => 1
    [p] => 5
    [v] => 10
)
files:Array
(
)

[2025/08/07 23:49:30]--------------------------------------------------
post:Array
(
)
get:Array
(
    [n] => 3
    [m] => 49
    [fd] => waza1_1
    [va] => 1
    [p] => 1
    [v] => 10
)
files:Array
(
)

[2025/08/07 23:49:30]--------------------------------------------------
post:Array
(
)
get:Array
(
    [n] => 3
    [m] => 60
    [fd] => waza1_1
    [va] => 4
    [p] => 4
    [v] => 10
)
files:Array
(
)

[2025/08/07 23:49:31]--------------------------------------------------
post:Array
(
)
get:Array
(
    [n] => 3
    [m] => 24
    [fd] => waza2_2
    [va] => 2
    [p] => 7
    [v] => 10
)
files:Array
(
)

[2025/08/07 23:49:32]--------------------------------------------------
post:Array
(
)
get:Array
(
    [n] => 3
    [m] => 41
    [fd] => waza1_3
    [va] => 3
    [p] => 2
    [v] => 10
)
files:Array
(
)

[2025/08/07 23:49:34]--------------------------------------------------
post:Array
(
)
get:Array
(
    [n] => 3
    [m] => 16
    [fd] => waza1_3
    [va] => 0
    [p] => 5
    [v] => 10
)
files:Array
(
)

[2025/08/07 23:49:34]--------------------------------------------------
post:Array
(
)
get:Array
(
    [n] => 3
    [m] => 24
    [fd] => waza2_1
    [va] => 0
    [p] => 7
    [v] => 10
)
files:Array
(
)

[2025/08/07 23:49:36]--------------------------------------------------
post:Array
(
)
get:Array
(
    [n] => 3
    [m] => 49
    [fd] => waza1_1
    [va] => 0
    [p] => 1
    [v] => 10
)
files:Array
(
)

[2025/08/07 23:49:36]--------------------------------------------------
post:Array
(
)
get:Array
(
    [n] => 3
    [m] => 24
    [fd] => waza2_2
    [va] => 0
    [p] => 7
    [v] => 10
)
files:Array
(
)

[2025/08/07 23:49:37]--------------------------------------------------
post:Array
(
)
get:Array
(
    [n] => 1
    [p] => 2
    [v] => 10
)
files:Array
(
)

[2025/08/07 23:49:42]--------------------------------------------------
post:Array
(
)
get:Array
(
    [n] => 3
    [m] => 60
    [fd] => faul2_1
    [va] => 0
    [p] => 4
    [v] => 10
)
files:Array
(
)

[2025/08/07 23:49:42]--------------------------------------------------
post:Array
(
)
get:Array
(
    [n] => 3
    [m] => 49
    [fd] => waza1_1
    [va] => 1
    [p] => 1
    [v] => 10
)
files:Array
(
)

[2025/08/07 23:49:46]--------------------------------------------------
post:Array
(
)
get:Array
(
    [n] => 1
    [p] => 2
    [v] => 10
)
files:Array
(
)

[2025/08/07 23:49:46]--------------------------------------------------
post:Array
(
)
get:Array
(
    [n] => 3
    [m] => 60
    [fd] => faul2_2
    [va] => 0
    [p] => 4
    [v] => 10
)
files:Array
(
)

[2025/08/07 23:49:47]--------------------------------------------------
post:Array
(
)
get:Array
(
    [n] => 3
    [m] => 16
    [fd] => waza2_1
    [va] => 5
    [p] => 5
    [v] => 10
)
files:Array
(
)

[2025/08/07 23:49:51]--------------------------------------------------
post:Array
(
)
get:Array
(
    [n] => 3
    [m] => 16
    [fd] => waza2_1
    [va] => 0
    [p] => 5
    [v] => 10
)
files:Array
(
)

[2025/08/07 23:49:53]--------------------------------------------------
post:Array
(
)
get:Array
(
    [n] => 1
    [p] => 7
    [v] => 10
)
files:Array
(
)

[2025/08/07 23:49:53]--------------------------------------------------
post:Array
(
)
get:Array
(
    [n] => 3
    [m] => 49
    [fd] => waza2_2
    [va] => 1
    [p] => 1
    [v] => 10
)
files:Array
(
)

[2025/08/07 23:49:56]--------------------------------------------------
post:Array
(
)
get:Array
(
    [n] => 3
    [m] => 49
    [fd] => waza1_3
    [va] => 1
    [p] => 1
    [v] => 10
)
files:Array
(
)

[2025/08/07 23:50:01]--------------------------------------------------
post:Array
(
)
get:Array
(
    [n] => 3
    [m] => 49
    [fd] => waza1_1
    [va] => 0
    [p] => 1
    [v] => 10
)
files:Array
(
)

[2025/08/07 23:50:03]--------------------------------------------------
post:Array
(
)
get:Array
(
    [n] => 3
    [m] => 49
    [fd] => waza2_2
    [va] => 0
    [p] => 1
    [v] => 10
)
files:Array
(
)

[2025/08/07 23:50:04]--------------------------------------------------
post:Array
(
)
get:Array
(
    [n] => 3
    [m] => 49
    [fd] => waza1_3
    [va] => 0
    [p] => 1
    [v] => 10
)
files:Array
(
)

[2025/08/07 23:50:07]--------------------------------------------------
post:Array
(
)
get:Array
(
    [n] => 1
    [p] => 3
    [v] => 10
)
files:Array
(
)

[2025/08/07 23:50:08]--------------------------------------------------
post:Array
(
)
get:Array
(
    [n] => 3
    [m] => 49
    [fd] => extra
    [va] => 1
    [p] => 1
    [v] => 10
)
files:Array
(
)

[2025/08/07 23:50:09]--------------------------------------------------
post:Array
(
)
get:Array
(
    [n] => 3
    [m] => 49
    [fd] => extra
    [va] => 0
    [p] => 1
    [v] => 10
)
files:Array
(
)

[2025/08/07 23:50:09]--------------------------------------------------
post:Array
(
)
get:Array
(
    [n] => 3
    [m] => 16
    [fd] => waza1_1
    [va] => 1
    [p] => 5
    [v] => 10
)
files:Array
(
)

[2025/08/07 23:50:10]--------------------------------------------------
post:Array
(
)
get:Array
(
    [n] => 1
    [p] => 3
    [v] => 10
)
files:Array
(
)

[2025/08/07 23:50:11]--------------------------------------------------
post:Array
(
)
get:Array
(
    [n] => 3
    [m] => 16
    [fd] => waza1_2
    [va] => 1
    [p] => 5
    [v] => 10
)
files:Array
(
)

[2025/08/07 23:50:12]--------------------------------------------------
post:Array
(
)
get:Array
(
    [n] => 3
    [m] => 16
    [fd] => waza1_3
    [va] => 1
    [p] => 5
    [v] => 10
)
files:Array
(
)

[2025/08/07 23:50:13]--------------------------------------------------
post:Array
(
)
get:Array
(
    [n] => 1
    [p] => 3
    [v] => 10
)
files:Array
(
)

[2025/08/07 23:50:13]--------------------------------------------------
post:Array
(
)
get:Array
(
    [n] => 3
    [m] => 16
    [fd] => extra
    [va] => 1
    [p] => 5
    [v] => 10
)
files:Array
(
)

[2025/08/07 23:50:13]--------------------------------------------------
post:Array
(
)
get:Array
(
    [n] => 1
    [p] => 1
    [v] => 10
)
files:Array
(
)

[2025/08/07 23:50:16]--------------------------------------------------
post:Array
(
)
get:Array
(
    [n] => 1
    [p] => 1
    [v] => 10
)
files:Array
(
)

[2025/08/07 23:50:18]--------------------------------------------------
post:Array
(
)
get:Array
(
    [n] => 3
    [m] => 16
    [fd] => faul2_1
    [va] => 2
    [p] => 5
    [v] => 10
)
files:Array
(
)

[2025/08/07 23:50:20]--------------------------------------------------
post:Array
(
)
get:Array
(
    [n] => 3
    [m] => 16
    [fd] => faul2_2
    [va] => 1
    [p] => 5
    [v] => 10
)
files:Array
(
)

[2025/08/07 23:50:21]--------------------------------------------------
post:Array
(
)
get:Array
(
    [n] => 3
    [m] => 60
    [fd] => waza2_2
    [va] => 1
    [p] => 4
    [v] => 10
)
files:Array
(
)

[2025/08/07 23:50:21]--------------------------------------------------
post:Array
(
)
get:Array
(
    [n] => 3
    [m] => 25
    [fd] => waza1_1
    [va] => 2
    [p] => 7
    [v] => 10
)
files:Array
(
)

[2025/08/07 23:50:25]--------------------------------------------------
post:Array
(
)
get:Array
(
    [n] => 3
    [m] => 16
    [fd] => waza1_1
    [va] => 4
    [p] => 5
    [v] => 10
)
files:Array
(
)

[2025/08/07 23:50:27]--------------------------------------------------
post:Array
(
)
get:Array
(
    [n] => 3
    [m] => 60
    [fd] => waza2_3
    [va] => 2
    [p] => 4
    [v] => 10
)
files:Array
(
)

[2025/08/07 23:50:27]--------------------------------------------------
post:Array
(
)
get:Array
(
    [n] => 3
    [m] => 16
    [fd] => waza1_2
    [va] => 4
    [p] => 5
    [v] => 10
)
files:Array
(
)

[2025/08/07 23:50:29]--------------------------------------------------
post:Array
(
)
get:Array
(
    [n] => 3
    [m] => 16
    [fd] => waza1_3
    [va] => 4
    [p] => 5
    [v] => 10
)
files:Array
(
)

[2025/08/07 23:50:34]--------------------------------------------------
post:Array
(
)
get:Array
(
    [n] => 3
    [m] => 16
    [fd] => waza1_1
    [va] => 0
    [p] => 5
    [v] => 10
)
files:Array
(
)

[2025/08/07 23:50:36]--------------------------------------------------
post:Array
(
)
get:Array
(
    [n] => 3
    [m] => 16
    [fd] => waza1_2
    [va] => 0
    [p] => 5
    [v] => 10
)
files:Array
(
)

[2025/08/07 23:50:38]--------------------------------------------------
post:Array
(
)
get:Array
(
    [n] => 3
    [m] => 16
    [fd] => waza1_3
    [va] => 0
    [p] => 5
    [v] => 10
)
files:Array
(
)

[2025/08/07 23:50:39]--------------------------------------------------
post:Array
(
)
get:Array
(
    [n] => 3
    [m] => 60
    [fd] => waza2_3
    [va] => 0
    [p] => 4
    [v] => 10
)
files:Array
(
)

[2025/08/07 23:50:42]--------------------------------------------------
post:Array
(
)
get:Array
(
    [n] => 3
    [m] => 16
    [fd] => faul2_1
    [va] => 0
    [p] => 5
    [v] => 10
)
files:Array
(
)

[2025/08/07 23:50:42]--------------------------------------------------
post:Array
(
)
get:Array
(
    [n] => 3
    [m] => 60
    [fd] => extra
    [va] => 1
    [p] => 4
    [v] => 10
)
files:Array
(
)

[2025/08/07 23:50:42]--------------------------------------------------
post:Array
(
)
get:Array
(
    [n] => 3
    [m] => 49
    [fd] => waza1_1
    [va] => 1
    [p] => 1
    [v] => 10
)
files:Array
(
)

[2025/08/07 23:50:43]--------------------------------------------------
post:Array
(
)
get:Array
(
    [n] => 3
    [m] => 16
    [fd] => faul2_2
    [va] => 0
    [p] => 5
    [v] => 10
)
files:Array
(
)

[2025/08/07 23:50:46]--------------------------------------------------
post:Array
(
)
get:Array
(
    [n] => 3
    [m] => 16
    [fd] => extra
    [va] => 0
    [p] => 5
    [v] => 10
)
files:Array
(
)

[2025/08/07 23:50:47]--------------------------------------------------
post:Array
(
)
get:Array
(
    [n] => 3
    [m] => 49
    [fd] => waza1_2
    [va] => 1
    [p] => 1
    [v] => 10
)
files:Array
(
)

[2025/08/07 23:50:48]--------------------------------------------------
post:Array
(
)
get:Array
(
    [n] => 1
    [p] => 5
    [v] => 10
)
files:Array
(
)

[2025/08/07 23:50:54]--------------------------------------------------
post:Array
(
)
get:Array
(
    [n] => 3
    [m] => 25
    [fd] => faul1_2
    [va] => 1
    [p] => 7
    [v] => 10
)
files:Array
(
)

[2025/08/07 23:50:54]--------------------------------------------------
post:Array
(
)
get:Array
(
    [n] => 3
    [m] => 60
    [fd] => waza1_3
    [va] => 1
    [p] => 4
    [v] => 10
)
files:Array
(
)

[2025/08/07 23:50:59]--------------------------------------------------
post:Array
(
)
get:Array
(
    [n] => 3
    [m] => 17
    [fd] => waza1_1
    [va] => 2
    [p] => 5
    [v] => 10
)
files:Array
(
)

[2025/08/07 23:51:01]--------------------------------------------------
post:Array
(
)
get:Array
(
    [n] => 3
    [m] => 25
    [fd] => faul2_2
    [va] => 1
    [p] => 7
    [v] => 10
)
files:Array
(
)

[2025/08/07 23:51:05]--------------------------------------------------
post:Array
(
)
get:Array
(
    [n] => 3
    [m] => 17
    [fd] => waza2_2
    [va] => 1
    [p] => 5
    [v] => 10
)
files:Array
(
)

[2025/08/07 23:51:06]--------------------------------------------------
post:Array
(
)
get:Array
(
    [n] => 3
    [m] => 25
    [fd] => faul1_2
    [va] => 0
    [p] => 7
    [v] => 10
)
files:Array
(
)

[2025/08/07 23:51:07]--------------------------------------------------
post:Array
(
)
get:Array
(
    [n] => 3
    [m] => 55
    [fd] => waza1_2
    [va] => 3
    [p] => 3
    [v] => 10
)
files:Array
(
)

[2025/08/07 23:51:07]--------------------------------------------------
post:Array
(
)
get:Array
(
    [n] => 3
    [m] => 25
    [fd] => faul2_2
    [va] => 0
    [p] => 7
    [v] => 10
)
files:Array
(
)

[2025/08/07 23:51:07]--------------------------------------------------
post:Array
(
)
get:Array
(
    [n] => 3
    [m] => 17
    [fd] => waza1_3
    [va] => 1
    [p] => 5
    [v] => 10
)
files:Array
(
)

[2025/08/07 23:51:10]--------------------------------------------------
post:Array
(
)
get:Array
(
    [n] => 3
    [m] => 25
    [fd] => faul1_1
    [va] => 2
    [p] => 7
    [v] => 10
)
files:Array
(
)

[2025/08/07 23:51:11]--------------------------------------------------
post:Array
(
)
get:Array
(
    [n] => 1
    [p] => 4
    [v] => 10
)
files:Array
(
)

[2025/08/07 23:51:11]--------------------------------------------------
post:Array
(
)
get:Array
(
    [n] => 3
    [m] => 25
    [fd] => faul2_1
    [va] => 2
    [p] => 7
    [v] => 10
)
files:Array
(
)

[2025/08/07 23:51:12]--------------------------------------------------
post:Array
(
)
get:Array
(
    [n] => 3
    [m] => 17
    [fd] => waza1_3
    [va] => 0
    [p] => 5
    [v] => 10
)
files:Array
(
)

[2025/08/07 23:51:14]--------------------------------------------------
post:Array
(
)
get:Array
(
    [n] => 3
    [m] => 55
    [fd] => waza1_2
    [va] => 0
    [p] => 3
    [v] => 10
)
files:Array
(
)

[2025/08/07 23:51:21]--------------------------------------------------
post:Array
(
)
get:Array
(
    [n] => 3
    [m] => 25
    [fd] => waza2_2
    [va] => 3
    [p] => 7
    [v] => 10
)
files:Array
(
)

[2025/08/07 23:51:32]--------------------------------------------------
post:Array
(
)
get:Array
(
    [n] => 3
    [m] => 17
    [fd] => waza1_3
    [va] => 5
    [p] => 5
    [v] => 10
)
files:Array
(
)

[2025/08/07 23:51:34]--------------------------------------------------
post:Array
(
)
get:Array
(
    [n] => 3
    [m] => 17
    [fd] => waza1_3
    [va] => 1
    [p] => 5
    [v] => 10
)
files:Array
(
)

[2025/08/07 23:51:35]--------------------------------------------------
post:Array
(
)
get:Array
(
    [n] => 3
    [m] => 20
    [fd] => waza1_1
    [va] => 1
    [p] => 6
    [v] => 10
)
files:Array
(
)

[2025/08/07 23:51:38]--------------------------------------------------
post:Array
(
)
get:Array
(
    [n] => 1
    [p] => 5
    [v] => 10
)
files:Array
(
)

[2025/08/07 23:51:40]--------------------------------------------------
post:Array
(
)
get:Array
(
    [n] => 3
    [m] => 25
    [fd] => faul1_1
    [va] => 0
    [p] => 7
    [v] => 10
)
files:Array
(
)

[2025/08/07 23:51:41]--------------------------------------------------
post:Array
(
)
get:Array
(
    [n] => 3
    [m] => 25
    [fd] => faul1_2
    [va] => 1
    [p] => 7
    [v] => 10
)
files:Array
(
)

[2025/08/07 23:51:44]--------------------------------------------------
post:Array
(
)
get:Array
(
    [n] => 3
    [m] => 25
    [fd] => faul1_1
    [va] => 2
    [p] => 7
    [v] => 10
)
files:Array
(
)

[2025/08/07 23:51:45]--------------------------------------------------
post:Array
(
)
get:Array
(
    [n] => 3
    [m] => 20
    [fd] => waza2_2
    [va] => 3
    [p] => 6
    [v] => 10
)
files:Array
(
)

[2025/08/07 23:51:55]--------------------------------------------------
post:Array
(
)
get:Array
(
    [n] => 1
    [p] => 5
    [v] => 10
)
files:Array
(
)

[2025/08/07 23:51:55]--------------------------------------------------
post:Array
(
)
get:Array
(
    [n] => 3
    [m] => 60
    [fd] => faul1_1
    [va] => 2
    [p] => 4
    [v] => 10
)
files:Array
(
)

[2025/08/07 23:51:58]--------------------------------------------------
post:Array
(
)
get:Array
(
    [n] => 3
    [m] => 18
    [fd] => waza1_1
    [va] => 5
    [p] => 5
    [v] => 10
)
files:Array
(
)

[2025/08/07 23:51:58]--------------------------------------------------
post:Array
(
)
get:Array
(
    [n] => 3
    [m] => 60
    [fd] => faul1_2
    [va] => 1
    [p] => 4
    [v] => 10
)
files:Array
(
)

[2025/08/07 23:52:01]--------------------------------------------------
post:Array
(
)
get:Array
(
    [n] => 3
    [m] => 60
    [fd] => faul1_1
    [va] => 0
    [p] => 4
    [v] => 10
)
files:Array
(
)

[2025/08/07 23:52:02]--------------------------------------------------
post:Array
(
)
get:Array
(
    [n] => 3
    [m] => 25
    [fd] => faul1_2
    [va] => 0
    [p] => 7
    [v] => 10
)
files:Array
(
)

[2025/08/07 23:52:04]--------------------------------------------------
post:Array
(
)
get:Array
(
    [n] => 3
    [m] => 60
    [fd] => waza1_1
    [va] => 2
    [p] => 4
    [v] => 10
)
files:Array
(
)

[2025/08/07 23:52:06]--------------------------------------------------
post:Array
(
)
get:Array
(
    [n] => 1
    [p] => 5
    [v] => 10
)
files:Array
(
)

[2025/08/07 23:52:08]--------------------------------------------------
post:Array
(
)
get:Array
(
    [n] => 3
    [m] => 60
    [fd] => waza2_2
    [va] => 2
    [p] => 4
    [v] => 10
)
files:Array
(
)

[2025/08/07 23:52:10]--------------------------------------------------
post:Array
(
)
get:Array
(
    [n] => 3
    [m] => 60
    [fd] => waza1_3
    [va] => 0
    [p] => 4
    [v] => 10
)
files:Array
(
)

[2025/08/07 23:52:10]--------------------------------------------------
post:Array
(
)
get:Array
(
    [n] => 3
    [m] => 25
    [fd] => faul1_2
    [va] => 1
    [p] => 7
    [v] => 10
)
files:Array
(
)

[2025/08/07 23:52:13]--------------------------------------------------
post:Array
(
)
get:Array
(
    [n] => 3
    [m] => 18
    [fd] => waza1_2
    [va] => 5
    [p] => 5
    [v] => 10
)
files:Array
(
)

[2025/08/07 23:52:20]--------------------------------------------------
post:Array
(
)
get:Array
(
    [n] => 3
    [m] => 20
    [fd] => waza2_2
    [va] => 0
    [p] => 6
    [v] => 10
)
files:Array
(
)

[2025/08/07 23:52:22]--------------------------------------------------
post:Array
(
)
get:Array
(
    [n] => 1
    [p] => 5
    [v] => 10
)
files:Array
(
)

[2025/08/07 23:52:25]--------------------------------------------------
post:Array
(
)
get:Array
(
    [n] => 3
    [m] => 20
    [fd] => waza2_2
    [va] => 3
    [p] => 6
    [v] => 10
)
files:Array
(
)

[2025/08/07 23:52:27]--------------------------------------------------
post:Array
(
)
get:Array
(
    [n] => 1
    [p] => 5
    [v] => 10
)
files:Array
(
)

[2025/08/07 23:52:39]--------------------------------------------------
post:Array
(
)
get:Array
(
    [n] => 3
    [m] => 20
    [fd] => extra
    [va] => 1
    [p] => 6
    [v] => 10
)
files:Array
(
)

[2025/08/07 23:52:40]--------------------------------------------------
post:Array
(
)
get:Array
(
    [n] => 3
    [m] => 25
    [fd] => waza2_3
    [va] => 7
    [p] => 7
    [v] => 10
)
files:Array
(
)

[2025/08/07 23:52:43]--------------------------------------------------
post:Array
(
)
get:Array
(
    [n] => 3
    [m] => 20
    [fd] => extra
    [va] => 0
    [p] => 6
    [v] => 10
)
files:Array
(
)

[2025/08/07 23:52:46]--------------------------------------------------
post:Array
(
)
get:Array
(
    [n] => 3
    [m] => 25
    [fd] => waza2_3
    [va] => 4
    [p] => 7
    [v] => 10
)
files:Array
(
)

[2025/08/07 23:52:58]--------------------------------------------------
post:Array
(
)
get:Array
(
    [n] => 3
    [m] => 25
    [fd] => waza2_3
    [va] => 0
    [p] => 7
    [v] => 10
)
files:Array
(
)

[2025/08/07 23:52:58]--------------------------------------------------
post:Array
(
)
get:Array
(
    [n] => 1
    [p] => 1
    [v] => 10
)
files:Array
(
)

[2025/08/07 23:53:00]--------------------------------------------------
post:Array
(
)
get:Array
(
    [n] => 1
    [p] => 3
    [v] => 10
)
files:Array
(
)

[2025/08/07 23:53:00]--------------------------------------------------
post:Array
(
)
get:Array
(
    [n] => 1
    [p] => 6
    [v] => 10
)
files:Array
(
)

[2025/08/07 23:53:03]--------------------------------------------------
post:Array
(
)
get:Array
(
    [n] => 1
    [p] => 1
    [v] => 10
)
files:Array
(
)

[2025/08/07 23:53:04]--------------------------------------------------
post:Array
(
)
get:Array
(
    [n] => 3
    [m] => 56
    [fd] => faul1_1
    [va] => 2
    [p] => 3
    [v] => 10
)
files:Array
(
)

[2025/08/07 23:53:08]--------------------------------------------------
post:Array
(
)
get:Array
(
    [n] => 3
    [m] => 56
    [fd] => faul1_2
    [va] => 1
    [p] => 3
    [v] => 10
)
files:Array
(
)

[2025/08/07 23:53:09]--------------------------------------------------
post:Array
(
)
get:Array
(
    [n] => 3
    [m] => 56
    [fd] => faul1_1
    [va] => 0
    [p] => 3
    [v] => 10
)
files:Array
(
)

[2025/08/07 23:53:10]--------------------------------------------------
post:Array
(
)
get:Array
(
    [n] => 3
    [m] => 21
    [fd] => waza1_1
    [va] => 1
    [p] => 6
    [v] => 10
)
files:Array
(
)

[2025/08/07 23:53:11]--------------------------------------------------
post:Array
(
)
get:Array
(
    [n] => 3
    [m] => 56
    [fd] => waza2_1
    [va] => 4
    [p] => 3
    [v] => 10
)
files:Array
(
)

[2025/08/07 23:53:14]--------------------------------------------------
post:Array
(
)
get:Array
(
    [n] => 3
    [m] => 56
    [fd] => waza2_1
    [va] => 0
    [p] => 3
    [v] => 10
)
files:Array
(
)

[2025/08/07 23:53:17]--------------------------------------------------
post:Array
(
)
get:Array
(
    [n] => 3
    [m] => 56
    [fd] => faul1_2
    [va] => 0
    [p] => 3
    [v] => 10
)
files:Array
(
)

[2025/08/07 23:53:20]--------------------------------------------------
post:Array
(
)
get:Array
(
    [n] => 1
    [p] => 6
    [v] => 10
)
files:Array
(
)

[2025/08/07 23:53:20]--------------------------------------------------
post:Array
(
)
get:Array
(
    [n] => 3
    [m] => 60
    [fd] => waza1_3
    [va] => 0
    [p] => 4
    [v] => 10
)
files:Array
(
)

[2025/08/07 23:53:28]--------------------------------------------------
post:Array
(
)
get:Array
(
    [n] => 3
    [m] => 25
    [fd] => faul1_2
    [va] => 0
    [p] => 7
    [v] => 10
)
files:Array
(
)

[2025/08/07 23:53:32]--------------------------------------------------
post:Array
(
)
get:Array
(
    [n] => 3
    [m] => 25
    [fd] => faul1_2
    [va] => 1
    [p] => 7
    [v] => 10
)
files:Array
(
)

[2025/08/07 23:53:34]--------------------------------------------------
post:Array
(
)
get:Array
(
    [n] => 1
    [p] => 6
    [v] => 10
)
files:Array
(
)

[2025/08/07 23:53:35]--------------------------------------------------
post:Array
(
)
get:Array
(
    [n] => 3
    [m] => 25
    [fd] => waza2_3
    [va] => 4
    [p] => 7
    [v] => 10
)
files:Array
(
)

[2025/08/07 23:53:43]--------------------------------------------------
post:Array
(
)
get:Array
(
    [n] => 3
    [m] => 50
    [fd] => waza2_1
    [va] => 7
    [p] => 1
    [v] => 10
)
files:Array
(
)

[2025/08/07 23:53:49]--------------------------------------------------
post:Array
(
)
get:Array
(
    [n] => 3
    [m] => 56
    [fd] => waza1_1
    [va] => 1
    [p] => 3
    [v] => 10
)
files:Array
(
)

[2025/08/07 23:53:52]--------------------------------------------------
post:Array
(
)
get:Array
(
    [n] => 1
    [p] => 3
    [v] => 10
)
files:Array
(
)

[2025/08/07 23:54:00]--------------------------------------------------
post:Array
(
)
get:Array
(
    [n] => 3
    [m] => 60
    [fd] => waza2_2
    [va] => 0
    [p] => 4
    [v] => 10
)
files:Array
(
)

[2025/08/07 23:54:01]--------------------------------------------------
post:Array
(
)
get:Array
(
    [n] => 3
    [m] => 50
    [fd] => waza2_1
    [va] => 3
    [p] => 1
    [v] => 10
)
files:Array
(
)

[2025/08/07 23:54:05]--------------------------------------------------
post:Array
(
)
get:Array
(
    [n] => 3
    [m] => 22
    [fd] => waza1_1
    [va] => 3
    [p] => 6
    [v] => 10
)
files:Array
(
)

[2025/08/07 23:54:07]--------------------------------------------------
post:Array
(
)
get:Array
(
    [n] => 1
    [p] => 5
    [v] => 10
)
files:Array
(
)

[2025/08/07 23:54:09]--------------------------------------------------
post:Array
(
)
get:Array
(
    [n] => 1
    [p] => 3
    [v] => 10
)
files:Array
(
)

[2025/08/07 23:54:17]--------------------------------------------------
post:Array
(
)
get:Array
(
    [n] => 1
    [p] => 4
    [v] => 10
)
files:Array
(
)

[2025/08/07 23:54:18]--------------------------------------------------
post:Array
(
)
get:Array
(
    [n] => 3
    [m] => 50
    [fd] => waza2_1
    [va] => 0
    [p] => 1
    [v] => 10
)
files:Array
(
)

[2025/08/07 23:54:21]--------------------------------------------------
post:Array
(
)
get:Array
(
    [n] => 1
    [p] => 3
    [v] => 10
)
files:Array
(
)

[2025/08/07 23:54:23]--------------------------------------------------
post:Array
(
)
get:Array
(
    [n] => 1
    [p] => 5
    [v] => 10
)
files:Array
(
)

[2025/08/07 23:54:29]--------------------------------------------------
post:Array
(
)
get:Array
(
    [n] => 1
    [p] => 1
    [v] => 10
)
files:Array
(
)

[2025/08/07 23:54:29]--------------------------------------------------
post:Array
(
)
get:Array
(
    [n] => 3
    [m] => 59
    [fd] => faul1_2
    [va] => 1
    [p] => 4
    [v] => 10
)
files:Array
(
)

[2025/08/07 23:54:30]--------------------------------------------------
post:Array
(
)
get:Array
(
    [n] => 3
    [m] => 25
    [fd] => faul1_2
    [va] => 0
    [p] => 7
    [v] => 10
)
files:Array
(
)

[2025/08/07 23:54:31]--------------------------------------------------
post:Array
(
)
get:Array
(
    [n] => 3
    [m] => 25
    [fd] => faul1_1
    [va] => 0
    [p] => 7
    [v] => 10
)
files:Array
(
)

[2025/08/07 23:54:33]--------------------------------------------------
post:Array
(
)
get:Array
(
    [n] => 3
    [m] => 25
    [fd] => faul2_1
    [va] => 0
    [p] => 7
    [v] => 10
)
files:Array
(
)

[2025/08/07 23:54:35]--------------------------------------------------
post:Array
(
)
get:Array
(
    [n] => 3
    [m] => 25
    [fd] => waza1_1
    [va] => 0
    [p] => 7
    [v] => 10
)
files:Array
(
)

[2025/08/07 23:54:36]--------------------------------------------------
post:Array
(
)
get:Array
(
    [n] => 3
    [m] => 25
    [fd] => waza2_2
    [va] => 0
    [p] => 7
    [v] => 10
)
files:Array
(
)

[2025/08/07 23:54:36]--------------------------------------------------
post:Array
(
)
get:Array
(
    [n] => 3
    [m] => 59
    [fd] => waza1_1
    [va] => 0
    [p] => 4
    [v] => 10
)
files:Array
(
)

[2025/08/07 23:54:38]--------------------------------------------------
post:Array
(
)
get:Array
(
    [n] => 3
    [m] => 25
    [fd] => waza2_3
    [va] => 0
    [p] => 7
    [v] => 10
)
files:Array
(
)

[2025/08/07 23:54:38]--------------------------------------------------
post:Array
(
)
get:Array
(
    [n] => 3
    [m] => 22
    [fd] => faul2_2
    [va] => 1
    [p] => 6
    [v] => 10
)
files:Array
(
)

[2025/08/07 23:54:40]--------------------------------------------------
post:Array
(
)
get:Array
(
    [n] => 3
    [m] => 59
    [fd] => waza1_3
    [va] => 0
    [p] => 4
    [v] => 10
)
files:Array
(
)

[2025/08/07 23:54:49]--------------------------------------------------
post:Array
(
)
get:Array
(
    [n] => 3
    [m] => 22
    [fd] => waza2_2
    [va] => 3
    [p] => 6
    [v] => 10
)
files:Array
(
)

[2025/08/07 23:54:50]--------------------------------------------------
post:Array
(
)
get:Array
(
    [n] => 3
    [m] => 59
    [fd] => waza2_1
    [va] => 2
    [p] => 4
    [v] => 10
)
files:Array
(
)

[2025/08/07 23:54:54]--------------------------------------------------
post:Array
(
)
get:Array
(
    [n] => 1
    [p] => 5
    [v] => 10
)
files:Array
(
)

[2025/08/07 23:55:01]--------------------------------------------------
post:Array
(
)
get:Array
(
    [n] => 1
    [p] => 7
    [v] => 10
)
files:Array
(
)

[2025/08/07 23:55:01]--------------------------------------------------
post:Array
(
)
get:Array
(
    [n] => 1
    [p] => 5
    [v] => 10
)
files:Array
(
)

[2025/08/07 23:55:02]--------------------------------------------------
post:Array
(
)
get:Array
(
    [n] => 1
    [p] => 4
    [v] => 10
)
files:Array
(
)

[2025/08/07 23:55:02]--------------------------------------------------
post:Array
(
)
get:Array
(
    [n] => 3
    [m] => 22
    [fd] => waza1_3
    [va] => 3
    [p] => 6
    [v] => 10
)
files:Array
(
)

[2025/08/07 23:55:07]--------------------------------------------------
post:Array
(
)
get:Array
(
    [n] => 1
    [p] => 6
    [v] => 10
)
files:Array
(
)

[2025/08/07 23:55:08]--------------------------------------------------
post:Array
(
)
get:Array
(
    [n] => 1
    [p] => 5
    [v] => 10
)
files:Array
(
)

[2025/08/07 23:55:09]--------------------------------------------------
post:Array
(
)
get:Array
(
    [n] => 1
    [p] => 4
    [v] => 10
)
files:Array
(
)

[2025/08/07 23:55:09]--------------------------------------------------
post:Array
(
)
get:Array
(
    [n] => 3
    [m] => 24
    [fd] => faul1_1
    [va] => 2
    [p] => 7
    [v] => 10
)
files:Array
(
)

[2025/08/07 23:55:12]--------------------------------------------------
post:Array
(
)
get:Array
(
    [n] => 1
    [p] => 4
    [v] => 10
)
files:Array
(
)

[2025/08/07 23:55:13]--------------------------------------------------
post:Array
(
)
get:Array
(
    [n] => 3
    [m] => 24
    [fd] => faul1_1
    [va] => 0
    [p] => 7
    [v] => 10
)
files:Array
(
)

[2025/08/07 23:55:13]--------------------------------------------------
post:Array
(
)
get:Array
(
    [n] => 1
    [p] => 3
    [v] => 10
)
files:Array
(
)

[2025/08/07 23:55:13]--------------------------------------------------
post:Array
(
)
get:Array
(
    [n] => 1
    [p] => 6
    [v] => 10
)
files:Array
(
)

[2025/08/07 23:55:16]--------------------------------------------------
post:Array
(
)
get:Array
(
    [n] => 3
    [m] => 56
    [fd] => waza1_1
    [va] => 0
    [p] => 3
    [v] => 10
)
files:Array
(
)

[2025/08/07 23:55:17]--------------------------------------------------
post:Array
(
)
get:Array
(
    [n] => 1
    [p] => 8
    [v] => 10
)
files:Array
(
)

[2025/08/07 23:55:20]--------------------------------------------------
post:Array
(
)
get:Array
(
    [n] => 1
    [p] => 6
    [v] => 10
)
files:Array
(
)

[2025/08/07 23:55:27]--------------------------------------------------
post:Array
(
)
get:Array
(
    [n] => 3
    [m] => 56
    [fd] => waza1_1
    [va] => 1
    [p] => 3
    [v] => 10
)
files:Array
(
)

[2025/08/07 23:55:27]--------------------------------------------------
post:Array
(
)
get:Array
(
    [n] => 1
    [p] => 5
    [v] => 10
)
files:Array
(
)

[2025/08/07 23:55:35]--------------------------------------------------
post:Array
(
)
get:Array
(
    [n] => 1
    [p] => 3
    [v] => 10
)
files:Array
(
)

[2025/08/07 23:55:39]--------------------------------------------------
post:Array
(
)
get:Array
(
    [n] => 1
    [p] => 5
    [v] => 10
)
files:Array
(
)

[2025/08/07 23:55:42]--------------------------------------------------
post:Array
(
)
get:Array
(
    [n] => 1
    [p] => 8
    [v] => 10
)
files:Array
(
)

[2025/08/07 23:55:45]--------------------------------------------------
post:Array
(
)
get:Array
(
    [n] => 1
    [p] => 5
    [v] => 10
)
files:Array
(
)

