[2025/06/20 01:20:05]--------------------------------------------------
post:Array
(
)
get:Array
(
    [n] => 1
    [p] => 1
    [v] => 12
)
files:Array
(
)

[2025/06/20 01:26:20]--------------------------------------------------
post:Array
(
)
get:Array
(
    [n] => 1
    [p] => 1
    [v] => 12
)
files:Array
(
)

[2025/06/20 01:26:25]--------------------------------------------------
post:Array
(
)
get:Array
(
    [n] => 1
    [p] => 1
    [v] => 12
)
files:Array
(
)

[2025/06/20 01:27:54]--------------------------------------------------
post:Array
(
)
get:Array
(
    [n] => 3
    [m] => 137
    [fd] => waza1_1
    [va] => 1
    [p] => 1
    [v] => 12
)
files:Array
(
)

[2025/06/20 01:28:07]--------------------------------------------------
post:Array
(
)
get:Array
(
    [n] => 1
    [p] => 1
    [v] => 12
)
files:Array
(
)

[2025/06/20 01:28:10]--------------------------------------------------
post:Array
(
)
get:Array
(
    [n] => 1
    [p] => 1
    [v] => 12
)
files:Array
(
)

[2025/06/20 01:28:14]--------------------------------------------------
post:Array
(
)
get:Array
(
    [n] => 3
    [m] => 142
    [fd] => waza1_1
    [va] => 1
    [p] => 1
    [v] => 12
)
files:Array
(
)

[2025/06/20 01:28:16]--------------------------------------------------
post:Array
(
)
get:Array
(
    [n] => 3
    [m] => 142
    [fd] => waza1_2
    [va] => 1
    [p] => 1
    [v] => 12
)
files:Array
(
)

[2025/06/20 01:28:17]--------------------------------------------------
post:Array
(
)
get:Array
(
    [n] => 1
    [p] => 1
    [v] => 12
)
files:Array
(
)

[2025/06/20 01:28:24]--------------------------------------------------
post:Array
(
)
get:Array
(
    [n] => 1
    [p] => 1
    [v] => 12
)
files:Array
(
)

[2025/06/20 01:28:28]--------------------------------------------------
post:Array
(
)
get:Array
(
    [n] => 3
    [m] => 145
    [fd] => waza2_1
    [va] => 1
    [p] => 1
    [v] => 12
)
files:Array
(
)

[2025/06/20 01:28:35]--------------------------------------------------
post:Array
(
)
get:Array
(
    [n] => 3
    [m] => 145
    [fd] => faul2_2
    [va] => 1
    [p] => 1
    [v] => 12
)
files:Array
(
)

[2025/06/20 01:28:39]--------------------------------------------------
post:Array
(
)
get:Array
(
    [n] => 1
    [p] => 1
    [v] => 12
)
files:Array
(
)

[2025/06/20 01:28:42]--------------------------------------------------
post:Array
(
)
get:Array
(
    [n] => 1
    [p] => 1
    [v] => 12
)
files:Array
(
)

[2025/06/20 01:28:45]--------------------------------------------------
post:Array
(
)
get:Array
(
    [n] => 3
    [m] => 150
    [fd] => faul1_2
    [va] => 1
    [p] => 1
    [v] => 12
)
files:Array
(
)

[2025/06/20 01:28:49]--------------------------------------------------
post:Array
(
)
get:Array
(
    [n] => 3
    [m] => 150
    [fd] => faul2_2
    [va] => 1
    [p] => 1
    [v] => 12
)
files:Array
(
)

[2025/06/20 01:28:51]--------------------------------------------------
post:Array
(
)
get:Array
(
    [n] => 3
    [m] => 150
    [fd] => waza2_1
    [va] => 1
    [p] => 1
    [v] => 12
)
files:Array
(
)

[2025/06/20 01:28:54]--------------------------------------------------
post:Array
(
)
get:Array
(
    [n] => 1
    [p] => 1
    [v] => 12
)
files:Array
(
)

[2025/06/20 01:29:00]--------------------------------------------------
post:Array
(
)
get:Array
(
    [n] => 1
    [p] => 1
    [v] => 12
)
files:Array
(
)

[2025/06/20 01:29:04]--------------------------------------------------
post:Array
(
)
get:Array
(
    [n] => 3
    [m] => 153
    [fd] => faul1_2
    [va] => 1
    [p] => 1
    [v] => 12
)
files:Array
(
)

[2025/06/20 01:29:08]--------------------------------------------------
post:Array
(
)
get:Array
(
    [n] => 3
    [m] => 153
    [fd] => waza2_1
    [va] => 2
    [p] => 1
    [v] => 12
)
files:Array
(
)

[2025/06/20 01:29:09]--------------------------------------------------
post:Array
(
)
get:Array
(
    [n] => 1
    [p] => 1
    [v] => 12
)
files:Array
(
)

[2025/06/20 01:29:15]--------------------------------------------------
post:Array
(
)
get:Array
(
    [n] => 1
    [p] => 1
    [v] => 12
)
files:Array
(
)

[2025/06/20 01:29:18]--------------------------------------------------
post:Array
(
)
get:Array
(
    [n] => 3
    [m] => 158
    [fd] => faul2_2
    [va] => 1
    [p] => 1
    [v] => 12
)
files:Array
(
)

[2025/06/20 01:29:28]--------------------------------------------------
post:Array
(
)
get:Array
(
    [n] => 3
    [m] => 158
    [fd] => waza2_1
    [va] => 1
    [p] => 1
    [v] => 12
)
files:Array
(
)

[2025/06/20 01:29:30]--------------------------------------------------
post:Array
(
)
get:Array
(
    [n] => 1
    [p] => 1
    [v] => 12
)
files:Array
(
)

[2025/06/20 01:29:35]--------------------------------------------------
post:Array
(
)
get:Array
(
    [n] => 1
    [p] => 1
    [v] => 12
)
files:Array
(
)

[2025/06/20 01:29:40]--------------------------------------------------
post:Array
(
)
get:Array
(
    [n] => 3
    [m] => 64
    [fd] => faul1_2
    [va] => 1
    [p] => 1
    [v] => 12
)
files:Array
(
)

[2025/06/20 01:29:41]--------------------------------------------------
post:Array
(
)
get:Array
(
    [n] => 3
    [m] => 64
    [fd] => faul2_1
    [va] => 2
    [p] => 1
    [v] => 12
)
files:Array
(
)

[2025/06/20 01:29:43]--------------------------------------------------
post:Array
(
)
get:Array
(
    [n] => 3
    [m] => 64
    [fd] => waza2_1
    [va] => 1
    [p] => 1
    [v] => 12
)
files:Array
(
)

[2025/06/20 01:29:46]--------------------------------------------------
post:Array
(
)
get:Array
(
    [n] => 1
    [p] => 1
    [v] => 12
)
files:Array
(
)

[2025/06/20 01:29:51]--------------------------------------------------
post:Array
(
)
get:Array
(
    [n] => 1
    [p] => 1
    [v] => 12
)
files:Array
(
)

[2025/06/20 01:29:55]--------------------------------------------------
post:Array
(
)
get:Array
(
    [n] => 3
    [m] => 65
    [fd] => waza2_1
    [va] => 1
    [p] => 1
    [v] => 12
)
files:Array
(
)

[2025/06/20 01:29:57]--------------------------------------------------
post:Array
(
)
get:Array
(
    [n] => 1
    [p] => 1
    [v] => 12
)
files:Array
(
)

[2025/06/20 01:30:05]--------------------------------------------------
post:Array
(
)
get:Array
(
    [n] => 1
    [p] => 1
    [v] => 12
)
files:Array
(
)

[2025/06/20 01:30:09]--------------------------------------------------
post:Array
(
)
get:Array
(
    [n] => 3
    [m] => 66
    [fd] => waza1_1
    [va] => 1
    [p] => 1
    [v] => 12
)
files:Array
(
)

[2025/06/20 01:30:10]--------------------------------------------------
post:Array
(
)
get:Array
(
    [n] => 3
    [m] => 66
    [fd] => waza2_2
    [va] => 1
    [p] => 1
    [v] => 12
)
files:Array
(
)

[2025/06/20 01:30:13]--------------------------------------------------
post:Array
(
)
get:Array
(
    [n] => 3
    [m] => 66
    [fd] => waza2_3
    [va] => 3
    [p] => 1
    [v] => 12
)
files:Array
(
)

[2025/06/20 01:30:19]--------------------------------------------------
post:Array
(
)
get:Array
(
    [n] => 1
    [p] => 1
    [v] => 12
)
files:Array
(
)

[2025/06/20 01:30:19]--------------------------------------------------
post:Array
(
)
get:Array
(
    [n] => 1
    [p] => 1
    [v] => 12
)
files:Array
(
)

[2025/06/20 01:30:25]--------------------------------------------------
post:Array
(
)
get:Array
(
    [n] => 1
    [p] => 1
    [v] => 12
)
files:Array
(
)

[2025/06/20 01:30:31]--------------------------------------------------
post:Array
(
)
get:Array
(
    [n] => 1
    [p] => 1
    [v] => 12
)
files:Array
(
)

[2025/06/20 01:30:35]--------------------------------------------------
post:Array
(
)
get:Array
(
    [n] => 1
    [p] => 1
    [v] => 12
)
files:Array
(
)

[2025/06/20 01:30:38]--------------------------------------------------
post:Array
(
)
get:Array
(
    [n] => 3
    [m] => 134
    [fd] => waza2_1
    [va] => 1
    [p] => 1
    [v] => 12
)
files:Array
(
)

[2025/06/20 01:30:39]--------------------------------------------------
post:Array
(
)
get:Array
(
    [n] => 1
    [p] => 1
    [v] => 12
)
files:Array
(
)

[2025/06/20 01:30:45]--------------------------------------------------
post:Array
(
)
get:Array
(
    [n] => 1
    [p] => 1
    [v] => 12
)
files:Array
(
)

[2025/06/20 01:30:49]--------------------------------------------------
post:Array
(
)
get:Array
(
    [n] => 1
    [p] => 1
    [v] => 12
)
files:Array
(
)

[2025/06/20 01:30:56]--------------------------------------------------
post:Array
(
)
get:Array
(
    [n] => 1
    [p] => 1
    [v] => 12
)
files:Array
(
)

[2025/06/20 01:31:00]--------------------------------------------------
post:Array
(
)
get:Array
(
    [n] => 1
    [p] => 1
    [v] => 12
)
files:Array
(
)

[2025/06/20 01:31:02]--------------------------------------------------
post:Array
(
)
get:Array
(
    [n] => 3
    [m] => 67
    [fd] => waza1_1
    [va] => 1
    [p] => 1
    [v] => 12
)
files:Array
(
)

[2025/06/20 01:31:03]--------------------------------------------------
post:Array
(
)
get:Array
(
    [n] => 1
    [p] => 1
    [v] => 12
)
files:Array
(
)

[2025/06/20 01:31:08]--------------------------------------------------
post:Array
(
)
get:Array
(
    [n] => 1
    [p] => 1
    [v] => 12
)
files:Array
(
)

[2025/06/20 01:31:12]--------------------------------------------------
post:Array
(
)
get:Array
(
    [n] => 3
    [m] => 68
    [fd] => waza2_1
    [va] => 1
    [p] => 1
    [v] => 12
)
files:Array
(
)

[2025/06/20 01:31:13]--------------------------------------------------
post:Array
(
)
get:Array
(
    [n] => 3
    [m] => 68
    [fd] => waza2_2
    [va] => 1
    [p] => 1
    [v] => 12
)
files:Array
(
)

[2025/06/20 01:31:15]--------------------------------------------------
post:Array
(
)
get:Array
(
    [n] => 1
    [p] => 1
    [v] => 12
)
files:Array
(
)

[2025/06/20 01:31:20]--------------------------------------------------
post:Array
(
)
get:Array
(
    [n] => 1
    [p] => 1
    [v] => 12
)
files:Array
(
)

[2025/06/20 01:31:25]--------------------------------------------------
post:Array
(
)
get:Array
(
    [n] => 3
    [m] => 69
    [fd] => waza1_1
    [va] => 1
    [p] => 1
    [v] => 12
)
files:Array
(
)

[2025/06/20 01:31:26]--------------------------------------------------
post:Array
(
)
get:Array
(
    [n] => 1
    [p] => 1
    [v] => 12
)
files:Array
(
)

[2025/06/20 01:31:30]--------------------------------------------------
post:Array
(
)
get:Array
(
    [n] => 1
    [p] => 1
    [v] => 12
)
files:Array
(
)

[2025/06/20 01:31:33]--------------------------------------------------
post:Array
(
)
get:Array
(
    [n] => 3
    [m] => 70
    [fd] => waza2_1
    [va] => 2
    [p] => 1
    [v] => 12
)
files:Array
(
)

[2025/06/20 01:31:34]--------------------------------------------------
post:Array
(
)
get:Array
(
    [n] => 1
    [p] => 1
    [v] => 12
)
files:Array
(
)

[2025/06/20 01:31:39]--------------------------------------------------
post:Array
(
)
get:Array
(
    [n] => 1
    [p] => 1
    [v] => 12
)
files:Array
(
)

[2025/06/20 01:31:42]--------------------------------------------------
post:Array
(
)
get:Array
(
    [n] => 3
    [m] => 71
    [fd] => faul2_2
    [va] => 1
    [p] => 1
    [v] => 12
)
files:Array
(
)

[2025/06/20 01:31:43]--------------------------------------------------
post:Array
(
)
get:Array
(
    [n] => 3
    [m] => 71
    [fd] => waza1_1
    [va] => 1
    [p] => 1
    [v] => 12
)
files:Array
(
)

[2025/06/20 01:31:45]--------------------------------------------------
post:Array
(
)
get:Array
(
    [n] => 1
    [p] => 1
    [v] => 12
)
files:Array
(
)

[2025/06/20 01:31:49]--------------------------------------------------
post:Array
(
)
get:Array
(
    [n] => 1
    [p] => 1
    [v] => 12
)
files:Array
(
)

[2025/06/20 01:31:52]--------------------------------------------------
post:Array
(
)
get:Array
(
    [n] => 3
    [m] => 72
    [fd] => faul2_2
    [va] => 1
    [p] => 1
    [v] => 12
)
files:Array
(
)

[2025/06/20 01:31:53]--------------------------------------------------
post:Array
(
)
get:Array
(
    [n] => 3
    [m] => 72
    [fd] => faul1_2
    [va] => 1
    [p] => 1
    [v] => 12
)
files:Array
(
)

[2025/06/20 01:31:54]--------------------------------------------------
post:Array
(
)
get:Array
(
    [n] => 3
    [m] => 72
    [fd] => waza1_1
    [va] => 1
    [p] => 1
    [v] => 12
)
files:Array
(
)

[2025/06/20 01:31:57]--------------------------------------------------
post:Array
(
)
get:Array
(
    [n] => 1
    [p] => 1
    [v] => 12
)
files:Array
(
)

[2025/06/20 01:32:04]--------------------------------------------------
post:Array
(
)
get:Array
(
    [n] => 1
    [p] => 1
    [v] => 12
)
files:Array
(
)

[2025/06/20 01:32:08]--------------------------------------------------
post:Array
(
)
get:Array
(
    [n] => 3
    [m] => 73
    [fd] => waza2_1
    [va] => 1
    [p] => 1
    [v] => 12
)
files:Array
(
)

[2025/06/20 01:32:10]--------------------------------------------------
post:Array
(
)
get:Array
(
    [n] => 1
    [p] => 1
    [v] => 12
)
files:Array
(
)

[2025/06/20 01:32:14]--------------------------------------------------
post:Array
(
)
get:Array
(
    [n] => 1
    [p] => 1
    [v] => 12
)
files:Array
(
)

[2025/06/20 01:32:19]--------------------------------------------------
post:Array
(
)
get:Array
(
    [n] => 3
    [m] => 74
    [fd] => waza1_1
    [va] => 1
    [p] => 1
    [v] => 12
)
files:Array
(
)

[2025/06/20 01:32:21]--------------------------------------------------
post:Array
(
)
get:Array
(
    [n] => 1
    [p] => 1
    [v] => 12
)
files:Array
(
)

[2025/06/20 01:33:07]--------------------------------------------------
post:Array
(
)
get:Array
(
    [n] => 1
    [p] => 1
    [v] => 12
)
files:Array
(
)

[2025/06/20 01:33:11]--------------------------------------------------
post:Array
(
)
get:Array
(
    [n] => 1
    [p] => 1
    [v] => 12
)
files:Array
(
)

[2025/06/20 01:33:12]--------------------------------------------------
post:Array
(
)
get:Array
(
    [n] => 1
    [p] => 1
    [v] => 12
)
files:Array
(
)

[2025/06/20 01:33:18]--------------------------------------------------
post:Array
(
)
get:Array
(
    [n] => 1
    [p] => 1
    [v] => 12
)
files:Array
(
)

[2025/06/20 01:33:24]--------------------------------------------------
post:Array
(
)
get:Array
(
    [n] => 2
    [v] => 12
    [p] => 1
    [m] => 111
    [mn] => 1
    [fd] => faul1_2
    [va] => 1
)
files:Array
(
)

[2025/06/20 01:33:27]--------------------------------------------------
post:Array
(
)
get:Array
(
    [n] => 2
    [v] => 12
    [p] => 1
    [m] => 111
    [mn] => 1
    [fd] => waza2_1
    [va] => 1
)
files:Array
(
)

[2025/06/20 01:33:28]--------------------------------------------------
post:Array
(
)
get:Array
(
    [n] => 2
    [v] => 12
    [p] => 1
    [m] => 111
    [mn] => 1
    [fd] => waza1_2
    [va] => 1
)
files:Array
(
)

[2025/06/20 01:33:30]--------------------------------------------------
post:Array
(
)
get:Array
(
    [n] => 1
    [p] => 1
    [v] => 12
)
files:Array
(
)

[2025/06/20 01:33:33]--------------------------------------------------
post:Array
(
)
get:Array
(
    [n] => 1
    [p] => 1
    [v] => 12
)
files:Array
(
)

[2025/06/20 01:33:38]--------------------------------------------------
post:Array
(
)
get:Array
(
    [n] => 2
    [v] => 12
    [p] => 1
    [m] => 111
    [mn] => 2
    [fd] => waza1_1
    [va] => 1
)
files:Array
(
)

[2025/06/20 01:33:39]--------------------------------------------------
post:Array
(
)
get:Array
(
    [n] => 1
    [p] => 1
    [v] => 12
)
files:Array
(
)

[2025/06/20 01:33:42]--------------------------------------------------
post:Array
(
)
get:Array
(
    [n] => 1
    [p] => 1
    [v] => 12
)
files:Array
(
)

[2025/06/20 01:33:44]--------------------------------------------------
post:Array
(
)
get:Array
(
    [n] => 2
    [v] => 12
    [p] => 1
    [m] => 111
    [mn] => 3
    [fd] => waza2_1
    [va] => 1
)
files:Array
(
)

[2025/06/20 01:33:49]--------------------------------------------------
post:Array
(
)
get:Array
(
    [n] => 2
    [v] => 12
    [p] => 1
    [m] => 111
    [mn] => 3
    [fd] => waza1_2
    [va] => 1
)
files:Array
(
)

[2025/06/20 01:33:50]--------------------------------------------------
post:Array
(
)
get:Array
(
    [n] => 1
    [p] => 1
    [v] => 12
)
files:Array
(
)

[2025/06/20 01:33:54]--------------------------------------------------
post:Array
(
)
get:Array
(
    [n] => 1
    [p] => 1
    [v] => 12
)
files:Array
(
)

[2025/06/20 01:33:56]--------------------------------------------------
post:Array
(
)
get:Array
(
    [n] => 2
    [v] => 12
    [p] => 1
    [m] => 111
    [mn] => 4
    [fd] => faul1_2
    [va] => 1
)
files:Array
(
)

[2025/06/20 01:33:58]--------------------------------------------------
post:Array
(
)
get:Array
(
    [n] => 2
    [v] => 12
    [p] => 1
    [m] => 111
    [mn] => 4
    [fd] => faul2_2
    [va] => 1
)
files:Array
(
)

[2025/06/20 01:34:01]--------------------------------------------------
post:Array
(
)
get:Array
(
    [n] => 1
    [p] => 1
    [v] => 12
)
files:Array
(
)

[2025/06/20 01:34:05]--------------------------------------------------
post:Array
(
)
get:Array
(
    [n] => 1
    [p] => 1
    [v] => 12
)
files:Array
(
)

[2025/06/20 01:34:09]--------------------------------------------------
post:Array
(
)
get:Array
(
    [n] => 2
    [v] => 12
    [p] => 1
    [m] => 111
    [mn] => 5
    [fd] => faul1_1
    [va] => 2
)
files:Array
(
)

[2025/06/20 01:34:10]--------------------------------------------------
post:Array
(
)
get:Array
(
    [n] => 2
    [v] => 12
    [p] => 1
    [m] => 111
    [mn] => 5
    [fd] => faul2_2
    [va] => 1
)
files:Array
(
)

[2025/06/20 01:34:11]--------------------------------------------------
post:Array
(
)
get:Array
(
    [n] => 1
    [p] => 1
    [v] => 12
)
files:Array
(
)

[2025/06/20 01:34:16]--------------------------------------------------
post:Array
(
)
get:Array
(
    [n] => 1
    [p] => 1
    [v] => 12
)
files:Array
(
)

[2025/06/20 01:34:21]--------------------------------------------------
post:Array
(
)
get:Array
(
    [n] => 1
    [p] => 1
    [v] => 12
)
files:Array
(
)

[2025/06/20 01:34:23]--------------------------------------------------
post:Array
(
)
get:Array
(
    [n] => 2
    [v] => 12
    [p] => 1
    [m] => 113
    [mn] => 1
    [fd] => faul2_1
    [va] => 2
)
files:Array
(
)

[2025/06/20 01:34:24]--------------------------------------------------
post:Array
(
)
get:Array
(
    [n] => 2
    [v] => 12
    [p] => 1
    [m] => 113
    [mn] => 1
    [fd] => faul2_2
    [va] => 1
)
files:Array
(
)

[2025/06/20 01:34:25]--------------------------------------------------
post:Array
(
)
get:Array
(
    [n] => 1
    [p] => 1
    [v] => 12
)
files:Array
(
)

[2025/06/20 01:34:27]--------------------------------------------------
post:Array
(
)
get:Array
(
    [n] => 1
    [p] => 1
    [v] => 12
)
files:Array
(
)

[2025/06/20 01:34:31]--------------------------------------------------
post:Array
(
)
get:Array
(
    [n] => 2
    [v] => 12
    [p] => 1
    [m] => 113
    [mn] => 2
    [fd] => waza1_1
    [va] => 1
)
files:Array
(
)

[2025/06/20 01:34:33]--------------------------------------------------
post:Array
(
)
get:Array
(
    [n] => 1
    [p] => 1
    [v] => 12
)
files:Array
(
)

[2025/06/20 01:34:35]--------------------------------------------------
post:Array
(
)
get:Array
(
    [n] => 1
    [p] => 1
    [v] => 12
)
files:Array
(
)

[2025/06/20 01:34:37]--------------------------------------------------
post:Array
(
)
get:Array
(
    [n] => 2
    [v] => 12
    [p] => 1
    [m] => 113
    [mn] => 3
    [fd] => waza2_1
    [va] => 2
)
files:Array
(
)

[2025/06/20 01:34:38]--------------------------------------------------
post:Array
(
)
get:Array
(
    [n] => 1
    [p] => 1
    [v] => 12
)
files:Array
(
)

[2025/06/20 01:34:42]--------------------------------------------------
post:Array
(
)
get:Array
(
    [n] => 1
    [p] => 1
    [v] => 12
)
files:Array
(
)

[2025/06/20 01:34:44]--------------------------------------------------
post:Array
(
)
get:Array
(
    [n] => 2
    [v] => 12
    [p] => 1
    [m] => 113
    [mn] => 4
    [fd] => waza2_1
    [va] => 1
)
files:Array
(
)

[2025/06/20 01:34:45]--------------------------------------------------
post:Array
(
)
get:Array
(
    [n] => 1
    [p] => 1
    [v] => 12
)
files:Array
(
)

[2025/06/20 01:34:50]--------------------------------------------------
post:Array
(
)
get:Array
(
    [n] => 1
    [p] => 1
    [v] => 12
)
files:Array
(
)

[2025/06/20 01:34:52]--------------------------------------------------
post:Array
(
)
get:Array
(
    [n] => 2
    [v] => 12
    [p] => 1
    [m] => 113
    [mn] => 5
    [fd] => waza1_1
    [va] => 1
)
files:Array
(
)

[2025/06/20 01:34:53]--------------------------------------------------
post:Array
(
)
get:Array
(
    [n] => 2
    [v] => 12
    [p] => 1
    [m] => 113
    [mn] => 5
    [fd] => waza1_2
    [va] => 1
)
files:Array
(
)

[2025/06/20 01:34:54]--------------------------------------------------
post:Array
(
)
get:Array
(
    [n] => 1
    [p] => 1
    [v] => 12
)
files:Array
(
)

[2025/06/20 01:34:57]--------------------------------------------------
post:Array
(
)
get:Array
(
    [n] => 1
    [p] => 1
    [v] => 12
)
files:Array
(
)

[2025/06/20 02:11:47]--------------------------------------------------
post:Array
(
)
get:Array
(
    [n] => 1
    [p] => 2
    [v] => 12
)
files:Array
(
)

[2025/06/20 02:14:19]--------------------------------------------------
post:Array
(
)
get:Array
(
    [n] => 3
    [m] => 161
    [fd] => faul2_2
    [va] => 1
    [p] => 2
    [v] => 12
)
files:Array
(
)

[2025/06/20 02:14:21]--------------------------------------------------
post:Array
(
)
get:Array
(
    [n] => 3
    [m] => 161
    [fd] => waza1_1
    [va] => 1
    [p] => 2
    [v] => 12
)
files:Array
(
)

[2025/06/20 02:14:23]--------------------------------------------------
post:Array
(
)
get:Array
(
    [n] => 1
    [p] => 2
    [v] => 12
)
files:Array
(
)

[2025/06/20 02:14:26]--------------------------------------------------
post:Array
(
)
get:Array
(
    [n] => 1
    [p] => 2
    [v] => 12
)
files:Array
(
)

[2025/06/20 02:14:29]--------------------------------------------------
post:Array
(
)
get:Array
(
    [n] => 3
    [m] => 166
    [fd] => waza2_1
    [va] => 1
    [p] => 2
    [v] => 12
)
files:Array
(
)

[2025/06/20 02:14:32]--------------------------------------------------
post:Array
(
)
get:Array
(
    [n] => 1
    [p] => 2
    [v] => 12
)
files:Array
(
)

[2025/06/20 02:14:39]--------------------------------------------------
post:Array
(
)
get:Array
(
    [n] => 1
    [p] => 2
    [v] => 12
)
files:Array
(
)

[2025/06/20 02:14:44]--------------------------------------------------
post:Array
(
)
get:Array
(
    [n] => 1
    [p] => 2
    [v] => 12
)
files:Array
(
)

[2025/06/20 02:14:55]--------------------------------------------------
post:Array
(
)
get:Array
(
    [n] => 2
    [v] => 12
    [p] => 2
    [m] => 117
    [mn] => 1
    [fd] => faul1_2
    [va] => 1
)
files:Array
(
)

[2025/06/20 02:14:58]--------------------------------------------------
post:Array
(
)
get:Array
(
    [n] => 2
    [v] => 12
    [p] => 2
    [m] => 117
    [mn] => 1
    [fd] => waza2_1
    [va] => 1
)
files:Array
(
)

[2025/06/20 02:14:59]--------------------------------------------------
post:Array
(
)
get:Array
(
    [n] => 1
    [p] => 2
    [v] => 12
)
files:Array
(
)

[2025/06/20 02:15:06]--------------------------------------------------
post:Array
(
)
get:Array
(
    [n] => 1
    [p] => 2
    [v] => 12
)
files:Array
(
)

[2025/06/20 02:15:10]--------------------------------------------------
post:Array
(
)
get:Array
(
    [n] => 2
    [v] => 12
    [p] => 2
    [m] => 117
    [mn] => 2
    [fd] => faul1_2
    [va] => 1
)
files:Array
(
)

[2025/06/20 02:15:11]--------------------------------------------------
post:Array
(
)
get:Array
(
    [n] => 2
    [v] => 12
    [p] => 2
    [m] => 117
    [mn] => 2
    [fd] => waza2_1
    [va] => 1
)
files:Array
(
)

[2025/06/20 02:15:12]--------------------------------------------------
post:Array
(
)
get:Array
(
    [n] => 1
    [p] => 2
    [v] => 12
)
files:Array
(
)

[2025/06/20 02:15:15]--------------------------------------------------
post:Array
(
)
get:Array
(
    [n] => 1
    [p] => 2
    [v] => 12
)
files:Array
(
)

[2025/06/20 02:15:17]--------------------------------------------------
post:Array
(
)
get:Array
(
    [n] => 2
    [v] => 12
    [p] => 2
    [m] => 117
    [mn] => 3
    [fd] => faul2_2
    [va] => 1
)
files:Array
(
)

[2025/06/20 02:15:19]--------------------------------------------------
post:Array
(
)
get:Array
(
    [n] => 2
    [v] => 12
    [p] => 2
    [m] => 117
    [mn] => 3
    [fd] => waza1_1
    [va] => 2
)
files:Array
(
)

[2025/06/20 02:15:20]--------------------------------------------------
post:Array
(
)
get:Array
(
    [n] => 2
    [v] => 12
    [p] => 2
    [m] => 117
    [mn] => 3
    [fd] => waza1_2
    [va] => 1
)
files:Array
(
)

[2025/06/20 02:15:21]--------------------------------------------------
post:Array
(
)
get:Array
(
    [n] => 1
    [p] => 2
    [v] => 12
)
files:Array
(
)

[2025/06/20 02:15:23]--------------------------------------------------
post:Array
(
)
get:Array
(
    [n] => 1
    [p] => 2
    [v] => 12
)
files:Array
(
)

[2025/06/20 02:15:26]--------------------------------------------------
post:Array
(
)
get:Array
(
    [n] => 2
    [v] => 12
    [p] => 2
    [m] => 117
    [mn] => 4
    [fd] => waza2_1
    [va] => 1
)
files:Array
(
)

[2025/06/20 02:15:27]--------------------------------------------------
post:Array
(
)
get:Array
(
    [n] => 1
    [p] => 2
    [v] => 12
)
files:Array
(
)

[2025/06/20 02:15:32]--------------------------------------------------
post:Array
(
)
get:Array
(
    [n] => 1
    [p] => 2
    [v] => 12
)
files:Array
(
)

[2025/06/20 02:15:36]--------------------------------------------------
post:Array
(
)
get:Array
(
    [n] => 2
    [v] => 12
    [p] => 2
    [m] => 117
    [mn] => 5
    [fd] => waza1_1
    [va] => 3
)
files:Array
(
)

[2025/06/20 02:15:38]--------------------------------------------------
post:Array
(
)
get:Array
(
    [n] => 2
    [v] => 12
    [p] => 2
    [m] => 117
    [mn] => 5
    [fd] => waza2_2
    [va] => 1
)
files:Array
(
)

[2025/06/20 02:15:40]--------------------------------------------------
post:Array
(
)
get:Array
(
    [n] => 2
    [v] => 12
    [p] => 2
    [m] => 117
    [mn] => 5
    [fd] => waza1_3
    [va] => 2
)
files:Array
(
)

[2025/06/20 02:15:42]--------------------------------------------------
post:Array
(
)
get:Array
(
    [n] => 1
    [p] => 2
    [v] => 12
)
files:Array
(
)

[2025/06/20 02:15:50]--------------------------------------------------
post:Array
(
)
get:Array
(
    [n] => 1
    [p] => 2
    [v] => 12
)
files:Array
(
)

[2025/06/20 02:21:44]--------------------------------------------------
post:Array
(
)
get:Array
(
    [n] => 1
    [p] => 3
    [v] => 12
)
files:Array
(
)

[2025/06/20 02:25:17]--------------------------------------------------
post:Array
(
)
get:Array
(
    [n] => 1
    [p] => 3
    [v] => 12
)
files:Array
(
)

[2025/06/20 02:25:24]--------------------------------------------------
post:Array
(
)
get:Array
(
    [n] => 1
    [p] => 3
    [v] => 12
)
files:Array
(
)

[2025/06/20 02:25:27]--------------------------------------------------
post:Array
(
)
get:Array
(
    [n] => 3
    [m] => 201
    [fd] => faul2_2
    [va] => 1
    [p] => 3
    [v] => 12
)
files:Array
(
)

[2025/06/20 02:25:30]--------------------------------------------------
post:Array
(
)
get:Array
(
    [n] => 3
    [m] => 201
    [fd] => waza2_1
    [va] => 1
    [p] => 3
    [v] => 12
)
files:Array
(
)

[2025/06/20 02:25:31]--------------------------------------------------
post:Array
(
)
get:Array
(
    [n] => 1
    [p] => 3
    [v] => 12
)
files:Array
(
)

[2025/06/20 02:25:37]--------------------------------------------------
post:Array
(
)
get:Array
(
    [n] => 1
    [p] => 3
    [v] => 12
)
files:Array
(
)

[2025/06/20 02:25:39]--------------------------------------------------
post:Array
(
)
get:Array
(
    [n] => 3
    [m] => 206
    [fd] => waza1_1
    [va] => 1
    [p] => 3
    [v] => 12
)
files:Array
(
)

[2025/06/20 02:25:40]--------------------------------------------------
post:Array
(
)
get:Array
(
    [n] => 3
    [m] => 206
    [fd] => waza1_2
    [va] => 1
    [p] => 3
    [v] => 12
)
files:Array
(
)

[2025/06/20 02:25:44]--------------------------------------------------
post:Array
(
)
get:Array
(
    [n] => 1
    [p] => 3
    [v] => 12
)
files:Array
(
)

[2025/06/20 02:25:54]--------------------------------------------------
post:Array
(
)
get:Array
(
    [n] => 1
    [p] => 3
    [v] => 12
)
files:Array
(
)

[2025/06/20 02:25:58]--------------------------------------------------
post:Array
(
)
get:Array
(
    [n] => 1
    [p] => 3
    [v] => 12
)
files:Array
(
)

[2025/06/20 02:26:01]--------------------------------------------------
post:Array
(
)
get:Array
(
    [n] => 2
    [v] => 12
    [p] => 3
    [m] => 129
    [mn] => 2
    [fd] => faul2_1
    [va] => 2
)
files:Array
(
)

[2025/06/20 02:26:01]--------------------------------------------------
post:Array
(
)
get:Array
(
    [n] => 2
    [v] => 12
    [p] => 3
    [m] => 129
    [mn] => 2
    [fd] => faul2_2
    [va] => 1
)
files:Array
(
)

[2025/06/20 02:26:03]--------------------------------------------------
post:Array
(
)
get:Array
(
    [n] => 2
    [v] => 12
    [p] => 3
    [m] => 129
    [mn] => 2
    [fd] => waza2_1
    [va] => 1
)
files:Array
(
)

[2025/06/20 02:26:05]--------------------------------------------------
post:Array
(
)
get:Array
(
    [n] => 1
    [p] => 3
    [v] => 12
)
files:Array
(
)

[2025/06/20 02:26:08]--------------------------------------------------
post:Array
(
)
get:Array
(
    [n] => 1
    [p] => 3
    [v] => 12
)
files:Array
(
)

[2025/06/20 02:26:10]--------------------------------------------------
post:Array
(
)
get:Array
(
    [n] => 2
    [v] => 12
    [p] => 3
    [m] => 129
    [mn] => 3
    [fd] => waza2_1
    [va] => 2
)
files:Array
(
)

[2025/06/20 02:26:11]--------------------------------------------------
post:Array
(
)
get:Array
(
    [n] => 1
    [p] => 3
    [v] => 12
)
files:Array
(
)

[2025/06/20 02:26:13]--------------------------------------------------
post:Array
(
)
get:Array
(
    [n] => 1
    [p] => 3
    [v] => 12
)
files:Array
(
)

[2025/06/20 02:26:15]--------------------------------------------------
post:Array
(
)
get:Array
(
    [n] => 2
    [v] => 12
    [p] => 3
    [m] => 129
    [mn] => 4
    [fd] => faul2_2
    [va] => 1
)
files:Array
(
)

[2025/06/20 02:26:18]--------------------------------------------------
post:Array
(
)
get:Array
(
    [n] => 1
    [p] => 3
    [v] => 12
)
files:Array
(
)

[2025/06/20 02:26:21]--------------------------------------------------
post:Array
(
)
get:Array
(
    [n] => 1
    [p] => 3
    [v] => 12
)
files:Array
(
)

[2025/06/20 02:26:23]--------------------------------------------------
post:Array
(
)
get:Array
(
    [n] => 2
    [v] => 12
    [p] => 3
    [m] => 129
    [mn] => 5
    [fd] => waza1_1
    [va] => 1
)
files:Array
(
)

[2025/06/20 02:26:24]--------------------------------------------------
post:Array
(
)
get:Array
(
    [n] => 1
    [p] => 3
    [v] => 12
)
files:Array
(
)

[2025/06/20 02:26:28]--------------------------------------------------
post:Array
(
)
get:Array
(
    [n] => 1
    [p] => 3
    [v] => 12
)
files:Array
(
)

[2025/06/20 02:26:47]--------------------------------------------------
post:Array
(
)
get:Array
(
    [n] => 1
    [p] => 3
    [v] => 12
)
files:Array
(
)

[2025/06/20 02:26:57]--------------------------------------------------
post:Array
(
)
get:Array
(
    [n] => 1
    [p] => 3
    [v] => 12
)
files:Array
(
)

[2025/06/20 02:27:02]--------------------------------------------------
post:Array
(
)
get:Array
(
    [n] => 2
    [v] => 12
    [p] => 3
    [m] => 51
    [mn] => 1
    [fd] => faul2_1
    [va] => 2
)
files:Array
(
)

[2025/06/20 02:27:03]--------------------------------------------------
post:Array
(
)
get:Array
(
    [n] => 2
    [v] => 12
    [p] => 3
    [m] => 51
    [mn] => 1
    [fd] => faul1_2
    [va] => 1
)
files:Array
(
)

[2025/06/20 02:27:04]--------------------------------------------------
post:Array
(
)
get:Array
(
    [n] => 2
    [v] => 12
    [p] => 3
    [m] => 51
    [mn] => 1
    [fd] => waza1_1
    [va] => 1
)
files:Array
(
)

[2025/06/20 02:27:06]--------------------------------------------------
post:Array
(
)
get:Array
(
    [n] => 2
    [v] => 12
    [p] => 3
    [m] => 51
    [mn] => 1
    [fd] => waza2_2
    [va] => 1
)
files:Array
(
)

[2025/06/20 02:27:07]--------------------------------------------------
post:Array
(
)
get:Array
(
    [n] => 1
    [p] => 3
    [v] => 12
)
files:Array
(
)

[2025/06/20 02:27:09]--------------------------------------------------
post:Array
(
)
get:Array
(
    [n] => 1
    [p] => 3
    [v] => 12
)
files:Array
(
)

[2025/06/20 02:27:13]--------------------------------------------------
post:Array
(
)
get:Array
(
    [n] => 2
    [v] => 12
    [p] => 3
    [m] => 51
    [mn] => 2
    [fd] => faul2_2
    [va] => 1
)
files:Array
(
)

[2025/06/20 02:27:14]--------------------------------------------------
post:Array
(
)
get:Array
(
    [n] => 2
    [v] => 12
    [p] => 3
    [m] => 51
    [mn] => 2
    [fd] => waza2_1
    [va] => 1
)
files:Array
(
)

[2025/06/20 02:27:16]--------------------------------------------------
post:Array
(
)
get:Array
(
    [n] => 1
    [p] => 3
    [v] => 12
)
files:Array
(
)

[2025/06/20 02:27:18]--------------------------------------------------
post:Array
(
)
get:Array
(
    [n] => 1
    [p] => 3
    [v] => 12
)
files:Array
(
)

[2025/06/20 02:27:21]--------------------------------------------------
post:Array
(
)
get:Array
(
    [n] => 2
    [v] => 12
    [p] => 3
    [m] => 51
    [mn] => 3
    [fd] => waza1_1
    [va] => 1
)
files:Array
(
)

[2025/06/20 02:27:22]--------------------------------------------------
post:Array
(
)
get:Array
(
    [n] => 2
    [v] => 12
    [p] => 3
    [m] => 51
    [mn] => 3
    [fd] => waza1_2
    [va] => 1
)
files:Array
(
)

[2025/06/20 02:27:23]--------------------------------------------------
post:Array
(
)
get:Array
(
    [n] => 1
    [p] => 3
    [v] => 12
)
files:Array
(
)

[2025/06/20 02:27:25]--------------------------------------------------
post:Array
(
)
get:Array
(
    [n] => 1
    [p] => 3
    [v] => 12
)
files:Array
(
)

[2025/06/20 02:27:27]--------------------------------------------------
post:Array
(
)
get:Array
(
    [n] => 1
    [p] => 3
    [v] => 12
)
files:Array
(
)

[2025/06/20 02:27:29]--------------------------------------------------
post:Array
(
)
get:Array
(
    [n] => 1
    [p] => 3
    [v] => 12
)
files:Array
(
)

[2025/06/20 02:27:32]--------------------------------------------------
post:Array
(
)
get:Array
(
    [n] => 2
    [v] => 12
    [p] => 3
    [m] => 51
    [mn] => 5
    [fd] => waza1_1
    [va] => 1
)
files:Array
(
)

[2025/06/20 02:27:33]--------------------------------------------------
post:Array
(
)
get:Array
(
    [n] => 1
    [p] => 3
    [v] => 12
)
files:Array
(
)

[2025/06/20 02:27:36]--------------------------------------------------
post:Array
(
)
get:Array
(
    [n] => 1
    [p] => 3
    [v] => 12
)
files:Array
(
)

[2025/06/20 02:28:08]--------------------------------------------------
post:Array
(
)
get:Array
(
    [n] => 1
    [p] => 3
    [v] => 12
)
files:Array
(
)

[2025/06/20 02:28:12]--------------------------------------------------
post:Array
(
)
get:Array
(
    [n] => 2
    [v] => 12
    [p] => 3
    [m] => 60
    [mn] => 1
    [fd] => faul2_2
    [va] => 1
)
files:Array
(
)

[2025/06/20 02:28:16]--------------------------------------------------
post:Array
(
)
get:Array
(
    [n] => 2
    [v] => 12
    [p] => 3
    [m] => 60
    [mn] => 1
    [fd] => waza2_1
    [va] => 1
)
files:Array
(
)

[2025/06/20 02:28:17]--------------------------------------------------
post:Array
(
)
get:Array
(
    [n] => 1
    [p] => 3
    [v] => 12
)
files:Array
(
)

[2025/06/20 02:31:30]--------------------------------------------------
post:Array
(
)
get:Array
(
    [n] => 1
    [p] => 2
    [v] => 12
)
files:Array
(
)

[2025/06/20 02:38:33]--------------------------------------------------
post:Array
(
)
get:Array
(
    [n] => 1
    [p] => 4
    [v] => 12
)
files:Array
(
)

[2025/06/20 02:42:43]--------------------------------------------------
post:Array
(
)
get:Array
(
    [n] => 1
    [p] => 4
    [v] => 12
)
files:Array
(
)

[2025/06/20 02:42:46]--------------------------------------------------
post:Array
(
)
get:Array
(
    [n] => 1
    [p] => 4
    [v] => 12
)
files:Array
(
)

[2025/06/20 02:42:56]--------------------------------------------------
post:Array
(
)
get:Array
(
    [n] => 1
    [p] => 4
    [v] => 12
)
files:Array
(
)

[2025/06/20 02:43:02]--------------------------------------------------
post:Array
(
)
get:Array
(
    [n] => 1
    [p] => 4
    [v] => 12
)
files:Array
(
)

[2025/06/20 02:43:05]--------------------------------------------------
post:Array
(
)
get:Array
(
    [n] => 1
    [p] => 4
    [v] => 12
)
files:Array
(
)

[2025/06/20 02:43:06]--------------------------------------------------
post:Array
(
)
get:Array
(
    [n] => 1
    [p] => 4
    [v] => 12
)
files:Array
(
)

[2025/06/20 02:43:09]--------------------------------------------------
post:Array
(
)
get:Array
(
    [n] => 1
    [p] => 4
    [v] => 12
)
files:Array
(
)

[2025/06/20 02:43:12]--------------------------------------------------
post:Array
(
)
get:Array
(
    [n] => 1
    [p] => 4
    [v] => 12
)
files:Array
(
)

[2025/06/20 02:43:15]--------------------------------------------------
post:Array
(
)
get:Array
(
    [n] => 2
    [v] => 12
    [p] => 4
    [m] => 144
    [mn] => 1
    [fd] => faul1_2
    [va] => 1
)
files:Array
(
)

[2025/06/20 02:43:17]--------------------------------------------------
post:Array
(
)
get:Array
(
    [n] => 2
    [v] => 12
    [p] => 4
    [m] => 144
    [mn] => 1
    [fd] => waza1_1
    [va] => 2
)
files:Array
(
)

[2025/06/20 02:43:20]--------------------------------------------------
post:Array
(
)
get:Array
(
    [n] => 2
    [v] => 12
    [p] => 4
    [m] => 144
    [mn] => 1
    [fd] => waza2_2
    [va] => 1
)
files:Array
(
)

[2025/06/20 02:43:23]--------------------------------------------------
post:Array
(
)
get:Array
(
    [n] => 1
    [p] => 4
    [v] => 12
)
files:Array
(
)

[2025/06/20 03:26:37]--------------------------------------------------
post:Array
(
)
get:Array
(
    [n] => 1
    [p] => 3
    [v] => 12
)
files:Array
(
)

[2025/06/20 03:26:47]--------------------------------------------------
post:Array
(
)
get:Array
(
    [n] => 1
    [p] => 3
    [v] => 12
)
files:Array
(
)

[2025/06/20 10:13:41]--------------------------------------------------
post:Array
(
)
get:Array
(
    [n] => 1
    [p] => 1
    [v] => 12
)
files:Array
(
)

[2025/06/20 22:28:49]--------------------------------------------------
post:Array
(
)
get:Array
(
    [n] => 1
    [p] => 1
    [v] => 12
)
files:Array
(
)

[2025/06/20 22:28:52]--------------------------------------------------
post:Array
(
)
get:Array
(
    [n] => 1
    [p] => 1
    [v] => 12
)
files:Array
(
)

[2025/06/20 22:30:04]--------------------------------------------------
post:Array
(
)
get:Array
(
    [n] => 1
    [p] => 2
    [v] => 12
)
files:Array
(
)

[2025/06/20 22:31:33]--------------------------------------------------
post:Array
(
)
get:Array
(
    [n] => 1
    [p] => 2
    [v] => 12
)
files:Array
(
)

[2025/06/20 22:31:44]--------------------------------------------------
post:Array
(
)
get:Array
(
    [n] => 1
    [p] => 2
    [v] => 12
)
files:Array
(
)

[2025/06/20 22:33:25]--------------------------------------------------
post:Array
(
)
get:Array
(
    [n] => 1
    [p] => 2
    [v] => 12
)
files:Array
(
)

[2025/06/20 22:33:28]--------------------------------------------------
post:Array
(
)
get:Array
(
    [n] => 1
    [p] => 2
    [v] => 12
)
files:Array
(
)

[2025/06/20 22:37:06]--------------------------------------------------
post:Array
(
)
get:Array
(
    [n] => 1
    [p] => 3
    [v] => 12
)
files:Array
(
)

[2025/06/20 22:44:13]--------------------------------------------------
post:Array
(
)
get:Array
(
    [n] => 1
    [p] => 4
    [v] => 12
)
files:Array
(
)

