[2025/10/17 18:47:57]--------------------------------------------------
post:Array
(
)
get:Array
(
    [n] => 1
    [p] => 1
    [v] => 9
)
files:Array
(
)

[2025/10/17 18:48:07]--------------------------------------------------
post:Array
(
)
get:Array
(
    [n] => 1
    [p] => 1
    [v] => 9
)
files:Array
(
)

[2025/10/17 18:55:34]--------------------------------------------------
post:Array
(
)
get:Array
(
    [n] => 1
    [p] => 1
    [v] => 9
)
files:Array
(
)

[2025/10/17 18:55:45]--------------------------------------------------
post:Array
(
)
get:Array
(
    [n] => 1
    [p] => 1
    [v] => 9
)
files:Array
(
)

[2025/10/17 18:55:48]--------------------------------------------------
post:Array
(
)
get:Array
(
    [n] => 1
    [p] => 1
    [v] => 9
)
files:Array
(
)

[2025/10/17 18:55:51]--------------------------------------------------
post:Array
(
)
get:Array
(
    [n] => 1
    [p] => 1
    [v] => 9
)
files:Array
(
)

[2025/10/17 18:55:54]--------------------------------------------------
post:Array
(
)
get:Array
(
    [n] => 2
    [v] => 9
    [p] => 1
    [m] => 1
    [mn] => 3
    [fd] => waza1_1
    [va] => 1
)
files:Array
(
)

[2025/10/17 18:55:56]--------------------------------------------------
post:Array
(
)
get:Array
(
    [n] => 1
    [p] => 1
    [v] => 9
)
files:Array
(
)

[2025/10/17 19:05:40]--------------------------------------------------
post:Array
(
)
get:Array
(
    [n] => 1
    [p] => 1
    [v] => 9
)
files:Array
(
)

[2025/10/17 19:05:43]--------------------------------------------------
post:Array
(
)
get:Array
(
    [n] => 1
    [p] => 1
    [v] => 9
)
files:Array
(
)

[2025/10/17 19:07:44]--------------------------------------------------
post:Array
(
)
get:Array
(
    [n] => 1
    [p] => 1
    [v] => 9
)
files:Array
(
)

[2025/10/17 19:07:47]--------------------------------------------------
post:Array
(
)
get:Array
(
    [n] => 1
    [p] => 1
    [v] => 9
)
files:Array
(
)

[2025/10/17 19:14:02]--------------------------------------------------
post:Array
(
)
get:Array
(
    [n] => 1
    [p] => 1
    [v] => 9
)
files:Array
(
)

[2025/10/17 19:14:08]--------------------------------------------------
post:Array
(
)
get:Array
(
    [n] => 1
    [p] => 1
    [v] => 9
)
files:Array
(
)

[2025/10/17 19:14:10]--------------------------------------------------
post:Array
(
)
get:Array
(
    [n] => 1
    [p] => 1
    [v] => 9
)
files:Array
(
)

[2025/10/17 19:16:12]--------------------------------------------------
post:Array
(
)
get:Array
(
    [n] => 1
    [p] => 1
    [v] => 9
)
files:Array
(
)

[2025/10/17 19:16:15]--------------------------------------------------
post:Array
(
)
get:Array
(
    [n] => 1
    [p] => 1
    [v] => 9
)
files:Array
(
)

[2025/10/17 19:17:31]--------------------------------------------------
post:Array
(
)
get:Array
(
    [n] => 1
    [p] => 1
    [v] => 9
)
files:Array
(
)

[2025/10/17 19:17:34]--------------------------------------------------
post:Array
(
)
get:Array
(
    [n] => 1
    [p] => 1
    [v] => 9
)
files:Array
(
)

[2025/10/17 19:17:36]--------------------------------------------------
post:Array
(
)
get:Array
(
    [n] => 1
    [p] => 1
    [v] => 9
)
files:Array
(
)

[2025/10/17 19:17:38]--------------------------------------------------
post:Array
(
)
get:Array
(
    [n] => 1
    [p] => 1
    [v] => 9
)
files:Array
(
)

[2025/10/17 19:18:01]--------------------------------------------------
post:Array
(
)
get:Array
(
    [n] => 1
    [p] => 1
    [v] => 9
)
files:Array
(
)

[2025/10/17 19:18:04]--------------------------------------------------
post:Array
(
)
get:Array
(
    [n] => 2
    [v] => 9
    [p] => 1
    [m] => 21
    [mn] => 5
    [fd] => waza2_1
    [va] => 2
)
files:Array
(
)

[2025/10/17 19:18:06]--------------------------------------------------
post:Array
(
)
get:Array
(
    [n] => 1
    [p] => 1
    [v] => 9
)
files:Array
(
)

