[2025/11/02 04:06:20]--------------------------------------------------
post:Array
(
)
get:Array
(
    [n] => 1
    [p] => 0
    [v] => 16
)
files:Array
(
)

[2025/11/02 04:19:10]--------------------------------------------------
post:Array
(
)
get:Array
(
    [n] => 1
    [p] => 0
    [v] => 16
)
files:Array
(
)

[2025/11/02 05:20:17]--------------------------------------------------
post:Array
(
)
get:Array
(
    [n] => 1
    [p] => 1
    [v] => 16
)
files:Array
(
)

[2025/11/02 05:24:55]--------------------------------------------------
post:Array
(
)
get:Array
(
    [n] => 1
    [p] => 4
    [v] => 16
)
files:Array
(
)

[2025/11/02 05:25:09]--------------------------------------------------
post:Array
(
)
get:Array
(
    [n] => 1
    [p] => 4
    [v] => 16
)
files:Array
(
)

[2025/11/02 05:25:13]--------------------------------------------------
post:Array
(
)
get:Array
(
    [n] => 1
    [p] => 4
    [v] => 16
)
files:Array
(
)

[2025/11/02 05:28:09]--------------------------------------------------
post:Array
(
)
get:Array
(
    [n] => 1
    [p] => 0
    [v] => 16
)
files:Array
(
)

[2025/11/02 05:31:35]--------------------------------------------------
post:Array
(
)
get:Array
(
    [n] => 1
    [p] => 0
    [v] => 16
)
files:Array
(
)

[2025/11/02 05:36:36]--------------------------------------------------
post:Array
(
)
get:Array
(
    [n] => 1
    [p] => 1
    [v] => 16
)
files:Array
(
)

[2025/11/02 05:41:54]--------------------------------------------------
post:Array
(
)
get:Array
(
    [n] => 1
    [p] => 2
    [v] => 16
)
files:Array
(
)

[2025/11/02 05:42:32]--------------------------------------------------
post:Array
(
)
get:Array
(
    [n] => 1
    [p] => 2
    [v] => 16
)
files:Array
(
)

[2025/11/02 05:52:23]--------------------------------------------------
post:Array
(
)
get:Array
(
    [n] => 1
    [p] => 0
    [v] => 16
)
files:Array
(
)

[2025/11/02 05:57:01]--------------------------------------------------
post:Array
(
)
get:Array
(
    [n] => 1
    [p] => 0
    [v] => 16
)
files:Array
(
)

[2025/11/02 05:59:47]--------------------------------------------------
post:Array
(
)
get:Array
(
    [n] => 1
    [p] => 0
    [v] => 16
)
files:Array
(
)

[2025/11/02 05:59:48]--------------------------------------------------
post:Array
(
)
get:Array
(
    [n] => 1
    [p] => 0
    [v] => 16
)
files:Array
(
)

[2025/11/02 06:02:09]--------------------------------------------------
post:Array
(
)
get:Array
(
    [n] => 1
    [p] => 5
    [v] => 16
)
files:Array
(
)

[2025/11/02 06:02:48]--------------------------------------------------
post:Array
(
)
get:Array
(
    [n] => 1
    [p] => 0
    [v] => 16
)
files:Array
(
)

[2025/11/02 06:10:48]--------------------------------------------------
post:Array
(
)
get:Array
(
    [n] => 1
    [p] => 0
    [v] => 16
)
files:Array
(
)

[2025/11/02 06:15:42]--------------------------------------------------
post:Array
(
)
get:Array
(
    [n] => 1
    [p] => 0
    [v] => 16
)
files:Array
(
)

[2025/11/02 06:46:30]--------------------------------------------------
post:Array
(
)
get:Array
(
    [n] => 1
    [p] => 5
    [v] => 16
)
files:Array
(
)

[2025/11/02 06:51:09]--------------------------------------------------
post:Array
(
)
get:Array
(
    [n] => 1
    [p] => 6
    [v] => 16
)
files:Array
(
)

[2025/11/02 06:59:48]--------------------------------------------------
post:Array
(
)
get:Array
(
    [n] => 1
    [p] => 6
    [v] => 16
)
files:Array
(
)

[2025/11/02 07:23:53]--------------------------------------------------
post:Array
(
)
get:Array
(
    [n] => 1
    [p] => 8
    [v] => 16
)
files:Array
(
)

[2025/11/02 07:27:02]--------------------------------------------------
post:Array
(
)
get:Array
(
    [n] => 1
    [p] => 8
    [v] => 16
)
files:Array
(
)

[2025/11/02 07:27:06]--------------------------------------------------
post:Array
(
)
get:Array
(
    [n] => 1
    [p] => 8
    [v] => 16
)
files:Array
(
)

[2025/11/02 07:29:44]--------------------------------------------------
post:Array
(
)
get:Array
(
    [n] => 1
    [p] => 0
    [v] => 16
)
files:Array
(
)

[2025/11/02 07:29:45]--------------------------------------------------
post:Array
(
)
get:Array
(
    [n] => 1
    [p] => 0
    [v] => 16
)
files:Array
(
)

[2025/11/02 08:07:51]--------------------------------------------------
post:Array
(
)
get:Array
(
    [n] => 1
    [p] => 10
    [v] => 16
)
files:Array
(
)

[2025/11/02 08:08:52]--------------------------------------------------
post:Array
(
)
get:Array
(
    [n] => 1
    [p] => 10
    [v] => 16
)
files:Array
(
)

[2025/11/02 08:08:53]--------------------------------------------------
post:Array
(
)
get:Array
(
    [n] => 1
    [p] => 10
    [v] => 16
)
files:Array
(
)

[2025/11/02 10:04:45]--------------------------------------------------
post:Array
(
)
get:Array
(
    [n] => 1
    [p] => 9
    [v] => 16
)
files:Array
(
)

[2025/11/02 10:11:09]--------------------------------------------------
post:Array
(
)
get:Array
(
    [n] => 1
    [p] => 9
    [v] => 16
)
files:Array
(
)

[2025/11/02 10:23:07]--------------------------------------------------
post:Array
(
)
get:Array
(
    [n] => 1
    [p] => 9
    [v] => 16
)
files:Array
(
)

[2025/11/02 10:23:12]--------------------------------------------------
post:Array
(
)
get:Array
(
    [n] => 1
    [p] => 9
    [v] => 16
)
files:Array
(
)

[2025/11/02 18:24:31]--------------------------------------------------
post:Array
(
)
get:Array
(
    [n] => 1
    [p] => 0
    [v] => 16
)
files:Array
(
)

[2025/11/02 19:11:45]--------------------------------------------------
post:Array
(
)
get:Array
(
    [n] => 1
    [p] => 1
    [v] => 16
)
files:Array
(
)

[2025/11/02 19:11:51]--------------------------------------------------
post:Array
(
)
get:Array
(
    [n] => 1
    [p] => 1
    [v] => 16
)
files:Array
(
)

[2025/11/02 19:11:53]--------------------------------------------------
post:Array
(
)
get:Array
(
    [n] => 1
    [p] => 1
    [v] => 16
)
files:Array
(
)

[2025/11/02 19:11:54]--------------------------------------------------
post:Array
(
)
get:Array
(
    [n] => 1
    [p] => 1
    [v] => 16
)
files:Array
(
)

[2025/11/02 19:11:56]--------------------------------------------------
post:Array
(
)
get:Array
(
    [n] => 1
    [p] => 1
    [v] => 16
)
files:Array
(
)

[2025/11/02 19:11:59]--------------------------------------------------
post:Array
(
)
get:Array
(
    [n] => 2
    [v] => 16
    [p] => 1
    [m] => 36
    [mn] => 2
    [fd] => waza1_1
    [va] => 1
)
files:Array
(
)

[2025/11/02 19:12:00]--------------------------------------------------
post:Array
(
)
get:Array
(
    [n] => 1
    [p] => 1
    [v] => 16
)
files:Array
(
)

[2025/11/02 19:12:02]--------------------------------------------------
post:Array
(
)
get:Array
(
    [n] => 1
    [p] => 1
    [v] => 16
)
files:Array
(
)

[2025/11/02 19:12:04]--------------------------------------------------
post:Array
(
)
get:Array
(
    [n] => 1
    [p] => 1
    [v] => 16
)
files:Array
(
)

[2025/11/02 19:13:39]--------------------------------------------------
post:Array
(
)
get:Array
(
    [n] => 1
    [p] => 1
    [v] => 16
)
files:Array
(
)

[2025/11/02 19:13:40]--------------------------------------------------
post:Array
(
)
get:Array
(
    [n] => 1
    [p] => 1
    [v] => 16
)
files:Array
(
)

[2025/11/02 19:13:42]--------------------------------------------------
post:Array
(
)
get:Array
(
    [n] => 1
    [p] => 1
    [v] => 16
)
files:Array
(
)

[2025/11/02 19:13:44]--------------------------------------------------
post:Array
(
)
get:Array
(
    [n] => 1
    [p] => 1
    [v] => 16
)
files:Array
(
)

[2025/11/02 19:13:46]--------------------------------------------------
post:Array
(
)
get:Array
(
    [n] => 1
    [p] => 1
    [v] => 16
)
files:Array
(
)

[2025/11/02 22:12:40]--------------------------------------------------
post:Array
(
)
get:Array
(
    [n] => 1
    [p] => 1
    [v] => 16
)
files:Array
(
)

[2025/11/02 22:12:59]--------------------------------------------------
post:Array
(
)
get:Array
(
    [n] => 1
    [p] => 1
    [v] => 16
)
files:Array
(
)

[2025/11/02 22:13:04]--------------------------------------------------
post:Array
(
)
get:Array
(
    [n] => 1
    [p] => 1
    [v] => 16
)
files:Array
(
)

[2025/11/02 22:13:10]--------------------------------------------------
post:Array
(
)
get:Array
(
    [n] => 3
    [m] => 67
    [fd] => waza1_3
    [va] => 2
    [p] => 1
    [v] => 16
)
files:Array
(
)

[2025/11/02 22:13:17]--------------------------------------------------
post:Array
(
)
get:Array
(
    [n] => 1
    [p] => 1
    [v] => 16
)
files:Array
(
)

[2025/11/02 22:13:59]--------------------------------------------------
post:Array
(
)
get:Array
(
    [n] => 1
    [p] => 1
    [v] => 16
)
files:Array
(
)

[2025/11/02 22:14:04]--------------------------------------------------
post:Array
(
)
get:Array
(
    [n] => 1
    [p] => 1
    [v] => 16
)
files:Array
(
)

[2025/11/02 22:14:09]--------------------------------------------------
post:Array
(
)
get:Array
(
    [n] => 2
    [v] => 16
    [p] => 1
    [m] => 36
    [mn] => 5
    [fd] => waza1_1
    [va] => 2
)
files:Array
(
)

[2025/11/02 22:14:11]--------------------------------------------------
post:Array
(
)
get:Array
(
    [n] => 1
    [p] => 1
    [v] => 16
)
files:Array
(
)

[2025/11/02 22:16:24]--------------------------------------------------
post:Array
(
)
get:Array
(
    [n] => 1
    [p] => 1
    [v] => 16
)
files:Array
(
)

[2025/11/02 22:16:27]--------------------------------------------------
post:Array
(
)
get:Array
(
    [n] => 2
    [v] => 16
    [p] => 1
    [m] => 36
    [mn] => 5
    [fd] => waza1_1
    [va] => 3
)
files:Array
(
)

[2025/11/02 22:16:30]--------------------------------------------------
post:Array
(
)
get:Array
(
    [n] => 1
    [p] => 1
    [v] => 16
)
files:Array
(
)

[2025/11/02 22:37:00]--------------------------------------------------
post:Array
(
)
get:Array
(
    [n] => 1
    [p] => 1
    [v] => 16
)
files:Array
(
)

[2025/11/02 22:37:03]--------------------------------------------------
post:Array
(
)
get:Array
(
    [n] => 2
    [v] => 16
    [p] => 1
    [m] => 36
    [mn] => 3
    [fd] => waza2_1
    [va] => 2
)
files:Array
(
)

[2025/11/02 22:37:04]--------------------------------------------------
post:Array
(
)
get:Array
(
    [n] => 1
    [p] => 1
    [v] => 16
)
files:Array
(
)

[2025/11/02 22:43:23]--------------------------------------------------
post:Array
(
)
get:Array
(
    [n] => 1
    [p] => 1
    [v] => 16
)
files:Array
(
)

[2025/11/02 22:43:28]--------------------------------------------------
post:Array
(
)
get:Array
(
    [n] => 1
    [p] => 1
    [v] => 16
)
files:Array
(
)

[2025/11/02 22:43:30]--------------------------------------------------
post:Array
(
)
get:Array
(
    [n] => 1
    [p] => 1
    [v] => 16
)
files:Array
(
)

[2025/11/02 22:43:32]--------------------------------------------------
post:Array
(
)
get:Array
(
    [n] => 2
    [v] => 16
    [p] => 1
    [m] => 36
    [mn] => 2
    [fd] => waza1_1
    [va] => 0
)
files:Array
(
)

[2025/11/02 22:43:34]--------------------------------------------------
post:Array
(
)
get:Array
(
    [n] => 1
    [p] => 1
    [v] => 16
)
files:Array
(
)

[2025/11/02 22:43:37]--------------------------------------------------
post:Array
(
)
get:Array
(
    [n] => 1
    [p] => 1
    [v] => 16
)
files:Array
(
)

[2025/11/02 22:43:40]--------------------------------------------------
post:Array
(
)
get:Array
(
    [n] => 2
    [v] => 16
    [p] => 1
    [m] => 36
    [mn] => 3
    [fd] => waza2_1
    [va] => 0
)
files:Array
(
)

[2025/11/02 22:43:41]--------------------------------------------------
post:Array
(
)
get:Array
(
    [n] => 1
    [p] => 1
    [v] => 16
)
files:Array
(
)

[2025/11/02 22:43:44]--------------------------------------------------
post:Array
(
)
get:Array
(
    [n] => 1
    [p] => 1
    [v] => 16
)
files:Array
(
)

[2025/11/02 22:43:47]--------------------------------------------------
post:Array
(
)
get:Array
(
    [n] => 2
    [v] => 16
    [p] => 1
    [m] => 36
    [mn] => 5
    [fd] => waza1_1
    [va] => 0
)
files:Array
(
)

[2025/11/02 22:43:48]--------------------------------------------------
post:Array
(
)
get:Array
(
    [n] => 1
    [p] => 1
    [v] => 16
)
files:Array
(
)

[2025/11/02 22:46:50]--------------------------------------------------
post:Array
(
)
get:Array
(
    [n] => 1
    [p] => 1
    [v] => 16
)
files:Array
(
)

[2025/11/02 22:46:52]--------------------------------------------------
post:Array
(
)
get:Array
(
    [n] => 1
    [p] => 1
    [v] => 16
)
files:Array
(
)

[2025/11/02 22:48:55]--------------------------------------------------
post:Array
(
)
get:Array
(
    [n] => 1
    [p] => 1
    [v] => 16
)
files:Array
(
)

[2025/11/02 22:48:59]--------------------------------------------------
post:Array
(
)
get:Array
(
    [n] => 3
    [m] => 67
    [fd] => waza1_1
    [va] => 0
    [p] => 1
    [v] => 16
)
files:Array
(
)

[2025/11/02 22:49:01]--------------------------------------------------
post:Array
(
)
get:Array
(
    [n] => 3
    [m] => 67
    [fd] => waza2_2
    [va] => 0
    [p] => 1
    [v] => 16
)
files:Array
(
)

[2025/11/02 22:49:03]--------------------------------------------------
post:Array
(
)
get:Array
(
    [n] => 3
    [m] => 67
    [fd] => waza1_3
    [va] => 0
    [p] => 1
    [v] => 16
)
files:Array
(
)

[2025/11/02 22:50:00]--------------------------------------------------
post:Array
(
)
get:Array
(
    [n] => 1
    [p] => 1
    [v] => 16
)
files:Array
(
)

[2025/11/02 22:51:34]--------------------------------------------------
post:Array
(
)
get:Array
(
    [n] => 1
    [p] => 1
    [v] => 16
)
files:Array
(
)

[2025/11/02 22:55:11]--------------------------------------------------
post:Array
(
)
get:Array
(
    [n] => 3
    [m] => 67
    [fd] => waza1_1
    [va] => 1
    [p] => 1
    [v] => 16
)
files:Array
(
)

[2025/11/02 22:55:14]--------------------------------------------------
post:Array
(
)
get:Array
(
    [n] => 1
    [p] => 1
    [v] => 16
)
files:Array
(
)

[2025/11/02 22:55:18]--------------------------------------------------
post:Array
(
)
get:Array
(
    [n] => 3
    [m] => 67
    [fd] => waza1_1
    [va] => 0
    [p] => 1
    [v] => 16
)
files:Array
(
)

[2025/11/02 22:55:20]--------------------------------------------------
post:Array
(
)
get:Array
(
    [n] => 1
    [p] => 1
    [v] => 16
)
files:Array
(
)

[2025/11/02 22:59:12]--------------------------------------------------
post:Array
(
)
get:Array
(
    [n] => 1
    [p] => 1
    [v] => 16
)
files:Array
(
)

[2025/11/02 22:59:16]--------------------------------------------------
post:Array
(
)
get:Array
(
    [n] => 1
    [p] => 1
    [v] => 16
)
files:Array
(
)

[2025/11/02 23:00:37]--------------------------------------------------
post:Array
(
)
get:Array
(
    [n] => 1
    [p] => 1
    [v] => 16
)
files:Array
(
)

[2025/11/02 23:00:44]--------------------------------------------------
post:Array
(
)
get:Array
(
    [n] => 1
    [p] => 1
    [v] => 16
)
files:Array
(
)

[2025/11/02 23:00:48]--------------------------------------------------
post:Array
(
)
get:Array
(
    [n] => 2
    [v] => 16
    [p] => 1
    [m] => 48
    [mn] => 1
    [fd] => faul1_1
    [va] => 0
)
files:Array
(
)

[2025/11/02 23:00:50]--------------------------------------------------
post:Array
(
)
get:Array
(
    [n] => 2
    [v] => 16
    [p] => 1
    [m] => 48
    [mn] => 1
    [fd] => faul1_2
    [va] => 0
)
files:Array
(
)

[2025/11/02 23:00:52]--------------------------------------------------
post:Array
(
)
get:Array
(
    [n] => 2
    [v] => 16
    [p] => 1
    [m] => 48
    [mn] => 1
    [fd] => faul2_2
    [va] => 0
)
files:Array
(
)

[2025/11/02 23:00:53]--------------------------------------------------
post:Array
(
)
get:Array
(
    [n] => 2
    [v] => 16
    [p] => 1
    [m] => 48
    [mn] => 1
    [fd] => faul2_1
    [va] => 0
)
files:Array
(
)

[2025/11/02 23:00:55]--------------------------------------------------
post:Array
(
)
get:Array
(
    [n] => 2
    [v] => 16
    [p] => 1
    [m] => 48
    [mn] => 1
    [fd] => waza1_1
    [va] => 0
)
files:Array
(
)

[2025/11/02 23:00:57]--------------------------------------------------
post:Array
(
)
get:Array
(
    [n] => 2
    [v] => 16
    [p] => 1
    [m] => 48
    [mn] => 1
    [fd] => waza2_2
    [va] => 0
)
files:Array
(
)

[2025/11/02 23:01:01]--------------------------------------------------
post:Array
(
)
get:Array
(
    [n] => 1
    [p] => 1
    [v] => 16
)
files:Array
(
)

[2025/11/02 23:02:33]--------------------------------------------------
post:Array
(
)
get:Array
(
    [n] => 1
    [p] => 1
    [v] => 16
)
files:Array
(
)

[2025/11/02 23:02:34]--------------------------------------------------
post:Array
(
)
get:Array
(
    [n] => 1
    [p] => 1
    [v] => 16
)
files:Array
(
)

[2025/11/02 23:17:12]--------------------------------------------------
post:Array
(
)
get:Array
(
    [n] => 1
    [p] => 0
    [v] => 16
)
files:Array
(
)

