[2025/08/06 00:07:05]--------------------------------------------------
post:Array
(
)
get:Array
(
    [n] => 1
    [p] => 1
    [v] => 10
)
files:Array
(
)

[2025/08/06 04:35:11]--------------------------------------------------
post:Array
(
)
get:Array
(
    [n] => 1
    [p] => 0
    [v] => 10
)
files:Array
(
)

[2025/08/06 04:38:22]--------------------------------------------------
post:Array
(
)
get:Array
(
    [n] => 1
    [p] => 0
    [v] => 10
)
files:Array
(
)

[2025/08/06 04:45:02]--------------------------------------------------
post:Array
(
)
get:Array
(
    [n] => 1
    [p] => 0
    [v] => 10
)
files:Array
(
)

[2025/08/06 04:45:19]--------------------------------------------------
post:Array
(
)
get:Array
(
    [n] => 1
    [p] => 1
    [v] => 10
)
files:Array
(
)

[2025/08/06 06:48:35]--------------------------------------------------
post:Array
(
)
get:Array
(
    [n] => 1
    [p] => 1
    [v] => 10
)
files:Array
(
)

[2025/08/06 06:48:41]--------------------------------------------------
post:Array
(
)
get:Array
(
    [n] => 3
    [m] => 47
    [fd] => waza1_1
    [va] => 1
    [p] => 1
    [v] => 10
)
files:Array
(
)

[2025/08/06 06:48:54]--------------------------------------------------
post:Array
(
)
get:Array
(
    [n] => 1
    [p] => 1
    [v] => 10
)
files:Array
(
)

[2025/08/06 06:49:53]--------------------------------------------------
post:Array
(
)
get:Array
(
    [n] => 1
    [p] => 1
    [v] => 10
)
files:Array
(
)

[2025/08/06 06:49:57]--------------------------------------------------
post:Array
(
)
get:Array
(
    [n] => 1
    [p] => 1
    [v] => 10
)
files:Array
(
)

[2025/08/06 06:50:03]--------------------------------------------------
post:Array
(
)
get:Array
(
    [n] => 1
    [p] => 1
    [v] => 10
)
files:Array
(
)

[2025/08/06 06:50:31]--------------------------------------------------
post:Array
(
)
get:Array
(
    [n] => 1
    [p] => 1
    [v] => 10
)
files:Array
(
)

[2025/08/06 06:50:33]--------------------------------------------------
post:Array
(
)
get:Array
(
    [n] => 1
    [p] => 1
    [v] => 10
)
files:Array
(
)

[2025/08/06 06:50:33]--------------------------------------------------
post:Array
(
)
get:Array
(
    [n] => 1
    [p] => 1
    [v] => 10
)
files:Array
(
)

[2025/08/06 06:50:37]--------------------------------------------------
post:Array
(
)
get:Array
(
    [n] => 1
    [p] => 1
    [v] => 10
)
files:Array
(
)

[2025/08/06 06:50:37]--------------------------------------------------
post:Array
(
)
get:Array
(
    [n] => 1
    [p] => 1
    [v] => 10
)
files:Array
(
)

[2025/08/06 06:50:39]--------------------------------------------------
post:Array
(
)
get:Array
(
    [n] => 1
    [p] => 1
    [v] => 10
)
files:Array
(
)

[2025/08/06 06:50:41]--------------------------------------------------
post:Array
(
)
get:Array
(
    [n] => 1
    [p] => 1
    [v] => 10
)
files:Array
(
)

[2025/08/06 06:50:46]--------------------------------------------------
post:Array
(
)
get:Array
(
    [n] => 1
    [p] => 1
    [v] => 10
)
files:Array
(
)

[2025/08/06 06:50:53]--------------------------------------------------
post:Array
(
)
get:Array
(
    [n] => 2
    [v] => 10
    [p] => 1
    [m] => 1
    [mn] => 1
    [fd] => waza1_1
    [va] => 2
)
files:Array
(
)

[2025/08/06 06:50:57]--------------------------------------------------
post:Array
(
)
get:Array
(
    [n] => 2
    [v] => 10
    [p] => 1
    [m] => 1
    [mn] => 1
    [fd] => waza1_1
    [va] => 0
)
files:Array
(
)

[2025/08/06 06:50:59]--------------------------------------------------
post:Array
(
)
get:Array
(
    [n] => 1
    [p] => 1
    [v] => 10
)
files:Array
(
)

[2025/08/06 06:54:39]--------------------------------------------------
post:Array
(
)
get:Array
(
    [n] => 1
    [p] => 1
    [v] => 10
)
files:Array
(
)

[2025/08/06 06:54:44]--------------------------------------------------
post:Array
(
)
get:Array
(
    [n] => 2
    [v] => 10
    [p] => 1
    [m] => 1
    [mn] => 1
    [fd] => waza1_1
    [va] => 2
)
files:Array
(
)

[2025/08/06 06:54:46]--------------------------------------------------
post:Array
(
)
get:Array
(
    [n] => 1
    [p] => 1
    [v] => 10
)
files:Array
(
)

[2025/08/06 06:54:47]--------------------------------------------------
post:Array
(
)
get:Array
(
    [n] => 1
    [p] => 1
    [v] => 10
)
files:Array
(
)

[2025/08/06 06:54:50]--------------------------------------------------
post:Array
(
)
get:Array
(
    [n] => 1
    [p] => 1
    [v] => 10
)
files:Array
(
)

[2025/08/06 06:54:51]--------------------------------------------------
post:Array
(
)
get:Array
(
    [n] => 1
    [p] => 1
    [v] => 10
)
files:Array
(
)

[2025/08/06 06:54:54]--------------------------------------------------
post:Array
(
)
get:Array
(
    [n] => 1
    [p] => 1
    [v] => 10
)
files:Array
(
)

[2025/08/06 06:54:55]--------------------------------------------------
post:Array
(
)
get:Array
(
    [n] => 1
    [p] => 1
    [v] => 10
)
files:Array
(
)

[2025/08/06 06:54:59]--------------------------------------------------
post:Array
(
)
get:Array
(
    [n] => 1
    [p] => 1
    [v] => 10
)
files:Array
(
)

[2025/08/06 06:55:01]--------------------------------------------------
post:Array
(
)
get:Array
(
    [n] => 1
    [p] => 1
    [v] => 10
)
files:Array
(
)

[2025/08/06 06:55:02]--------------------------------------------------
post:Array
(
)
get:Array
(
    [n] => 1
    [p] => 1
    [v] => 10
)
files:Array
(
)

[2025/08/06 06:55:05]--------------------------------------------------
post:Array
(
)
get:Array
(
    [n] => 1
    [p] => 1
    [v] => 10
)
files:Array
(
)

[2025/08/06 06:55:06]--------------------------------------------------
post:Array
(
)
get:Array
(
    [n] => 1
    [p] => 1
    [v] => 10
)
files:Array
(
)

[2025/08/06 06:55:09]--------------------------------------------------
post:Array
(
)
get:Array
(
    [n] => 2
    [v] => 10
    [p] => 1
    [m] => 1
    [mn] => 4
    [fd] => waza1_1
    [va] => 1
)
files:Array
(
)

[2025/08/06 06:55:11]--------------------------------------------------
post:Array
(
)
get:Array
(
    [n] => 2
    [v] => 10
    [p] => 1
    [m] => 1
    [mn] => 4
    [fd] => waza2_2
    [va] => 2
)
files:Array
(
)

[2025/08/06 06:55:12]--------------------------------------------------
post:Array
(
)
get:Array
(
    [n] => 1
    [p] => 1
    [v] => 10
)
files:Array
(
)

[2025/08/06 06:55:16]--------------------------------------------------
post:Array
(
)
get:Array
(
    [n] => 1
    [p] => 1
    [v] => 10
)
files:Array
(
)

[2025/08/06 06:55:17]--------------------------------------------------
post:Array
(
)
get:Array
(
    [n] => 1
    [p] => 1
    [v] => 10
)
files:Array
(
)

[2025/08/06 06:55:20]--------------------------------------------------
post:Array
(
)
get:Array
(
    [n] => 1
    [p] => 1
    [v] => 10
)
files:Array
(
)

[2025/08/06 06:57:01]--------------------------------------------------
post:Array
(
)
get:Array
(
    [n] => 1
    [p] => 1
    [v] => 10
)
files:Array
(
)

[2025/08/06 06:57:06]--------------------------------------------------
post:Array
(
)
get:Array
(
    [n] => 1
    [p] => 1
    [v] => 10
)
files:Array
(
)

[2025/08/06 06:57:06]--------------------------------------------------
post:Array
(
)
get:Array
(
    [n] => 1
    [p] => 1
    [v] => 10
)
files:Array
(
)

[2025/08/06 06:57:08]--------------------------------------------------
post:Array
(
)
get:Array
(
    [n] => 1
    [p] => 1
    [v] => 10
)
files:Array
(
)

[2025/08/06 06:57:11]--------------------------------------------------
post:Array
(
)
get:Array
(
    [n] => 1
    [p] => 1
    [v] => 10
)
files:Array
(
)

[2025/08/06 06:57:14]--------------------------------------------------
post:Array
(
)
get:Array
(
    [n] => 1
    [p] => 1
    [v] => 10
)
files:Array
(
)

[2025/08/06 06:57:16]--------------------------------------------------
post:Array
(
)
get:Array
(
    [n] => 1
    [p] => 1
    [v] => 10
)
files:Array
(
)

[2025/08/06 06:57:22]--------------------------------------------------
post:Array
(
)
get:Array
(
    [n] => 1
    [p] => 1
    [v] => 10
)
files:Array
(
)

[2025/08/06 06:57:25]--------------------------------------------------
post:Array
(
)
get:Array
(
    [n] => 1
    [p] => 1
    [v] => 10
)
files:Array
(
)

[2025/08/06 06:57:29]--------------------------------------------------
post:Array
(
)
get:Array
(
    [n] => 1
    [p] => 1
    [v] => 10
)
files:Array
(
)

[2025/08/06 06:57:31]--------------------------------------------------
post:Array
(
)
get:Array
(
    [n] => 1
    [p] => 1
    [v] => 10
)
files:Array
(
)

[2025/08/06 06:57:35]--------------------------------------------------
post:Array
(
)
get:Array
(
    [n] => 1
    [p] => 1
    [v] => 10
)
files:Array
(
)

[2025/08/06 06:57:35]--------------------------------------------------
post:Array
(
)
get:Array
(
    [n] => 1
    [p] => 1
    [v] => 10
)
files:Array
(
)

[2025/08/06 06:57:38]--------------------------------------------------
post:Array
(
)
get:Array
(
    [n] => 2
    [v] => 10
    [p] => 1
    [m] => 215
    [mn] => 4
    [fd] => waza1_1
    [va] => 1
)
files:Array
(
)

[2025/08/06 06:57:41]--------------------------------------------------
post:Array
(
)
get:Array
(
    [n] => 1
    [p] => 1
    [v] => 10
)
files:Array
(
)

[2025/08/06 06:57:45]--------------------------------------------------
post:Array
(
)
get:Array
(
    [n] => 1
    [p] => 1
    [v] => 10
)
files:Array
(
)

[2025/08/06 06:57:48]--------------------------------------------------
post:Array
(
)
get:Array
(
    [n] => 2
    [v] => 10
    [p] => 1
    [m] => 215
    [mn] => 5
    [fd] => waza2_1
    [va] => 1
)
files:Array
(
)

[2025/08/06 06:57:50]--------------------------------------------------
post:Array
(
)
get:Array
(
    [n] => 1
    [p] => 1
    [v] => 10
)
files:Array
(
)

[2025/08/06 06:58:52]--------------------------------------------------
post:Array
(
)
get:Array
(
    [n] => 1
    [p] => 1
    [v] => 10
)
files:Array
(
)

[2025/08/06 06:58:55]--------------------------------------------------
post:Array
(
)
get:Array
(
    [n] => 1
    [p] => 1
    [v] => 10
)
files:Array
(
)

[2025/08/06 06:58:55]--------------------------------------------------
post:Array
(
)
get:Array
(
    [n] => 1
    [p] => 1
    [v] => 10
)
files:Array
(
)

[2025/08/06 06:58:58]--------------------------------------------------
post:Array
(
)
get:Array
(
    [n] => 1
    [p] => 1
    [v] => 10
)
files:Array
(
)

[2025/08/06 06:59:02]--------------------------------------------------
post:Array
(
)
get:Array
(
    [n] => 1
    [p] => 1
    [v] => 10
)
files:Array
(
)

[2025/08/06 06:59:07]--------------------------------------------------
post:Array
(
)
get:Array
(
    [n] => 1
    [p] => 1
    [v] => 10
)
files:Array
(
)

[2025/08/06 06:59:10]--------------------------------------------------
post:Array
(
)
get:Array
(
    [n] => 2
    [v] => 10
    [p] => 1
    [m] => 215
    [mn] => 6
    [fd] => waza2_1
    [va] => 2
)
files:Array
(
)

[2025/08/06 06:59:12]--------------------------------------------------
post:Array
(
)
get:Array
(
    [n] => 1
    [p] => 1
    [v] => 10
)
files:Array
(
)

