[2025/11/01 01:33:55]--------------------------------------------------
post:Array
(
)
get:Array
(
    [n] => 1
    [p] => 1
    [v] => 16
)
files:Array
(
)

[2025/11/01 02:08:44]--------------------------------------------------
post:Array
(
)
get:Array
(
    [n] => 1
    [p] => 1
    [v] => 16
)
files:Array
(
)

[2025/11/01 02:09:20]--------------------------------------------------
post:Array
(
)
get:Array
(
    [n] => 1
    [p] => 1
    [v] => 16
)
files:Array
(
)

[2025/11/01 02:09:23]--------------------------------------------------
post:Array
(
)
get:Array
(
    [n] => 3
    [m] => 67
    [fd] => waza1_1
    [va] => 2
    [p] => 1
    [v] => 16
)
files:Array
(
)

[2025/11/01 02:09:25]--------------------------------------------------
post:Array
(
)
get:Array
(
    [n] => 3
    [m] => 67
    [fd] => waza2_2
    [va] => 3
    [p] => 1
    [v] => 16
)
files:Array
(
)

[2025/11/01 02:09:27]--------------------------------------------------
post:Array
(
)
get:Array
(
    [n] => 3
    [m] => 67
    [fd] => waza1_3
    [va] => 1
    [p] => 1
    [v] => 16
)
files:Array
(
)

[2025/11/01 02:10:43]--------------------------------------------------
post:Array
(
)
get:Array
(
    [n] => 1
    [p] => 1
    [v] => 16
)
files:Array
(
)

[2025/11/01 02:11:36]--------------------------------------------------
post:Array
(
)
get:Array
(
    [n] => 1
    [p] => 1
    [v] => 16
)
files:Array
(
)

[2025/11/01 02:23:40]--------------------------------------------------
post:Array
(
)
get:Array
(
    [n] => 1
    [p] => 1
    [v] => 16
)
files:Array
(
)

[2025/11/01 02:27:56]--------------------------------------------------
post:Array
(
)
get:Array
(
    [n] => 1
    [p] => 1
    [v] => 16
)
files:Array
(
)

[2025/11/01 02:44:26]--------------------------------------------------
post:Array
(
)
get:Array
(
    [n] => 1
    [p] => 1
    [v] => 16
)
files:Array
(
)

[2025/11/01 02:46:20]--------------------------------------------------
post:Array
(
)
get:Array
(
    [n] => 1
    [p] => 1
    [v] => 16
)
files:Array
(
)

[2025/11/01 02:49:02]--------------------------------------------------
post:Array
(
)
get:Array
(
    [n] => 1
    [p] => 1
    [v] => 16
)
files:Array
(
)

[2025/11/01 02:50:17]--------------------------------------------------
post:Array
(
)
get:Array
(
    [n] => 1
    [p] => 1
    [v] => 16
)
files:Array
(
)

[2025/11/01 02:50:29]--------------------------------------------------
post:Array
(
)
get:Array
(
    [n] => 2
    [v] => 16
    [p] => 1
    [m] => 48
    [mn] => 1
    [fd] => waza1_1
    [va] => 2
)
files:Array
(
)

[2025/11/01 02:50:32]--------------------------------------------------
post:Array
(
)
get:Array
(
    [n] => 2
    [v] => 16
    [p] => 1
    [m] => 48
    [mn] => 1
    [fd] => faul1_1
    [va] => 2
)
files:Array
(
)

[2025/11/01 02:50:34]--------------------------------------------------
post:Array
(
)
get:Array
(
    [n] => 2
    [v] => 16
    [p] => 1
    [m] => 48
    [mn] => 1
    [fd] => faul1_2
    [va] => 1
)
files:Array
(
)

[2025/11/01 02:50:47]--------------------------------------------------
post:Array
(
)
get:Array
(
    [n] => 2
    [v] => 16
    [p] => 1
    [m] => 48
    [mn] => 1
    [fd] => faul2_1
    [va] => 2
)
files:Array
(
)

[2025/11/01 02:50:49]--------------------------------------------------
post:Array
(
)
get:Array
(
    [n] => 2
    [v] => 16
    [p] => 1
    [m] => 48
    [mn] => 1
    [fd] => faul2_2
    [va] => 1
)
files:Array
(
)

[2025/11/01 02:50:52]--------------------------------------------------
post:Array
(
)
get:Array
(
    [n] => 2
    [v] => 16
    [p] => 1
    [m] => 48
    [mn] => 1
    [fd] => waza2_2
    [va] => 3
)
files:Array
(
)

[2025/11/01 02:51:11]--------------------------------------------------
post:Array
(
)
get:Array
(
    [n] => 1
    [p] => 1
    [v] => 16
)
files:Array
(
)

[2025/11/01 02:55:05]--------------------------------------------------
post:Array
(
)
get:Array
(
    [n] => 1
    [p] => 1
    [v] => 16
)
files:Array
(
)

[2025/11/01 02:55:07]--------------------------------------------------
post:Array
(
)
get:Array
(
    [n] => 1
    [p] => 1
    [v] => 16
)
files:Array
(
)

