[2025/06/19 00:42:14]--------------------------------------------------
post:Array
(
)
get:Array
(
    [n] => 1
    [p] => 1
    [v] => 12
)
session:
files:Array
(
)

[2025/06/19 00:54:34]--------------------------------------------------
post:Array
(
)
get:Array
(
    [n] => 1
    [p] => 1
    [v] => 12
)
session:
files:Array
(
)

[2025/06/19 00:54:40]--------------------------------------------------
post:Array
(
)
get:Array
(
    [n] => 1
    [p] => 1
    [v] => 12
)
session:
files:Array
(
)

[2025/06/19 01:18:03]--------------------------------------------------
post:Array
(
)
get:Array
(
    [n] => 3
    [m] => 129
    [fd] => waza1_1
    [va] => 2
    [p] => 1
    [v] => 12
)
session:
files:Array
(
)

[2025/06/19 01:18:20]--------------------------------------------------
post:Array
(
)
get:Array
(
    [n] => 1
    [p] => 1
    [v] => 12
)
session:
files:Array
(
)

[2025/06/19 01:20:48]--------------------------------------------------
post:Array
(
)
get:Array
(
    [n] => 1
    [p] => 1
    [v] => 12
)
session:
files:Array
(
)

[2025/06/19 01:20:53]--------------------------------------------------
post:Array
(
)
get:Array
(
    [n] => 3
    [m] => 129
    [fd] => waza1_1
    [va] => 3
    [p] => 1
    [v] => 12
)
session:
files:Array
(
)

[2025/06/19 04:47:38]--------------------------------------------------
post:Array
(
)
get:Array
(
    [n] => 1
    [p] => 1
    [v] => 12
)
session:
files:Array
(
)

[2025/06/19 04:48:28]--------------------------------------------------
post:Array
(
)
get:Array
(
    [n] => 1
    [p] => 1
    [v] => 12
)
session:
files:Array
(
)

[2025/06/19 04:49:14]--------------------------------------------------
post:Array
(
)
get:Array
(
    [n] => 1
    [p] => 1
    [v] => 12
)
session:
files:Array
(
)

[2025/06/19 04:51:37]--------------------------------------------------
post:Array
(
)
get:Array
(
    [n] => 1
    [p] => 1
    [v] => 12
)
session:
files:Array
(
)

[2025/06/19 04:51:44]--------------------------------------------------
post:Array
(
)
get:Array
(
    [n] => 1
    [p] => 1
    [v] => 12
)
session:
files:Array
(
)

[2025/06/19 04:51:48]--------------------------------------------------
post:Array
(
)
get:Array
(
    [n] => 1
    [p] => 1
    [v] => 12
)
session:
files:Array
(
)

[2025/06/19 05:47:15]--------------------------------------------------
post:Array
(
)
get:Array
(
    [n] => 1
    [p] => 1
    [v] => 12
)
session:
files:Array
(
)

[2025/06/19 05:47:18]--------------------------------------------------
post:Array
(
)
get:Array
(
    [n] => 1
    [p] => 1
    [v] => 12
)
session:
files:Array
(
)

[2025/06/19 05:47:21]--------------------------------------------------
post:Array
(
)
get:Array
(
    [n] => 1
    [p] => 1
    [v] => 12
)
session:
files:Array
(
)

[2025/06/19 06:15:48]--------------------------------------------------
post:Array
(
)
get:Array
(
    [n] => 1
    [p] => 4
    [v] => 12
)
session:
files:Array
(
)

[2025/06/19 06:16:02]--------------------------------------------------
post:Array
(
)
get:Array
(
    [n] => 3
    [m] => 225
    [fd] => faul1_2
    [va] => 1
    [p] => 4
    [v] => 12
)
session:
files:Array
(
)

[2025/06/19 06:16:03]--------------------------------------------------
post:Array
(
)
get:Array
(
    [n] => 3
    [m] => 225
    [fd] => waza2_1
    [va] => 1
    [p] => 4
    [v] => 12
)
session:
files:Array
(
)

[2025/06/19 06:16:05]--------------------------------------------------
post:Array
(
)
get:Array
(
    [n] => 3
    [m] => 225
    [fd] => waza2_2
    [va] => 1
    [p] => 4
    [v] => 12
)
session:
files:Array
(
)

[2025/06/19 06:16:06]--------------------------------------------------
post:Array
(
)
get:Array
(
    [n] => 1
    [p] => 4
    [v] => 12
)
session:
files:Array
(
)

[2025/06/19 06:16:11]--------------------------------------------------
post:Array
(
)
get:Array
(
    [n] => 1
    [p] => 4
    [v] => 12
)
session:
files:Array
(
)

[2025/06/19 06:16:14]--------------------------------------------------
post:Array
(
)
get:Array
(
    [n] => 3
    [m] => 230
    [fd] => faul1_2
    [va] => 1
    [p] => 4
    [v] => 12
)
session:
files:Array
(
)

[2025/06/19 06:16:18]--------------------------------------------------
post:Array
(
)
get:Array
(
    [n] => 3
    [m] => 230
    [fd] => faul2_1
    [va] => 2
    [p] => 4
    [v] => 12
)
session:
files:Array
(
)

[2025/06/19 06:16:20]--------------------------------------------------
post:Array
(
)
get:Array
(
    [n] => 3
    [m] => 230
    [fd] => waza1_1
    [va] => 1
    [p] => 4
    [v] => 12
)
session:
files:Array
(
)

[2025/06/19 06:16:23]--------------------------------------------------
post:Array
(
)
get:Array
(
    [n] => 3
    [m] => 230
    [fd] => waza2_2
    [va] => 1
    [p] => 4
    [v] => 12
)
session:
files:Array
(
)

[2025/06/19 06:16:26]--------------------------------------------------
post:Array
(
)
get:Array
(
    [n] => 3
    [m] => 230
    [fd] => waza1_3
    [va] => 2
    [p] => 4
    [v] => 12
)
session:
files:Array
(
)

[2025/06/19 06:16:27]--------------------------------------------------
post:Array
(
)
get:Array
(
    [n] => 1
    [p] => 4
    [v] => 12
)
session:
files:Array
(
)

[2025/06/19 06:16:31]--------------------------------------------------
post:Array
(
)
get:Array
(
    [n] => 1
    [p] => 4
    [v] => 12
)
session:
files:Array
(
)

[2025/06/19 06:16:34]--------------------------------------------------
post:Array
(
)
get:Array
(
    [n] => 3
    [m] => 233
    [fd] => waza2_1
    [va] => 1
    [p] => 4
    [v] => 12
)
session:
files:Array
(
)

[2025/06/19 06:16:35]--------------------------------------------------
post:Array
(
)
get:Array
(
    [n] => 1
    [p] => 4
    [v] => 12
)
session:
files:Array
(
)

[2025/06/19 06:16:39]--------------------------------------------------
post:Array
(
)
get:Array
(
    [n] => 1
    [p] => 4
    [v] => 12
)
session:
files:Array
(
)

[2025/06/19 06:16:43]--------------------------------------------------
post:Array
(
)
get:Array
(
    [n] => 3
    [m] => 238
    [fd] => waza1_1
    [va] => 1
    [p] => 4
    [v] => 12
)
session:
files:Array
(
)

[2025/06/19 06:16:45]--------------------------------------------------
post:Array
(
)
get:Array
(
    [n] => 1
    [p] => 4
    [v] => 12
)
session:
files:Array
(
)

[2025/06/19 06:16:49]--------------------------------------------------
post:Array
(
)
get:Array
(
    [n] => 1
    [p] => 4
    [v] => 12
)
session:
files:Array
(
)

[2025/06/19 06:16:52]--------------------------------------------------
post:Array
(
)
get:Array
(
    [n] => 3
    [m] => 241
    [fd] => waza2_1
    [va] => 2
    [p] => 4
    [v] => 12
)
session:
files:Array
(
)

[2025/06/19 06:16:53]--------------------------------------------------
post:Array
(
)
get:Array
(
    [n] => 1
    [p] => 4
    [v] => 12
)
session:
files:Array
(
)

[2025/06/19 06:16:57]--------------------------------------------------
post:Array
(
)
get:Array
(
    [n] => 1
    [p] => 4
    [v] => 12
)
session:
files:Array
(
)

[2025/06/19 06:16:58]--------------------------------------------------
post:Array
(
)
get:Array
(
    [n] => 3
    [m] => 246
    [fd] => waza1_1
    [va] => 2
    [p] => 4
    [v] => 12
)
session:
files:Array
(
)

[2025/06/19 06:17:00]--------------------------------------------------
post:Array
(
)
get:Array
(
    [n] => 1
    [p] => 4
    [v] => 12
)
session:
files:Array
(
)

[2025/06/19 06:17:03]--------------------------------------------------
post:Array
(
)
get:Array
(
    [n] => 1
    [p] => 4
    [v] => 12
)
session:
files:Array
(
)

[2025/06/19 06:17:05]--------------------------------------------------
post:Array
(
)
get:Array
(
    [n] => 3
    [m] => 249
    [fd] => waza1_1
    [va] => 2
    [p] => 4
    [v] => 12
)
session:
files:Array
(
)

[2025/06/19 06:17:07]--------------------------------------------------
post:Array
(
)
get:Array
(
    [n] => 3
    [m] => 249
    [fd] => waza1_2
    [va] => 1
    [p] => 4
    [v] => 12
)
session:
files:Array
(
)

[2025/06/19 06:17:10]--------------------------------------------------
post:Array
(
)
get:Array
(
    [n] => 3
    [m] => 249
    [fd] => faul2_2
    [va] => 1
    [p] => 4
    [v] => 12
)
session:
files:Array
(
)

[2025/06/19 06:17:12]--------------------------------------------------
post:Array
(
)
get:Array
(
    [n] => 3
    [m] => 249
    [fd] => faul1_2
    [va] => 1
    [p] => 4
    [v] => 12
)
session:
files:Array
(
)

[2025/06/19 06:17:14]--------------------------------------------------
post:Array
(
)
get:Array
(
    [n] => 1
    [p] => 4
    [v] => 12
)
session:
files:Array
(
)

[2025/06/19 06:17:17]--------------------------------------------------
post:Array
(
)
get:Array
(
    [n] => 1
    [p] => 4
    [v] => 12
)
session:
files:Array
(
)

[2025/06/19 06:17:23]--------------------------------------------------
post:Array
(
)
get:Array
(
    [n] => 1
    [p] => 4
    [v] => 12
)
session:
files:Array
(
)

[2025/06/19 06:17:26]--------------------------------------------------
post:Array
(
)
get:Array
(
    [n] => 1
    [p] => 4
    [v] => 12
)
session:
files:Array
(
)

[2025/06/19 06:17:29]--------------------------------------------------
post:Array
(
)
get:Array
(
    [n] => 3
    [m] => 112
    [fd] => faul2_2
    [va] => 1
    [p] => 4
    [v] => 12
)
session:
files:Array
(
)

[2025/06/19 06:17:31]--------------------------------------------------
post:Array
(
)
get:Array
(
    [n] => 3
    [m] => 112
    [fd] => waza1_1
    [va] => 1
    [p] => 4
    [v] => 12
)
session:
files:Array
(
)

[2025/06/19 06:17:32]--------------------------------------------------
post:Array
(
)
get:Array
(
    [n] => 1
    [p] => 4
    [v] => 12
)
session:
files:Array
(
)

[2025/06/19 06:17:35]--------------------------------------------------
post:Array
(
)
get:Array
(
    [n] => 1
    [p] => 4
    [v] => 12
)
session:
files:Array
(
)

[2025/06/19 06:17:37]--------------------------------------------------
post:Array
(
)
get:Array
(
    [n] => 3
    [m] => 113
    [fd] => faul2_2
    [va] => 1
    [p] => 4
    [v] => 12
)
session:
files:Array
(
)

[2025/06/19 06:17:39]--------------------------------------------------
post:Array
(
)
get:Array
(
    [n] => 3
    [m] => 113
    [fd] => waza1_1
    [va] => 1
    [p] => 4
    [v] => 12
)
session:
files:Array
(
)

[2025/06/19 06:17:41]--------------------------------------------------
post:Array
(
)
get:Array
(
    [n] => 3
    [m] => 113
    [fd] => waza1_2
    [va] => 1
    [p] => 4
    [v] => 12
)
session:
files:Array
(
)

[2025/06/19 06:17:43]--------------------------------------------------
post:Array
(
)
get:Array
(
    [n] => 1
    [p] => 4
    [v] => 12
)
session:
files:Array
(
)

[2025/06/19 06:17:46]--------------------------------------------------
post:Array
(
)
get:Array
(
    [n] => 1
    [p] => 4
    [v] => 12
)
session:
files:Array
(
)

[2025/06/19 06:17:49]--------------------------------------------------
post:Array
(
)
get:Array
(
    [n] => 3
    [m] => 114
    [fd] => faul2_2
    [va] => 1
    [p] => 4
    [v] => 12
)
session:
files:Array
(
)

[2025/06/19 06:17:50]--------------------------------------------------
post:Array
(
)
get:Array
(
    [n] => 3
    [m] => 114
    [fd] => faul1_2
    [va] => 1
    [p] => 4
    [v] => 12
)
session:
files:Array
(
)

[2025/06/19 06:17:51]--------------------------------------------------
post:Array
(
)
get:Array
(
    [n] => 3
    [m] => 114
    [fd] => waza2_1
    [va] => 1
    [p] => 4
    [v] => 12
)
session:
files:Array
(
)

[2025/06/19 06:17:53]--------------------------------------------------
post:Array
(
)
get:Array
(
    [n] => 1
    [p] => 4
    [v] => 12
)
session:
files:Array
(
)

[2025/06/19 06:23:53]--------------------------------------------------
post:Array
(
)
get:Array
(
    [n] => 1
    [p] => 1
    [v] => 12
)
session:
files:Array
(
)

[2025/06/19 06:23:54]--------------------------------------------------
post:Array
(
)
get:Array
(
    [n] => 1
    [p] => 1
    [v] => 12
)
session:
files:Array
(
)

[2025/06/19 06:24:02]--------------------------------------------------
post:Array
(
)
get:Array
(
    [n] => 2
    [v] => 12
    [p] => 1
    [m] => 3
    [mn] => 1
    [fd] => waza1_1
    [va] => 1
)
session:
files:Array
(
)

[2025/06/19 06:24:08]--------------------------------------------------
post:Array
(
)
get:Array
(
    [n] => 1
    [p] => 1
    [v] => 12
)
session:
files:Array
(
)

[2025/06/19 06:24:08]--------------------------------------------------
post:Array
(
)
get:Array
(
    [n] => 1
    [p] => 1
    [v] => 12
)
session:
files:Array
(
)

[2025/06/19 06:39:55]--------------------------------------------------
post:Array
(
)
get:Array
(
    [n] => 1
    [p] => 1
    [v] => 12
)
session:
files:Array
(
)

[2025/06/19 06:39:55]--------------------------------------------------
post:Array
(
)
get:Array
(
    [n] => 1
    [p] => 1
    [v] => 12
)
session:
files:Array
(
)

[2025/06/19 06:40:02]--------------------------------------------------
post:Array
(
)
get:Array
(
    [n] => 2
    [v] => 12
    [p] => 1
    [m] => 3
    [mn] => 1
    [fd] => waza1_1
    [va] => 2
)
session:
files:Array
(
)

[2025/06/19 06:44:04]--------------------------------------------------
post:Array
(
)
get:Array
(
    [n] => 2
    [v] => 12
    [p] => 1
    [m] => 3
    [mn] => 1
    [fd] => waza1_1
    [va] => 4
)
session:
files:Array
(
)

[2025/06/19 06:46:41]--------------------------------------------------
post:Array
(
)
get:Array
(
    [n] => 2
    [v] => 12
    [p] => 1
    [m] => 3
    [mn] => 1
    [fd] => waza1_1
    [va] => 1
)
session:
files:Array
(
)

[2025/06/19 06:59:55]--------------------------------------------------
post:Array
(
)
get:Array
(
    [n] => 1
    [p] => 4
    [v] => 12
)
session:
files:Array
(
)

[2025/06/19 06:59:58]--------------------------------------------------
post:Array
(
)
get:Array
(
    [n] => 1
    [p] => 4
    [v] => 12
)
session:
files:Array
(
)

[2025/06/19 07:00:01]--------------------------------------------------
post:Array
(
)
get:Array
(
    [n] => 3
    [m] => 115
    [fd] => waza1_1
    [va] => 2
    [p] => 4
    [v] => 12
)
session:
files:Array
(
)

[2025/06/19 07:00:04]--------------------------------------------------
post:Array
(
)
get:Array
(
    [n] => 3
    [m] => 115
    [fd] => extra
    [va] => 1
    [p] => 4
    [v] => 12
)
session:
files:Array
(
)

[2025/06/19 07:00:07]--------------------------------------------------
post:Array
(
)
get:Array
(
    [n] => 1
    [p] => 4
    [v] => 12
)
session:
files:Array
(
)

[2025/06/19 07:00:11]--------------------------------------------------
post:Array
(
)
get:Array
(
    [n] => 1
    [p] => 4
    [v] => 12
)
session:
files:Array
(
)

[2025/06/19 07:00:15]--------------------------------------------------
post:Array
(
)
get:Array
(
    [n] => 3
    [m] => 116
    [fd] => waza2_1
    [va] => 1
    [p] => 4
    [v] => 12
)
session:
files:Array
(
)

[2025/06/19 07:00:17]--------------------------------------------------
post:Array
(
)
get:Array
(
    [n] => 3
    [m] => 116
    [fd] => waza1_2
    [va] => 1
    [p] => 4
    [v] => 12
)
session:
files:Array
(
)

[2025/06/19 07:00:19]--------------------------------------------------
post:Array
(
)
get:Array
(
    [n] => 3
    [m] => 116
    [fd] => waza2_3
    [va] => 1
    [p] => 4
    [v] => 12
)
session:
files:Array
(
)

[2025/06/19 07:00:21]--------------------------------------------------
post:Array
(
)
get:Array
(
    [n] => 1
    [p] => 4
    [v] => 12
)
session:
files:Array
(
)

[2025/06/19 07:00:25]--------------------------------------------------
post:Array
(
)
get:Array
(
    [n] => 1
    [p] => 4
    [v] => 12
)
session:
files:Array
(
)

[2025/06/19 08:07:45]--------------------------------------------------
post:Array
(
)
get:Array
(
    [n] => 3
    [m] => 117
    [fd] => waza2_1
    [va] => 1
    [p] => 4
    [v] => 12
)
session:
files:Array
(
)

[2025/06/19 08:07:46]--------------------------------------------------
post:Array
(
)
get:Array
(
    [n] => 3
    [m] => 117
    [fd] => waza2_1
    [va] => 3
    [p] => 4
    [v] => 12
)
session:
files:Array
(
)

[2025/06/19 08:07:48]--------------------------------------------------
post:Array
(
)
get:Array
(
    [n] => 1
    [p] => 4
    [v] => 12
)
session:
files:Array
(
)

[2025/06/19 08:07:49]--------------------------------------------------
post:Array
(
)
get:Array
(
    [n] => 1
    [p] => 4
    [v] => 12
)
session:
files:Array
(
)

[2025/06/19 08:07:49]--------------------------------------------------
post:Array
(
)
get:Array
(
    [n] => 1
    [p] => 4
    [v] => 12
)
session:
files:Array
(
)

[2025/06/19 08:07:54]--------------------------------------------------
post:Array
(
)
get:Array
(
    [n] => 1
    [p] => 4
    [v] => 12
)
session:
files:Array
(
)

[2025/06/19 08:08:03]--------------------------------------------------
post:Array
(
)
get:Array
(
    [n] => 3
    [m] => 118
    [fd] => faul2_2
    [va] => 1
    [p] => 4
    [v] => 12
)
session:
files:Array
(
)

[2025/06/19 08:08:12]--------------------------------------------------
post:Array
(
)
get:Array
(
    [n] => 3
    [m] => 118
    [fd] => waza1_1
    [va] => 1
    [p] => 4
    [v] => 12
)
session:
files:Array
(
)

[2025/06/19 08:08:14]--------------------------------------------------
post:Array
(
)
get:Array
(
    [n] => 1
    [p] => 4
    [v] => 12
)
session:
files:Array
(
)

[2025/06/19 08:08:18]--------------------------------------------------
post:Array
(
)
get:Array
(
    [n] => 1
    [p] => 4
    [v] => 12
)
session:
files:Array
(
)

[2025/06/19 08:08:21]--------------------------------------------------
post:Array
(
)
get:Array
(
    [n] => 3
    [m] => 119
    [fd] => faul1_2
    [va] => 1
    [p] => 4
    [v] => 12
)
session:
files:Array
(
)

[2025/06/19 08:08:23]--------------------------------------------------
post:Array
(
)
get:Array
(
    [n] => 3
    [m] => 119
    [fd] => waza1_1
    [va] => 3
    [p] => 4
    [v] => 12
)
session:
files:Array
(
)

[2025/06/19 08:08:25]--------------------------------------------------
post:Array
(
)
get:Array
(
    [n] => 1
    [p] => 4
    [v] => 12
)
session:
files:Array
(
)

[2025/06/19 08:08:36]--------------------------------------------------
post:Array
(
)
get:Array
(
    [n] => 1
    [p] => 4
    [v] => 12
)
session:
files:Array
(
)

[2025/06/19 08:08:44]--------------------------------------------------
post:Array
(
)
get:Array
(
    [n] => 1
    [p] => 4
    [v] => 12
)
session:
files:Array
(
)

[2025/06/19 08:08:48]--------------------------------------------------
post:Array
(
)
get:Array
(
    [n] => 2
    [v] => 12
    [p] => 4
    [m] => 141
    [mn] => 1
    [fd] => faul1_2
    [va] => 1
)
session:
files:Array
(
)

[2025/06/19 08:08:49]--------------------------------------------------
post:Array
(
)
get:Array
(
    [n] => 2
    [v] => 12
    [p] => 4
    [m] => 141
    [mn] => 1
    [fd] => waza2_1
    [va] => 2
)
session:
files:Array
(
)

[2025/06/19 08:08:51]--------------------------------------------------
post:Array
(
)
get:Array
(
    [n] => 2
    [v] => 12
    [p] => 4
    [m] => 141
    [mn] => 1
    [fd] => waza1_2
    [va] => 1
)
session:
files:Array
(
)

[2025/06/19 08:20:50]--------------------------------------------------
post:Array
(
)
get:Array
(
    [n] => 1
    [p] => 4
    [v] => 12
)
session:
files:Array
(
)

[2025/06/19 08:20:52]--------------------------------------------------
post:Array
(
)
get:Array
(
    [n] => 1
    [p] => 4
    [v] => 12
)
session:
files:Array
(
)

[2025/06/19 08:20:55]--------------------------------------------------
post:Array
(
)
get:Array
(
    [n] => 1
    [p] => 4
    [v] => 12
)
session:
files:Array
(
)

[2025/06/19 08:20:56]--------------------------------------------------
post:Array
(
)
get:Array
(
    [n] => 1
    [p] => 4
    [v] => 12
)
session:
files:Array
(
)

[2025/06/19 08:20:57]--------------------------------------------------
post:Array
(
)
get:Array
(
    [n] => 1
    [p] => 4
    [v] => 12
)
session:
files:Array
(
)

[2025/06/19 08:21:03]--------------------------------------------------
post:Array
(
)
get:Array
(
    [n] => 1
    [p] => 4
    [v] => 12
)
session:
files:Array
(
)

[2025/06/19 08:21:09]--------------------------------------------------
post:Array
(
)
get:Array
(
    [n] => 2
    [v] => 12
    [p] => 4
    [m] => 141
    [mn] => 2
    [fd] => faul2_2
    [va] => 1
)
session:
files:Array
(
)

[2025/06/19 08:21:11]--------------------------------------------------
post:Array
(
)
get:Array
(
    [n] => 2
    [v] => 12
    [p] => 4
    [m] => 141
    [mn] => 2
    [fd] => waza2_1
    [va] => 1
)
session:
files:Array
(
)

[2025/06/19 08:21:25]--------------------------------------------------
post:Array
(
)
get:Array
(
    [n] => 1
    [p] => 4
    [v] => 12
)
session:
files:Array
(
)

[2025/06/19 08:21:35]--------------------------------------------------
post:Array
(
)
get:Array
(
    [n] => 1
    [p] => 4
    [v] => 12
)
session:
files:Array
(
)

[2025/06/19 08:21:52]--------------------------------------------------
post:Array
(
)
get:Array
(
    [n] => 1
    [p] => 4
    [v] => 12
)
session:
files:Array
(
)

[2025/06/19 08:22:34]--------------------------------------------------
post:Array
(
)
get:Array
(
    [n] => 1
    [p] => 4
    [v] => 12
)
session:
files:Array
(
)

[2025/06/19 08:22:42]--------------------------------------------------
post:Array
(
)
get:Array
(
    [n] => 2
    [v] => 12
    [p] => 4
    [m] => 141
    [mn] => 4
    [fd] => waza1_1
    [va] => 5
)
session:
files:Array
(
)

[2025/06/19 08:22:44]--------------------------------------------------
post:Array
(
)
get:Array
(
    [n] => 2
    [v] => 12
    [p] => 4
    [m] => 141
    [mn] => 4
    [fd] => waza1_2
    [va] => 5
)
session:
files:Array
(
)

[2025/06/19 08:48:50]--------------------------------------------------
post:Array
(
)
get:Array
(
    [n] => 1
    [p] => 4
    [v] => 12
)
session:
files:Array
(
)

[2025/06/19 09:41:35]--------------------------------------------------
post:Array
(
)
get:Array
(
    [n] => 1
    [p] => 4
    [v] => 12
)
session:
files:Array
(
)

[2025/06/19 09:46:13]--------------------------------------------------
post:Array
(
)
get:Array
(
    [n] => 1
    [p] => 1
    [v] => 12
)
session:
files:Array
(
)

[2025/06/19 09:50:00]--------------------------------------------------
post:Array
(
)
get:Array
(
    [n] => 1
    [p] => 1
    [v] => 12
)
session:
files:Array
(
)

[2025/06/19 09:50:05]--------------------------------------------------
post:Array
(
)
get:Array
(
    [n] => 2
    [v] => 12
    [p] => 1
    [m] => 3
    [mn] => 1
    [fd] => waza1_1
    [va] => 2
)
session:
files:Array
(
)

[2025/06/19 09:53:44]--------------------------------------------------
post:Array
(
)
get:Array
(
    [n] => 1
    [p] => 1
    [v] => 12
)
session:
files:Array
(
)

[2025/06/19 09:53:49]--------------------------------------------------
post:Array
(
)
get:Array
(
    [n] => 1
    [p] => 1
    [v] => 12
)
session:
files:Array
(
)

[2025/06/19 09:53:53]--------------------------------------------------
post:Array
(
)
get:Array
(
    [n] => 2
    [v] => 12
    [p] => 1
    [m] => 3
    [mn] => 1
    [fd] => waza1_1
    [va] => 1
)
session:
files:Array
(
)

[2025/06/19 10:08:04]--------------------------------------------------
post:Array
(
)
get:Array
(
    [n] => 1
    [p] => 1
    [v] => 12
)
session:
files:Array
(
)

[2025/06/19 10:08:08]--------------------------------------------------
post:Array
(
)
get:Array
(
    [n] => 1
    [p] => 1
    [v] => 12
)
session:
files:Array
(
)

[2025/06/19 10:08:13]--------------------------------------------------
post:Array
(
)
get:Array
(
    [n] => 2
    [v] => 12
    [p] => 1
    [m] => 3
    [mn] => 1
    [fd] => waza1_1
    [va] => 2
)
session:
files:Array
(
)

[2025/06/19 10:08:15]--------------------------------------------------
post:Array
(
)
get:Array
(
    [n] => 1
    [p] => 1
    [v] => 12
)
session:
files:Array
(
)

[2025/06/19 10:12:07]--------------------------------------------------
post:Array
(
)
get:Array
(
    [n] => 1
    [p] => 1
    [v] => 12
)
session:
files:Array
(
)

[2025/06/19 10:12:11]--------------------------------------------------
post:Array
(
)
get:Array
(
    [n] => 1
    [p] => 1
    [v] => 12
)
session:
files:Array
(
)

[2025/06/19 10:15:07]--------------------------------------------------
post:Array
(
)
get:Array
(
    [n] => 1
    [p] => 1
    [v] => 12
)
session:
files:Array
(
)

[2025/06/19 10:15:07]--------------------------------------------------
post:Array
(
)
get:Array
(
    [n] => 1
    [p] => 1
    [v] => 12
)
session:
files:Array
(
)

[2025/06/19 10:23:52]--------------------------------------------------
post:Array
(
)
get:Array
(
    [n] => 1
    [p] => 1
    [v] => 12
)
session:
files:Array
(
)

[2025/06/19 11:16:44]--------------------------------------------------
post:Array
(
)
get:Array
(
    [n] => 1
    [p] => 4
    [v] => 12
)
session:
files:Array
(
)

[2025/06/19 11:16:47]--------------------------------------------------
post:Array
(
)
get:Array
(
    [n] => 2
    [v] => 12
    [p] => 4
    [m] => 146
    [mn] => 5
    [fd] => faul2_2
    [va] => 1
)
session:
files:Array
(
)

[2025/06/19 11:16:49]--------------------------------------------------
post:Array
(
)
get:Array
(
    [n] => 2
    [v] => 12
    [p] => 4
    [m] => 146
    [mn] => 5
    [fd] => waza2_1
    [va] => 3
)
session:
files:Array
(
)

[2025/06/19 11:16:50]--------------------------------------------------
post:Array
(
)
get:Array
(
    [n] => 1
    [p] => 4
    [v] => 12
)
session:
files:Array
(
)

[2025/06/19 11:26:01]--------------------------------------------------
post:Array
(
)
get:Array
(
    [n] => 1
    [p] => 4
    [v] => 12
)
session:
files:Array
(
)

[2025/06/19 11:26:04]--------------------------------------------------
post:Array
(
)
get:Array
(
    [n] => 1
    [p] => 4
    [v] => 12
)
session:
files:Array
(
)

[2025/06/19 11:26:12]--------------------------------------------------
post:Array
(
)
get:Array
(
    [n] => 1
    [p] => 4
    [v] => 12
)
session:
files:Array
(
)

[2025/06/19 11:26:15]--------------------------------------------------
post:Array
(
)
get:Array
(
    [n] => 2
    [v] => 12
    [p] => 4
    [m] => 146
    [mn] => 1
    [fd] => waza2_1
    [va] => 3
)
session:
files:Array
(
)

[2025/06/19 11:26:16]--------------------------------------------------
post:Array
(
)
get:Array
(
    [n] => 1
    [p] => 4
    [v] => 12
)
session:
files:Array
(
)

[2025/06/19 11:26:17]--------------------------------------------------
post:Array
(
)
get:Array
(
    [n] => 1
    [p] => 4
    [v] => 12
)
session:
files:Array
(
)

[2025/06/19 11:26:20]--------------------------------------------------
post:Array
(
)
get:Array
(
    [n] => 2
    [v] => 12
    [p] => 4
    [m] => 146
    [mn] => 2
    [fd] => waza1_1
    [va] => 1
)
session:
files:Array
(
)

[2025/06/19 11:26:21]--------------------------------------------------
post:Array
(
)
get:Array
(
    [n] => 2
    [v] => 12
    [p] => 4
    [m] => 146
    [mn] => 2
    [fd] => waza1_2
    [va] => 1
)
session:
files:Array
(
)

[2025/06/19 11:26:22]--------------------------------------------------
post:Array
(
)
get:Array
(
    [n] => 1
    [p] => 4
    [v] => 12
)
session:
files:Array
(
)

[2025/06/19 11:26:24]--------------------------------------------------
post:Array
(
)
get:Array
(
    [n] => 1
    [p] => 4
    [v] => 12
)
session:
files:Array
(
)

[2025/06/19 11:26:25]--------------------------------------------------
post:Array
(
)
get:Array
(
    [n] => 1
    [p] => 4
    [v] => 12
)
session:
files:Array
(
)

[2025/06/19 11:26:32]--------------------------------------------------
post:Array
(
)
get:Array
(
    [n] => 1
    [p] => 4
    [v] => 12
)
session:
files:Array
(
)

[2025/06/19 11:26:35]--------------------------------------------------
post:Array
(
)
get:Array
(
    [n] => 1
    [p] => 4
    [v] => 12
)
session:
files:Array
(
)

[2025/06/19 11:26:37]--------------------------------------------------
post:Array
(
)
get:Array
(
    [n] => 1
    [p] => 4
    [v] => 12
)
session:
files:Array
(
)

[2025/06/19 11:26:41]--------------------------------------------------
post:Array
(
)
get:Array
(
    [n] => 1
    [p] => 4
    [v] => 12
)
session:
files:Array
(
)

[2025/06/19 11:26:42]--------------------------------------------------
post:Array
(
)
get:Array
(
    [n] => 1
    [p] => 4
    [v] => 12
)
session:
files:Array
(
)

[2025/06/19 12:03:48]--------------------------------------------------
post:Array
(
)
get:Array
(
    [n] => 1
    [p] => 1
    [v] => 12
)
session:
files:Array
(
)

[2025/06/19 12:57:27]--------------------------------------------------
post:Array
(
)
get:Array
(
    [n] => 1
    [p] => 1
    [v] => 12
)
session:
files:Array
(
)

[2025/06/19 12:58:01]--------------------------------------------------
post:Array
(
)
get:Array
(
    [n] => 1
    [p] => 1
    [v] => 12
)
session:
files:Array
(
)

[2025/06/19 12:59:49]--------------------------------------------------
post:Array
(
)
get:Array
(
    [n] => 1
    [p] => 1
    [v] => 12
)
session:
files:Array
(
)

[2025/06/19 15:07:27]--------------------------------------------------
post:Array
(
)
get:Array
(
    [n] => 1
    [p] => 4
    [v] => 12
)
session:
files:Array
(
)

[2025/06/19 15:07:31]--------------------------------------------------
post:Array
(
)
get:Array
(
    [n] => 1
    [p] => 4
    [v] => 12
)
session:
files:Array
(
)

[2025/06/19 15:07:37]--------------------------------------------------
post:Array
(
)
get:Array
(
    [n] => 1
    [p] => 4
    [v] => 12
)
session:
files:Array
(
)

[2025/06/19 15:07:40]--------------------------------------------------
post:Array
(
)
get:Array
(
    [n] => 1
    [p] => 4
    [v] => 12
)
session:
files:Array
(
)

[2025/06/19 15:07:44]--------------------------------------------------
post:Array
(
)
get:Array
(
    [n] => 1
    [p] => 4
    [v] => 12
)
session:
files:Array
(
)

[2025/06/19 15:07:51]--------------------------------------------------
post:Array
(
)
get:Array
(
    [n] => 1
    [p] => 4
    [v] => 12
)
session:
files:Array
(
)

[2025/06/19 15:07:58]--------------------------------------------------
post:Array
(
)
get:Array
(
    [n] => 1
    [p] => 4
    [v] => 12
)
session:
files:Array
(
)

[2025/06/19 15:08:00]--------------------------------------------------
post:Array
(
)
get:Array
(
    [n] => 1
    [p] => 4
    [v] => 12
)
session:
files:Array
(
)

[2025/06/19 15:08:06]--------------------------------------------------
post:Array
(
)
get:Array
(
    [n] => 1
    [p] => 4
    [v] => 12
)
session:
files:Array
(
)

[2025/06/19 15:08:11]--------------------------------------------------
post:Array
(
)
get:Array
(
    [n] => 1
    [p] => 4
    [v] => 12
)
session:
files:Array
(
)

[2025/06/19 15:09:01]--------------------------------------------------
post:Array
(
)
get:Array
(
    [n] => 1
    [p] => 4
    [v] => 12
)
session:
files:Array
(
)

[2025/06/19 15:09:07]--------------------------------------------------
post:Array
(
)
get:Array
(
    [n] => 1
    [p] => 4
    [v] => 12
)
session:
files:Array
(
)

[2025/06/19 15:09:14]--------------------------------------------------
post:Array
(
)
get:Array
(
    [n] => 2
    [v] => 12
    [p] => 4
    [m] => 143
    [mn] => 1
    [fd] => faul2_2
    [va] => 1
)
session:
files:Array
(
)

[2025/06/19 15:11:59]--------------------------------------------------
post:Array
(
)
get:Array
(
    [n] => 2
    [v] => 12
    [p] => 4
    [m] => 143
    [mn] => 1
    [fd] => waza2_1
    [va] => 1
)
session:
files:Array
(
)

[2025/06/19 15:12:00]--------------------------------------------------
post:Array
(
)
get:Array
(
    [n] => 1
    [p] => 4
    [v] => 12
)
session:
files:Array
(
)

[2025/06/19 15:13:42]--------------------------------------------------
post:Array
(
)
get:Array
(
    [n] => 1
    [p] => 4
    [v] => 12
)
session:
files:Array
(
)

[2025/06/19 15:13:51]--------------------------------------------------
post:Array
(
)
get:Array
(
    [n] => 2
    [v] => 12
    [p] => 4
    [m] => 143
    [mn] => 2
    [fd] => faul1_1
    [va] => 2
)
session:
files:Array
(
)

[2025/06/19 15:13:52]--------------------------------------------------
post:Array
(
)
get:Array
(
    [n] => 2
    [v] => 12
    [p] => 4
    [m] => 143
    [mn] => 2
    [fd] => faul2_2
    [va] => 1
)
session:
files:Array
(
)

[2025/06/19 15:13:54]--------------------------------------------------
post:Array
(
)
get:Array
(
    [n] => 2
    [v] => 12
    [p] => 4
    [m] => 143
    [mn] => 2
    [fd] => waza1_1
    [va] => 1
)
session:
files:Array
(
)

[2025/06/19 15:13:55]--------------------------------------------------
post:Array
(
)
get:Array
(
    [n] => 2
    [v] => 12
    [p] => 4
    [m] => 143
    [mn] => 2
    [fd] => waza2_2
    [va] => 1
)
session:
files:Array
(
)

[2025/06/19 15:14:00]--------------------------------------------------
post:Array
(
)
get:Array
(
    [n] => 1
    [p] => 4
    [v] => 12
)
session:
files:Array
(
)

[2025/06/19 19:30:22]--------------------------------------------------
post:Array
(
)
get:Array
(
    [n] => 1
    [p] => 1
    [v] => 12
)
session:
files:Array
(
)

[2025/06/19 19:30:22]--------------------------------------------------
post:Array
(
)
get:Array
(
    [n] => 1
    [p] => 1
    [v] => 12
)
session:
files:Array
(
)

[2025/06/19 19:31:33]--------------------------------------------------
post:Array
(
)
get:Array
(
    [n] => 1
    [p] => 1
    [v] => 12
)
session:
files:Array
(
)

[2025/06/19 19:31:53]--------------------------------------------------
post:Array
(
)
get:Array
(
    [n] => 1
    [p] => 1
    [v] => 12
)
session:
files:Array
(
)

[2025/06/19 19:31:59]--------------------------------------------------
post:Array
(
)
get:Array
(
    [n] => 3
    [m] => 129
    [fd] => waza1_1
    [va] => 1
    [p] => 1
    [v] => 12
)
session:
files:Array
(
)

[2025/06/19 19:32:22]--------------------------------------------------
post:Array
(
)
get:Array
(
    [n] => 1
    [p] => 1
    [v] => 12
)
session:
files:Array
(
)

[2025/06/19 19:32:22]--------------------------------------------------
post:Array
(
)
get:Array
(
    [n] => 1
    [p] => 1
    [v] => 12
)
session:
files:Array
(
)

[2025/06/19 19:32:31]--------------------------------------------------
post:Array
(
)
get:Array
(
    [n] => 1
    [p] => 1
    [v] => 12
)
session:
files:Array
(
)

[2025/06/19 19:48:54]--------------------------------------------------
post:Array
(
)
get:Array
(
    [n] => 1
    [p] => 1
    [v] => 12
)
session:
files:Array
(
)

[2025/06/19 19:49:05]--------------------------------------------------
post:Array
(
)
get:Array
(
    [n] => 1
    [p] => 1
    [v] => 12
)
session:
files:Array
(
)

[2025/06/19 19:49:06]--------------------------------------------------
post:Array
(
)
get:Array
(
    [n] => 1
    [p] => 1
    [v] => 12
)
session:
files:Array
(
)

[2025/06/19 19:49:13]--------------------------------------------------
post:Array
(
)
get:Array
(
    [n] => 2
    [v] => 12
    [p] => 1
    [m] => 8
    [mn] => 1
    [fd] => waza1_1
    [va] => 2
)
session:
files:Array
(
)

[2025/06/19 19:49:18]--------------------------------------------------
post:Array
(
)
get:Array
(
    [n] => 2
    [v] => 12
    [p] => 1
    [m] => 8
    [mn] => 1
    [fd] => waza1_1
    [va] => 0
)
session:
files:Array
(
)

[2025/06/19 19:49:21]--------------------------------------------------
post:Array
(
)
get:Array
(
    [n] => 1
    [p] => 1
    [v] => 12
)
session:
files:Array
(
)

[2025/06/19 21:58:47]--------------------------------------------------
post:Array
(
)
get:Array
(
    [n] => 1
    [p] => 1
    [v] => 12
)
session:
files:Array
(
)

[2025/06/19 21:59:05]--------------------------------------------------
post:Array
(
)
get:Array
(
    [n] => 1
    [p] => 1
    [v] => 12
)
session:
files:Array
(
)

[2025/06/19 22:08:17]--------------------------------------------------
post:Array
(
)
get:Array
(
    [n] => 1
    [p] => 1
    [v] => 12
)
session:
files:Array
(
)

[2025/06/19 22:08:17]--------------------------------------------------
post:Array
(
)
get:Array
(
    [n] => 1
    [p] => 1
    [v] => 12
)
session:
files:Array
(
)

[2025/06/19 22:22:41]--------------------------------------------------
post:Array
(
)
get:Array
(
    [n] => 1
    [p] => 1
    [v] => 12
)
session:
files:Array
(
)

[2025/06/19 22:37:23]--------------------------------------------------
post:Array
(
)
get:Array
(
    [n] => 1
    [p] => 1
    [v] => 12
)
session:
files:Array
(
)

[2025/06/19 22:37:23]--------------------------------------------------
post:Array
(
)
get:Array
(
    [n] => 1
    [p] => 1
    [v] => 12
)
session:
files:Array
(
)

[2025/06/19 22:44:10]--------------------------------------------------
post:Array
(
)
get:Array
(
    [n] => 1
    [p] => 1
    [v] => 12
)
files:Array
(
)

[2025/06/19 22:59:09]--------------------------------------------------
post:Array
(
)
get:Array
(
    [n] => 1
    [p] => 4
    [v] => 12
)
files:Array
(
)

[2025/06/19 22:59:19]--------------------------------------------------
post:Array
(
)
get:Array
(
    [n] => 1
    [p] => 4
    [v] => 12
)
files:Array
(
)

[2025/06/19 22:59:22]--------------------------------------------------
post:Array
(
)
get:Array
(
    [n] => 1
    [p] => 4
    [v] => 12
)
files:Array
(
)

[2025/06/19 22:59:25]--------------------------------------------------
post:Array
(
)
get:Array
(
    [n] => 1
    [p] => 4
    [v] => 12
)
files:Array
(
)

[2025/06/19 22:59:37]--------------------------------------------------
post:Array
(
)
get:Array
(
    [n] => 1
    [p] => 4
    [v] => 12
)
files:Array
(
)

[2025/06/19 22:59:41]--------------------------------------------------
post:Array
(
)
get:Array
(
    [n] => 2
    [v] => 12
    [p] => 4
    [m] => 143
    [mn] => 3
    [fd] => waza1_1
    [va] => 2
)
files:Array
(
)

[2025/06/19 22:59:53]--------------------------------------------------
post:Array
(
)
get:Array
(
    [n] => 2
    [v] => 12
    [p] => 4
    [m] => 143
    [mn] => 3
    [fd] => waza2_2
    [va] => 2
)
files:Array
(
)

[2025/06/19 22:59:56]--------------------------------------------------
post:Array
(
)
get:Array
(
    [n] => 1
    [p] => 4
    [v] => 12
)
files:Array
(
)

[2025/06/19 23:00:01]--------------------------------------------------
post:Array
(
)
get:Array
(
    [n] => 1
    [p] => 4
    [v] => 12
)
files:Array
(
)

[2025/06/19 23:00:21]--------------------------------------------------
post:Array
(
)
get:Array
(
    [n] => 2
    [v] => 12
    [p] => 4
    [m] => 143
    [mn] => 4
    [fd] => faul2_2
    [va] => 1
)
files:Array
(
)

[2025/06/19 23:00:25]--------------------------------------------------
post:Array
(
)
get:Array
(
    [n] => 2
    [v] => 12
    [p] => 4
    [m] => 143
    [mn] => 4
    [fd] => waza1_1
    [va] => 1
)
files:Array
(
)

[2025/06/19 23:00:28]--------------------------------------------------
post:Array
(
)
get:Array
(
    [n] => 2
    [v] => 12
    [p] => 4
    [m] => 143
    [mn] => 4
    [fd] => waza2_2
    [va] => 1
)
files:Array
(
)

[2025/06/19 23:00:30]--------------------------------------------------
post:Array
(
)
get:Array
(
    [n] => 2
    [v] => 12
    [p] => 4
    [m] => 143
    [mn] => 4
    [fd] => waza2_3
    [va] => 2
)
files:Array
(
)

[2025/06/19 23:00:33]--------------------------------------------------
post:Array
(
)
get:Array
(
    [n] => 1
    [p] => 4
    [v] => 12
)
files:Array
(
)

[2025/06/19 23:00:38]--------------------------------------------------
post:Array
(
)
get:Array
(
    [n] => 1
    [p] => 4
    [v] => 12
)
files:Array
(
)

[2025/06/19 23:00:44]--------------------------------------------------
post:Array
(
)
get:Array
(
    [n] => 2
    [v] => 12
    [p] => 4
    [m] => 143
    [mn] => 5
    [fd] => faul2_1
    [va] => 2
)
files:Array
(
)

[2025/06/19 23:00:49]--------------------------------------------------
post:Array
(
)
get:Array
(
    [n] => 2
    [v] => 12
    [p] => 4
    [m] => 143
    [mn] => 5
    [fd] => faul1_2
    [va] => 1
)
files:Array
(
)

[2025/06/19 23:00:51]--------------------------------------------------
post:Array
(
)
get:Array
(
    [n] => 2
    [v] => 12
    [p] => 4
    [m] => 143
    [mn] => 5
    [fd] => waza2_1
    [va] => 2
)
files:Array
(
)

[2025/06/19 23:00:55]--------------------------------------------------
post:Array
(
)
get:Array
(
    [n] => 2
    [v] => 12
    [p] => 4
    [m] => 143
    [mn] => 5
    [fd] => waza2_2
    [va] => 1
)
files:Array
(
)

[2025/06/19 23:00:59]--------------------------------------------------
post:Array
(
)
get:Array
(
    [n] => 1
    [p] => 4
    [v] => 12
)
files:Array
(
)

[2025/06/19 23:01:02]--------------------------------------------------
post:Array
(
)
get:Array
(
    [n] => 1
    [p] => 4
    [v] => 12
)
files:Array
(
)

[2025/06/19 23:01:09]--------------------------------------------------
post:Array
(
)
get:Array
(
    [n] => 1
    [p] => 4
    [v] => 12
)
files:Array
(
)

[2025/06/19 23:01:10]--------------------------------------------------
post:Array
(
)
get:Array
(
    [n] => 1
    [p] => 4
    [v] => 12
)
files:Array
(
)

[2025/06/19 23:01:13]--------------------------------------------------
post:Array
(
)
get:Array
(
    [n] => 1
    [p] => 4
    [v] => 12
)
files:Array
(
)

[2025/06/19 23:01:21]--------------------------------------------------
post:Array
(
)
get:Array
(
    [n] => 1
    [p] => 4
    [v] => 12
)
files:Array
(
)

[2025/06/19 23:01:26]--------------------------------------------------
post:Array
(
)
get:Array
(
    [n] => 2
    [v] => 12
    [p] => 4
    [m] => 145
    [mn] => 1
    [fd] => waza1_1
    [va] => 1
)
files:Array
(
)

[2025/06/19 23:01:29]--------------------------------------------------
post:Array
(
)
get:Array
(
    [n] => 1
    [p] => 4
    [v] => 12
)
files:Array
(
)

[2025/06/19 23:01:32]--------------------------------------------------
post:Array
(
)
get:Array
(
    [n] => 1
    [p] => 4
    [v] => 12
)
files:Array
(
)

[2025/06/19 23:01:37]--------------------------------------------------
post:Array
(
)
get:Array
(
    [n] => 2
    [v] => 12
    [p] => 4
    [m] => 145
    [mn] => 2
    [fd] => waza2_1
    [va] => 1
)
files:Array
(
)

[2025/06/19 23:01:38]--------------------------------------------------
post:Array
(
)
get:Array
(
    [n] => 1
    [p] => 4
    [v] => 12
)
files:Array
(
)

[2025/06/19 23:01:42]--------------------------------------------------
post:Array
(
)
get:Array
(
    [n] => 1
    [p] => 4
    [v] => 12
)
files:Array
(
)

[2025/06/19 23:01:46]--------------------------------------------------
post:Array
(
)
get:Array
(
    [n] => 2
    [v] => 12
    [p] => 4
    [m] => 145
    [mn] => 3
    [fd] => waza1_1
    [va] => 1
)
files:Array
(
)

[2025/06/19 23:01:47]--------------------------------------------------
post:Array
(
)
get:Array
(
    [n] => 1
    [p] => 4
    [v] => 12
)
files:Array
(
)

[2025/06/19 23:01:53]--------------------------------------------------
post:Array
(
)
get:Array
(
    [n] => 1
    [p] => 4
    [v] => 12
)
files:Array
(
)

[2025/06/19 23:01:54]--------------------------------------------------
post:Array
(
)
get:Array
(
    [n] => 1
    [p] => 4
    [v] => 12
)
files:Array
(
)

[2025/06/19 23:02:00]--------------------------------------------------
post:Array
(
)
get:Array
(
    [n] => 1
    [p] => 4
    [v] => 12
)
files:Array
(
)

[2025/06/19 23:02:05]--------------------------------------------------
post:Array
(
)
get:Array
(
    [n] => 2
    [v] => 12
    [p] => 4
    [m] => 145
    [mn] => 4
    [fd] => waza2_1
    [va] => 5
)
files:Array
(
)

[2025/06/19 23:02:06]--------------------------------------------------
post:Array
(
)
get:Array
(
    [n] => 2
    [v] => 12
    [p] => 4
    [m] => 145
    [mn] => 4
    [fd] => waza2_2
    [va] => 5
)
files:Array
(
)

[2025/06/19 23:02:08]--------------------------------------------------
post:Array
(
)
get:Array
(
    [n] => 1
    [p] => 4
    [v] => 12
)
files:Array
(
)

[2025/06/19 23:02:11]--------------------------------------------------
post:Array
(
)
get:Array
(
    [n] => 1
    [p] => 4
    [v] => 12
)
files:Array
(
)

[2025/06/19 23:02:14]--------------------------------------------------
post:Array
(
)
get:Array
(
    [n] => 2
    [v] => 12
    [p] => 4
    [m] => 145
    [mn] => 5
    [fd] => waza2_1
    [va] => 5
)
files:Array
(
)

[2025/06/19 23:02:16]--------------------------------------------------
post:Array
(
)
get:Array
(
    [n] => 2
    [v] => 12
    [p] => 4
    [m] => 145
    [mn] => 5
    [fd] => waza2_2
    [va] => 5
)
files:Array
(
)

[2025/06/19 23:02:17]--------------------------------------------------
post:Array
(
)
get:Array
(
    [n] => 1
    [p] => 4
    [v] => 12
)
files:Array
(
)

[2025/06/19 23:02:26]--------------------------------------------------
post:Array
(
)
get:Array
(
    [n] => 1
    [p] => 4
    [v] => 12
)
files:Array
(
)

[2025/06/19 23:02:46]--------------------------------------------------
post:Array
(
)
get:Array
(
    [n] => 1
    [p] => 4
    [v] => 12
)
files:Array
(
)

[2025/06/19 23:02:49]--------------------------------------------------
post:Array
(
)
get:Array
(
    [n] => 1
    [p] => 4
    [v] => 12
)
files:Array
(
)

[2025/06/19 23:02:50]--------------------------------------------------
post:Array
(
)
get:Array
(
    [n] => 1
    [p] => 4
    [v] => 12
)
files:Array
(
)

[2025/06/19 23:02:53]--------------------------------------------------
post:Array
(
)
get:Array
(
    [n] => 1
    [p] => 4
    [v] => 12
)
files:Array
(
)

[2025/06/19 23:02:53]--------------------------------------------------
post:Array
(
)
get:Array
(
    [n] => 1
    [p] => 4
    [v] => 12
)
files:Array
(
)

[2025/06/19 23:02:55]--------------------------------------------------
post:Array
(
)
get:Array
(
    [n] => 1
    [p] => 4
    [v] => 12
)
files:Array
(
)

[2025/06/19 23:03:04]--------------------------------------------------
post:Array
(
)
get:Array
(
    [n] => 1
    [p] => 4
    [v] => 12
)
files:Array
(
)

[2025/06/19 23:03:18]--------------------------------------------------
post:Array
(
)
get:Array
(
    [n] => 1
    [p] => 4
    [v] => 12
)
files:Array
(
)

[2025/06/19 23:03:26]--------------------------------------------------
post:Array
(
)
get:Array
(
    [n] => 1
    [p] => 4
    [v] => 12
)
files:Array
(
)

[2025/06/19 23:03:28]--------------------------------------------------
post:Array
(
)
get:Array
(
    [n] => 1
    [p] => 4
    [v] => 12
)
files:Array
(
)

[2025/06/19 23:03:38]--------------------------------------------------
post:Array
(
)
get:Array
(
    [n] => 1
    [p] => 4
    [v] => 12
)
files:Array
(
)

[2025/06/19 23:03:42]--------------------------------------------------
post:Array
(
)
get:Array
(
    [n] => 2
    [v] => 12
    [p] => 4
    [m] => 142
    [mn] => 2
    [fd] => faul1_2
    [va] => 1
)
files:Array
(
)

[2025/06/19 23:03:44]--------------------------------------------------
post:Array
(
)
get:Array
(
    [n] => 2
    [v] => 12
    [p] => 4
    [m] => 142
    [mn] => 2
    [fd] => waza1_1
    [va] => 1
)
files:Array
(
)

[2025/06/19 23:03:46]--------------------------------------------------
post:Array
(
)
get:Array
(
    [n] => 1
    [p] => 4
    [v] => 12
)
files:Array
(
)

[2025/06/19 23:03:50]--------------------------------------------------
post:Array
(
)
get:Array
(
    [n] => 1
    [p] => 4
    [v] => 12
)
files:Array
(
)

[2025/06/19 23:03:53]--------------------------------------------------
post:Array
(
)
get:Array
(
    [n] => 2
    [v] => 12
    [p] => 4
    [m] => 142
    [mn] => 3
    [fd] => faul2_2
    [va] => 1
)
files:Array
(
)

[2025/06/19 23:03:55]--------------------------------------------------
post:Array
(
)
get:Array
(
    [n] => 2
    [v] => 12
    [p] => 4
    [m] => 142
    [mn] => 3
    [fd] => waza2_1
    [va] => 1
)
files:Array
(
)

[2025/06/19 23:03:56]--------------------------------------------------
post:Array
(
)
get:Array
(
    [n] => 1
    [p] => 4
    [v] => 12
)
files:Array
(
)

[2025/06/19 23:04:08]--------------------------------------------------
post:Array
(
)
get:Array
(
    [n] => 1
    [p] => 4
    [v] => 12
)
files:Array
(
)

[2025/06/19 23:04:11]--------------------------------------------------
post:Array
(
)
get:Array
(
    [n] => 2
    [v] => 12
    [p] => 4
    [m] => 142
    [mn] => 4
    [fd] => waza2_1
    [va] => 1
)
files:Array
(
)

[2025/06/19 23:04:12]--------------------------------------------------
post:Array
(
)
get:Array
(
    [n] => 1
    [p] => 4
    [v] => 12
)
files:Array
(
)

[2025/06/19 23:04:17]--------------------------------------------------
post:Array
(
)
get:Array
(
    [n] => 1
    [p] => 4
    [v] => 12
)
files:Array
(
)

[2025/06/19 23:04:19]--------------------------------------------------
post:Array
(
)
get:Array
(
    [n] => 2
    [v] => 12
    [p] => 4
    [m] => 142
    [mn] => 5
    [fd] => waza1_1
    [va] => 1
)
files:Array
(
)

[2025/06/19 23:04:21]--------------------------------------------------
post:Array
(
)
get:Array
(
    [n] => 2
    [v] => 12
    [p] => 4
    [m] => 142
    [mn] => 5
    [fd] => waza1_2
    [va] => 1
)
files:Array
(
)

[2025/06/19 23:04:22]--------------------------------------------------
post:Array
(
)
get:Array
(
    [n] => 1
    [p] => 4
    [v] => 12
)
files:Array
(
)

[2025/06/19 23:04:27]--------------------------------------------------
post:Array
(
)
get:Array
(
    [n] => 1
    [p] => 4
    [v] => 12
)
files:Array
(
)

[2025/06/19 23:04:32]--------------------------------------------------
post:Array
(
)
get:Array
(
    [n] => 1
    [p] => 4
    [v] => 12
)
files:Array
(
)

[2025/06/19 23:05:11]--------------------------------------------------
post:Array
(
)
get:Array
(
    [n] => 1
    [p] => 4
    [v] => 12
)
files:Array
(
)

[2025/06/19 23:06:03]--------------------------------------------------
post:Array
(
)
get:Array
(
    [n] => 1
    [p] => 4
    [v] => 12
)
files:Array
(
)

[2025/06/19 23:06:08]--------------------------------------------------
post:Array
(
)
get:Array
(
    [n] => 2
    [v] => 12
    [p] => 4
    [m] => 146
    [mn] => 5
    [fd] => waza2_2
    [va] => 1
)
files:Array
(
)

[2025/06/19 23:06:09]--------------------------------------------------
post:Array
(
)
get:Array
(
    [n] => 1
    [p] => 4
    [v] => 12
)
files:Array
(
)

[2025/06/19 23:06:15]--------------------------------------------------
post:Array
(
)
get:Array
(
    [n] => 1
    [p] => 4
    [v] => 12
)
files:Array
(
)

[2025/06/19 23:07:07]--------------------------------------------------
post:Array
(
)
get:Array
(
    [n] => 1
    [p] => 4
    [v] => 12
)
files:Array
(
)

[2025/06/19 23:07:15]--------------------------------------------------
post:Array
(
)
get:Array
(
    [n] => 1
    [p] => 4
    [v] => 12
)
files:Array
(
)

[2025/06/19 23:07:22]--------------------------------------------------
post:Array
(
)
get:Array
(
    [n] => 1
    [p] => 4
    [v] => 12
)
files:Array
(
)

[2025/06/19 23:07:28]--------------------------------------------------
post:Array
(
)
get:Array
(
    [n] => 1
    [p] => 4
    [v] => 12
)
files:Array
(
)

[2025/06/19 23:07:37]--------------------------------------------------
post:Array
(
)
get:Array
(
    [n] => 1
    [p] => 4
    [v] => 12
)
files:Array
(
)

[2025/06/19 23:07:52]--------------------------------------------------
post:Array
(
)
get:Array
(
    [n] => 1
    [p] => 4
    [v] => 12
)
files:Array
(
)

[2025/06/19 23:07:59]--------------------------------------------------
post:Array
(
)
get:Array
(
    [n] => 1
    [p] => 4
    [v] => 12
)
files:Array
(
)

[2025/06/19 23:08:04]--------------------------------------------------
post:Array
(
)
get:Array
(
    [n] => 1
    [p] => 4
    [v] => 12
)
files:Array
(
)

[2025/06/19 23:08:14]--------------------------------------------------
post:Array
(
)
get:Array
(
    [n] => 1
    [p] => 4
    [v] => 12
)
files:Array
(
)

[2025/06/19 23:18:45]--------------------------------------------------
post:Array
(
)
get:Array
(
    [n] => 1
    [p] => 4
    [v] => 12
)
files:Array
(
)

[2025/06/19 23:18:51]--------------------------------------------------
post:Array
(
)
get:Array
(
    [n] => 1
    [p] => 4
    [v] => 12
)
files:Array
(
)

[2025/06/19 23:18:57]--------------------------------------------------
post:Array
(
)
get:Array
(
    [n] => 1
    [p] => 4
    [v] => 12
)
files:Array
(
)

[2025/06/19 23:19:03]--------------------------------------------------
post:Array
(
)
get:Array
(
    [n] => 1
    [p] => 4
    [v] => 12
)
files:Array
(
)

[2025/06/19 23:19:09]--------------------------------------------------
post:Array
(
)
get:Array
(
    [n] => 1
    [p] => 4
    [v] => 12
)
files:Array
(
)

[2025/06/19 23:19:12]--------------------------------------------------
post:Array
(
)
get:Array
(
    [n] => 1
    [p] => 4
    [v] => 12
)
files:Array
(
)

[2025/06/19 23:19:17]--------------------------------------------------
post:Array
(
)
get:Array
(
    [n] => 1
    [p] => 4
    [v] => 12
)
files:Array
(
)

[2025/06/19 23:19:27]--------------------------------------------------
post:Array
(
)
get:Array
(
    [n] => 1
    [p] => 4
    [v] => 12
)
files:Array
(
)

