[2025/10/31 00:22:13]--------------------------------------------------
post:Array
(
)
get:Array
(
    [n] => 1
    [p] => 1
    [v] => 16
)
files:Array
(
)

[2025/10/31 00:22:26]--------------------------------------------------
post:Array
(
)
get:Array
(
    [n] => 1
    [p] => 6
    [v] => 16
)
files:Array
(
)

[2025/10/31 00:22:44]--------------------------------------------------
post:Array
(
)
get:Array
(
    [n] => 1
    [p] => 6
    [v] => 16
)
files:Array
(
)

[2025/10/31 02:47:08]--------------------------------------------------
post:Array
(
)
get:Array
(
    [n] => 1
    [p] => 1
    [v] => 16
)
files:Array
(
)

[2025/10/31 02:48:33]--------------------------------------------------
post:Array
(
)
get:Array
(
    [n] => 1
    [p] => 1
    [v] => 16
)
files:Array
(
)

[2025/10/31 14:11:03]--------------------------------------------------
post:Array
(
)
get:Array
(
    [n] => 1
    [p] => 1
    [v] => 16
)
files:Array
(
)

[2025/10/31 14:49:28]--------------------------------------------------
post:Array
(
)
get:Array
(
    [n] => 1
    [p] => 1
    [v] => 16
)
files:Array
(
)

[2025/10/31 14:50:35]--------------------------------------------------
post:Array
(
)
get:Array
(
    [n] => 1
    [p] => 1
    [v] => 16
)
files:Array
(
)

[2025/10/31 14:51:48]--------------------------------------------------
post:Array
(
)
get:Array
(
    [n] => 3
    [m] => 67
    [fd] => waza1_1
    [va] => 2
    [p] => 1
    [v] => 16
)
files:Array
(
)

[2025/10/31 15:41:45]--------------------------------------------------
post:Array
(
)
get:Array
(
    [n] => 1
    [p] => 1
    [v] => 16
)
files:Array
(
)

[2025/10/31 15:56:08]--------------------------------------------------
post:Array
(
)
get:Array
(
    [n] => 1
    [p] => 1
    [v] => 16
)
files:Array
(
)

[2025/10/31 15:56:22]--------------------------------------------------
post:Array
(
)
get:Array
(
    [n] => 1
    [p] => 1
    [v] => 16
)
files:Array
(
)

[2025/10/31 15:56:34]--------------------------------------------------
post:Array
(
)
get:Array
(
    [n] => 1
    [p] => 1
    [v] => 16
)
files:Array
(
)

[2025/10/31 15:57:18]--------------------------------------------------
post:Array
(
)
get:Array
(
    [n] => 1
    [p] => 1
    [v] => 16
)
files:Array
(
)

[2025/10/31 15:58:13]--------------------------------------------------
post:Array
(
)
get:Array
(
    [n] => 1
    [p] => 1
    [v] => 16
)
files:Array
(
)

[2025/10/31 16:02:09]--------------------------------------------------
post:Array
(
)
get:Array
(
    [n] => 1
    [p] => 1
    [v] => 16
)
files:Array
(
)

[2025/10/31 16:05:14]--------------------------------------------------
post:Array
(
)
get:Array
(
    [n] => 1
    [p] => 1
    [v] => 16
)
files:Array
(
)

[2025/10/31 16:08:34]--------------------------------------------------
post:Array
(
)
get:Array
(
    [n] => 1
    [p] => 1
    [v] => 16
)
files:Array
(
)

[2025/10/31 16:10:55]--------------------------------------------------
post:Array
(
)
get:Array
(
    [n] => 1
    [p] => 1
    [v] => 16
)
files:Array
(
)

[2025/10/31 16:21:42]--------------------------------------------------
post:Array
(
)
get:Array
(
    [n] => 1
    [p] => 1
    [v] => 16
)
files:Array
(
)

[2025/10/31 16:26:05]--------------------------------------------------
post:Array
(
)
get:Array
(
    [n] => 1
    [p] => 1
    [v] => 16
)
files:Array
(
)

[2025/10/31 16:33:49]--------------------------------------------------
post:Array
(
)
get:Array
(
    [n] => 1
    [p] => 1
    [v] => 16
)
files:Array
(
)

[2025/10/31 16:34:52]--------------------------------------------------
post:Array
(
)
get:Array
(
    [n] => 1
    [p] => 1
    [v] => 16
)
files:Array
(
)

[2025/10/31 16:35:36]--------------------------------------------------
post:Array
(
)
get:Array
(
    [n] => 1
    [p] => 1
    [v] => 16
)
files:Array
(
)

[2025/10/31 16:36:29]--------------------------------------------------
post:Array
(
)
get:Array
(
    [n] => 1
    [p] => 1
    [v] => 16
)
files:Array
(
)

[2025/10/31 16:38:01]--------------------------------------------------
post:Array
(
)
get:Array
(
    [n] => 1
    [p] => 1
    [v] => 16
)
files:Array
(
)

[2025/10/31 16:39:25]--------------------------------------------------
post:Array
(
)
get:Array
(
    [n] => 1
    [p] => 1
    [v] => 16
)
files:Array
(
)

[2025/10/31 16:40:47]--------------------------------------------------
post:Array
(
)
get:Array
(
    [n] => 1
    [p] => 1
    [v] => 16
)
files:Array
(
)

[2025/10/31 16:40:49]--------------------------------------------------
post:Array
(
)
get:Array
(
    [n] => 3
    [m] => 67
    [fd] => waza1_1
    [va] => 0
    [p] => 1
    [v] => 16
)
files:Array
(
)

