[2025/06/17 22:10:17]--------------------------------------------------
post:Array
(
)
get:Array
(
    [n] => 1
    [p] => 1
    [v] => 12
)
session:
server:Array
(
    [USER] => apache
    [HOME] => /usr/share/httpd
    [SCRIPT_NAME] => /result/resultapi.php
    [REQUEST_URI] => /result/resultapi.php?n=1&p=1&v=12
    [QUERY_STRING] => n=1&p=1&v=12
    [REQUEST_METHOD] => GET
    [SERVER_PROTOCOL] => HTTP/1.1
    [GATEWAY_INTERFACE] => CGI/1.1
    [REMOTE_PORT] => 59904
    [SCRIPT_FILENAME] => /var/www/html/result/resultapi.php
    [SERVER_ADMIN] => root@localhost
    [CONTEXT_DOCUMENT_ROOT] => /var/www/html
    [CONTEXT_PREFIX] => 
    [REQUEST_SCHEME] => http
    [DOCUMENT_ROOT] => /var/www/html
    [REMOTE_ADDR] => 192.168.128.126
    [SERVER_PORT] => 80
    [SERVER_ADDR] => 192.168.128.126
    [SERVER_NAME] => 192.168.128.126
    [SERVER_SOFTWARE] => Apache/2.4.63 (Fedora Linux)
    [SERVER_SIGNATURE] => 
    [PATH] => /usr/local/bin:/usr/bin
    [HTTP_CONNECTION] => close
    [HTTP_HOST] => 192.168.128.126
    [proxy-nokeepalive] => 1
    [UNIQUE_ID] => aFHnyaV0kOAz6L1_xkkYfwAAAEg
    [FCGI_ROLE] => RESPONDER
    [PHP_SELF] => /result/resultapi.php
    [REQUEST_TIME_FLOAT] => 1750198217.7306
    [REQUEST_TIME] => 1750198217
)

files:Array
(
)

