[2025/10/14 02:16:24]--------------------------------------------------
post:Array
(
)
get:Array
(
    [n] => 1
    [p] => 1
    [v] => 9
)
files:Array
(
)

[2025/10/14 02:21:10]--------------------------------------------------
post:Array
(
)
get:Array
(
    [n] => 1
    [p] => 1
    [v] => 9
)
files:Array
(
)

[2025/10/14 02:21:10]--------------------------------------------------
post:Array
(
)
get:Array
(
    [n] => 1
    [p] => 1
    [v] => 9
)
files:Array
(
)

[2025/10/14 02:27:26]--------------------------------------------------
post:Array
(
)
get:Array
(
    [n] => 1
    [p] => 1
    [v] => 9
)
files:Array
(
)

[2025/10/14 02:27:34]--------------------------------------------------
post:Array
(
)
get:Array
(
    [n] => 1
    [p] => 1
    [v] => 9
)
files:Array
(
)

[2025/10/14 02:27:37]--------------------------------------------------
post:Array
(
)
get:Array
(
    [n] => 1
    [p] => 1
    [v] => 9
)
files:Array
(
)

[2025/10/14 02:27:43]--------------------------------------------------
post:Array
(
)
get:Array
(
    [n] => 1
    [p] => 1
    [v] => 9
)
files:Array
(
)

[2025/10/14 02:27:48]--------------------------------------------------
post:Array
(
)
get:Array
(
    [n] => 2
    [v] => 9
    [p] => 1
    [m] => 1
    [mn] => 1
    [fd] => waza1_1
    [va] => 1
)
files:Array
(
)

[2025/10/14 02:27:52]--------------------------------------------------
post:Array
(
)
get:Array
(
    [n] => 2
    [v] => 9
    [p] => 1
    [m] => 1
    [mn] => 1
    [fd] => waza1_1
    [va] => 0
)
files:Array
(
)

[2025/10/14 02:27:54]--------------------------------------------------
post:Array
(
)
get:Array
(
    [n] => 1
    [p] => 1
    [v] => 9
)
files:Array
(
)

[2025/10/14 02:29:07]--------------------------------------------------
post:Array
(
)
get:Array
(
    [n] => 1
    [p] => 1
    [v] => 9
)
files:Array
(
)

[2025/10/14 02:29:39]--------------------------------------------------
post:Array
(
)
get:Array
(
    [n] => 1
    [p] => 2
    [v] => 9
)
files:Array
(
)

[2025/10/14 02:30:10]--------------------------------------------------
post:Array
(
)
get:Array
(
    [n] => 1
    [p] => 2
    [v] => 9
)
files:Array
(
)

[2025/10/14 02:30:13]--------------------------------------------------
post:Array
(
)
get:Array
(
    [n] => 1
    [p] => 2
    [v] => 9
)
files:Array
(
)

[2025/10/14 02:30:13]--------------------------------------------------
post:Array
(
)
get:Array
(
    [n] => 1
    [p] => 2
    [v] => 9
)
files:Array
(
)

[2025/10/14 02:33:27]--------------------------------------------------
post:Array
(
)
get:Array
(
    [n] => 1
    [p] => 3
    [v] => 9
)
files:Array
(
)

[2025/10/14 02:33:55]--------------------------------------------------
post:Array
(
)
get:Array
(
    [n] => 1
    [p] => 3
    [v] => 9
)
files:Array
(
)

[2025/10/14 02:33:55]--------------------------------------------------
post:Array
(
)
get:Array
(
    [n] => 1
    [p] => 3
    [v] => 9
)
files:Array
(
)

[2025/10/14 02:34:00]--------------------------------------------------
post:Array
(
)
get:Array
(
    [n] => 1
    [p] => 3
    [v] => 9
)
files:Array
(
)

[2025/10/14 02:34:30]--------------------------------------------------
post:Array
(
)
get:Array
(
    [n] => 1
    [p] => 4
    [v] => 9
)
files:Array
(
)

[2025/10/14 02:34:34]--------------------------------------------------
post:Array
(
)
get:Array
(
    [n] => 1
    [p] => 4
    [v] => 9
)
files:Array
(
)

[2025/10/14 02:34:35]--------------------------------------------------
post:Array
(
)
get:Array
(
    [n] => 1
    [p] => 4
    [v] => 9
)
files:Array
(
)

[2025/10/14 02:35:13]--------------------------------------------------
post:Array
(
)
get:Array
(
    [n] => 1
    [p] => 4
    [v] => 9
)
files:Array
(
)

[2025/10/14 02:41:18]--------------------------------------------------
post:Array
(
)
get:Array
(
    [n] => 1
    [p] => 4
    [v] => 9
)
files:Array
(
)

[2025/10/14 02:41:23]--------------------------------------------------
post:Array
(
)
get:Array
(
    [n] => 2
    [v] => 9
    [p] => 4
    [m] => 169
    [mn] => 1
    [fd] => waza1_1
    [va] => 1
)
files:Array
(
)

[2025/10/14 02:45:51]--------------------------------------------------
post:Array
(
)
get:Array
(
    [n] => 2
    [v] => 9
    [p] => 4
    [m] => 169
    [mn] => 1
    [fd] => waza1_1
    [va] => 0
)
files:Array
(
)

[2025/10/14 02:45:53]--------------------------------------------------
post:Array
(
)
get:Array
(
    [n] => 1
    [p] => 4
    [v] => 9
)
files:Array
(
)

