[2025/10/30 23:28:32]--------------------------------------------------
post:Array
(
)
get:Array
(
    [n] => 1
    [p] => 9
    [v] => 16
)
files:Array
(
)

[2025/10/30 23:29:53]--------------------------------------------------
post:Array
(
)
get:Array
(
    [n] => 1
    [p] => 9
    [v] => 16
)
files:Array
(
)

[2025/10/30 23:30:15]--------------------------------------------------
post:Array
(
)
get:Array
(
    [n] => 1
    [p] => 5
    [v] => 16
)
files:Array
(
)

[2025/10/30 23:38:16]--------------------------------------------------
post:Array
(
)
get:Array
(
    [n] => 1
    [p] => 7
    [v] => 16
)
files:Array
(
)

[2025/10/30 23:39:52]--------------------------------------------------
post:Array
(
)
get:Array
(
    [n] => 1
    [p] => 3
    [v] => 16
)
files:Array
(
)

[2025/10/30 23:40:54]--------------------------------------------------
post:Array
(
)
get:Array
(
    [n] => 1
    [p] => 6
    [v] => 16
)
files:Array
(
)

[2025/10/30 23:42:56]--------------------------------------------------
post:Array
(
)
get:Array
(
    [n] => 1
    [p] => 3
    [v] => 16
)
files:Array
(
)

[2025/10/30 23:43:27]--------------------------------------------------
post:Array
(
)
get:Array
(
    [n] => 1
    [p] => 5
    [v] => 16
)
files:Array
(
)

[2025/10/30 23:43:52]--------------------------------------------------
post:Array
(
)
get:Array
(
    [n] => 1
    [p] => 9
    [v] => 16
)
files:Array
(
)

[2025/10/30 23:43:57]--------------------------------------------------
post:Array
(
)
get:Array
(
    [n] => 1
    [p] => 9
    [v] => 16
)
files:Array
(
)

[2025/10/30 23:47:23]--------------------------------------------------
post:Array
(
)
get:Array
(
    [n] => 1
    [p] => 9
    [v] => 16
)
files:Array
(
)

