[2025/10/20 00:05:04]--------------------------------------------------
post:Array
(
)
get:Array
(
    [n] => 1
    [p] => 1
    [v] => 9
)
files:Array
(
)

[2025/10/20 00:05:07]--------------------------------------------------
post:Array
(
)
get:Array
(
    [n] => 1
    [p] => 1
    [v] => 9
)
files:Array
(
)

[2025/10/20 00:05:11]--------------------------------------------------
post:Array
(
)
get:Array
(
    [n] => 1
    [p] => 1
    [v] => 9
)
files:Array
(
)

[2025/10/20 00:05:15]--------------------------------------------------
post:Array
(
)
get:Array
(
    [n] => 1
    [p] => 1
    [v] => 9
)
files:Array
(
)

[2025/10/20 00:05:18]--------------------------------------------------
post:Array
(
)
get:Array
(
    [n] => 1
    [p] => 1
    [v] => 9
)
files:Array
(
)

[2025/10/20 00:05:21]--------------------------------------------------
post:Array
(
)
get:Array
(
    [n] => 1
    [p] => 1
    [v] => 9
)
files:Array
(
)

[2025/10/20 00:05:22]--------------------------------------------------
post:Array
(
)
get:Array
(
    [n] => 1
    [p] => 1
    [v] => 9
)
files:Array
(
)

[2025/10/20 00:05:25]--------------------------------------------------
post:Array
(
)
get:Array
(
    [n] => 1
    [p] => 1
    [v] => 9
)
files:Array
(
)

[2025/10/20 00:05:28]--------------------------------------------------
post:Array
(
)
get:Array
(
    [n] => 1
    [p] => 1
    [v] => 9
)
files:Array
(
)

[2025/10/20 00:06:09]--------------------------------------------------
post:Array
(
)
get:Array
(
    [n] => 1
    [p] => 1
    [v] => 9
)
files:Array
(
)

[2025/10/20 00:06:11]--------------------------------------------------
post:Array
(
)
get:Array
(
    [n] => 1
    [p] => 1
    [v] => 9
)
files:Array
(
)

[2025/10/20 00:06:15]--------------------------------------------------
post:Array
(
)
get:Array
(
    [n] => 1
    [p] => 1
    [v] => 9
)
files:Array
(
)

[2025/10/20 00:06:17]--------------------------------------------------
post:Array
(
)
get:Array
(
    [n] => 2
    [v] => 9
    [p] => 1
    [m] => 232
    [mn] => 5
    [fd] => waza1_1
    [va] => 1
)
files:Array
(
)

[2025/10/20 00:06:19]--------------------------------------------------
post:Array
(
)
get:Array
(
    [n] => 1
    [p] => 1
    [v] => 9
)
files:Array
(
)

[2025/10/20 00:07:16]--------------------------------------------------
post:Array
(
)
get:Array
(
    [n] => 1
    [p] => 1
    [v] => 9
)
files:Array
(
)

[2025/10/20 00:07:19]--------------------------------------------------
post:Array
(
)
get:Array
(
    [n] => 1
    [p] => 1
    [v] => 9
)
files:Array
(
)

[2025/10/20 00:07:23]--------------------------------------------------
post:Array
(
)
get:Array
(
    [n] => 1
    [p] => 1
    [v] => 9
)
files:Array
(
)

